# project mpv configured on Mon May 25 14:24:58 2020 by
# waf 2.0.9 (abi 20, python 20710f0 on linux2)
# using ./waf configure --enable-dvdnav --enable-libmpv-shared
#
----------------------------------------
Setting top to
/data/home/depend/lmh/0523/mpv-0.29.1.1
----------------------------------------
Setting out to
/data/home/depend/lmh/0523/mpv-0.29.1.1/build
----------------------------------------
Checking for waf version in 1.8.4-2.1.0
ok
----------------------------------------
Checking for program 'cc'
/usr/bin/cc
find program=['cc'] paths=['/usr/local/sbin', '/usr/local/bin', '/usr/sbin', '/usr/bin', '/sbin', '/bin'] var='CC' -> ['/usr/bin/cc']
----------------------------------------
Checking for program 'pkg-config'
/usr/bin/pkg-config
find program=['pkg-config'] paths=['/usr/local/sbin', '/usr/local/bin', '/usr/sbin', '/usr/bin', '/sbin', '/bin'] var='PKG_CONFIG' -> ['/usr/bin/pkg-config']
----------------------------------------
Checking for program 'ar'
/usr/bin/ar
find program=['ar'] paths=['/usr/local/sbin', '/usr/local/bin', '/usr/sbin', '/usr/bin', '/sbin', '/bin'] var='AR' -> ['/usr/bin/ar']
----------------------------------------
Checking for program 'rst2html'
not found
find program=['rst2html'] paths=['/usr/local/sbin', '/usr/local/bin', '/usr/sbin', '/usr/bin', '/sbin', '/bin'] var='RST2HTML' -> None
from /data/home/depend/lmh/0523/mpv-0.29.1.1: Could not find the program ['rst2html']
----------------------------------------
Checking for program 'rst2man'
not found
find program=['rst2man'] paths=['/usr/local/sbin', '/usr/local/bin', '/usr/sbin', '/usr/bin', '/sbin', '/bin'] var='RST2MAN' -> None
from /data/home/depend/lmh/0523/mpv-0.29.1.1: Could not find the program ['rst2man']
----------------------------------------
Checking for program 'rst2pdf'
not found
find program=['rst2pdf'] paths=['/usr/local/sbin', '/usr/local/bin', '/usr/sbin', '/usr/bin', '/sbin', '/bin'] var='RST2PDF' -> None
from /data/home/depend/lmh/0523/mpv-0.29.1.1: Could not find the program ['rst2pdf']
----------------------------------------
Checking for program 'windres'
not found
find program=['windres'] paths=['/usr/local/sbin', '/usr/local/bin', '/usr/sbin', '/usr/bin', '/sbin', '/bin'] var='WINDRES' -> None
from /data/home/depend/lmh/0523/mpv-0.29.1.1: Could not find the program ['windres']
----------------------------------------
Checking for program 'perl'
/usr/bin/perl
find program=['perl'] paths=['/usr/local/sbin', '/usr/local/bin', '/usr/sbin', '/usr/bin', '/sbin', '/bin'] var='BIN_PERL' -> ['/usr/bin/perl']
----------------------------------------
Checking for 'gcc' (C compiler)
find program=['gcc', 'cc'] paths=['/usr/local/sbin', '/usr/local/bin', '/usr/sbin', '/usr/bin', '/sbin', '/bin'] var='CC' -> ['/usr/bin/cc']
['/usr/bin/cc', '-dM', '-E', '-']
out: #define __DBL_MIN_EXP__ (-1021)
#define __FLT32X_MAX_EXP__ 1024
#define __UINT_LEAST16_MAX__ 0xffff
#define __ATOMIC_ACQUIRE 2
#define __FLT128_MAX_10_EXP__ 4932
#define __FLT_MIN__ 1.17549435082228750796873653722224568e-38F
#define __GCC_IEC_559_COMPLEX 2
#define __UINT_LEAST8_TYPE__ unsigned char
#define __SIZEOF_FLOAT80__ 16
#define __INTMAX_C(c) c ## L
#define __CHAR_BIT__ 8
#define __UINT8_MAX__ 0xff
#define __WINT_MAX__ 0xffffffffU
#define __FLT32_MIN_EXP__ (-125)
#define __ORDER_LITTLE_ENDIAN__ 1234
#define __SIZE_MAX__ 0xffffffffffffffffUL
#define __WCHAR_MAX__ 0x7fffffff
#define __GCC_HAVE_SYNC_COMPARE_AND_SWAP_1 1
#define __GCC_HAVE_SYNC_COMPARE_AND_SWAP_2 1
#define __GCC_HAVE_SYNC_COMPARE_AND_SWAP_4 1
#define __DBL_DENORM_MIN__ ((double)4.94065645841246544176568792868221372e-324L)
#define __GCC_HAVE_SYNC_COMPARE_AND_SWAP_8 1
#define __GCC_ATOMIC_CHAR_LOCK_FREE 2
#define __GCC_IEC_559 2
#define __FLT32X_DECIMAL_DIG__ 17
#define __FLT_EVAL_METHOD__ 0
#define __unix__ 1
#define __FLT64_DECIMAL_DIG__ 17
#define __GCC_ATOMIC_CHAR32_T_LOCK_FREE 2
#define __x86_64 1
#define __UINT_FAST64_MAX__ 0xffffffffffffffffUL
#define __SIG_ATOMIC_TYPE__ int
#define __DBL_MIN_10_EXP__ (-307)
#define __FINITE_MATH_ONLY__ 0
#define __GNUC_PATCHLEVEL__ 0
#define __FLT32_HAS_DENORM__ 1
#define __UINT_FAST8_MAX__ 0xff
#define __has_include(STR) __has_include__(STR)
#define __DEC64_MAX_EXP__ 385
#define __INT8_C(c) c
#define __INT_LEAST8_WIDTH__ 8
#define __UINT_LEAST64_MAX__ 0xffffffffffffffffUL
#define __SHRT_MAX__ 0x7fff
#define __LDBL_MAX__ 1.18973149535723176502126385303097021e+4932L
#define __FLT64X_MAX_10_EXP__ 4932
#define __UINT_LEAST8_MAX__ 0xff
#define __GCC_ATOMIC_BOOL_LOCK_FREE 2
#define __FLT128_DENORM_MIN__ 6.47517511943802511092443895822764655e-4966F128
#define __UINTMAX_TYPE__ long unsigned int
#define __linux 1
#define __DEC32_EPSILON__ 1E-6DF
#define __FLT_EVAL_METHOD_TS_18661_3__ 0
#define __unix 1
#define __UINT32_MAX__ 0xffffffffU
#define __LDBL_MAX_EXP__ 16384
#define __FLT128_MIN_EXP__ (-16381)
#define __WINT_MIN__ 0U
#define __linux__ 1
#define __FLT128_MIN_10_EXP__ (-4931)
#define __INT_LEAST16_WIDTH__ 16
#define __SCHAR_MAX__ 0x7f
#define __FLT128_MANT_DIG__ 113
#define __WCHAR_MIN__ (-__WCHAR_MAX__ - 1)
#define __INT64_C(c) c ## L
#define __DBL_DIG__ 15
#define __GCC_ATOMIC_POINTER_LOCK_FREE 2
#define __FLT64X_MANT_DIG__ 64
#define __SIZEOF_INT__ 4
#define __SIZEOF_POINTER__ 8
#define __USER_LABEL_PREFIX__ 
#define __FLT64X_EPSILON__ 1.08420217248550443400745280086994171e-19F64x
#define __STDC_HOSTED__ 1
#define __LDBL_HAS_INFINITY__ 1
#define __FLT32_DIG__ 6
#define __FLT_EPSILON__ 1.19209289550781250000000000000000000e-7F
#define __SHRT_WIDTH__ 16
#define __LDBL_MIN__ 3.36210314311209350626267781732175260e-4932L
#define __STDC_UTF_16__ 1
#define __DEC32_MAX__ 9.999999E96DF
#define __FLT64X_DENORM_MIN__ 3.64519953188247460252840593361941982e-4951F64x
#define __FLT32X_HAS_INFINITY__ 1
#define __INT32_MAX__ 0x7fffffff
#define __INT_WIDTH__ 32
#define __SIZEOF_LONG__ 8
#define __STDC_IEC_559__ 1
#define __STDC_ISO_10646__ 201706L
#define __UINT16_C(c) c
#define __PTRDIFF_WIDTH__ 64
#define __DECIMAL_DIG__ 21
#define __FLT64_EPSILON__ 2.22044604925031308084726333618164062e-16F64
#define __gnu_linux__ 1
#define __INTMAX_WIDTH__ 64
#define __has_include_next(STR) __has_include_next__(STR)
#define __FLT64X_MIN_10_EXP__ (-4931)
#define __LDBL_HAS_QUIET_NAN__ 1
#define __FLT64_MANT_DIG__ 53
#define __GNUC__ 8
#define __MMX__ 1
#define __FLT_HAS_DENORM__ 1
#define __SIZEOF_LONG_DOUBLE__ 16
#define __BIGGEST_ALIGNMENT__ 16
#define __FLT64_MAX_10_EXP__ 308
#define __DBL_MAX__ ((double)1.79769313486231570814527423731704357e+308L)
#define __INT_FAST32_MAX__ 0x7fffffffffffffffL
#define __DBL_HAS_INFINITY__ 1
#define __DEC32_MIN_EXP__ (-94)
#define __INTPTR_WIDTH__ 64
#define __FLT32X_HAS_DENORM__ 1
#define __INT_FAST16_TYPE__ long int
#define __LDBL_HAS_DENORM__ 1
#define __FLT128_HAS_INFINITY__ 1
#define __DEC128_MAX__ 9.999999999999999999999999999999999E6144DL
#define __INT_LEAST32_MAX__ 0x7fffffff
#define __DEC32_MIN__ 1E-95DF
#define __DBL_MAX_EXP__ 1024
#define __WCHAR_WIDTH__ 32
#define __FLT32_MAX__ 3.40282346638528859811704183484516925e+38F32
#define __DEC128_EPSILON__ 1E-33DL
#define __SSE2_MATH__ 1
#define __ATOMIC_HLE_RELEASE 131072
#define __PTRDIFF_MAX__ 0x7fffffffffffffffL
#define __amd64 1
#define __ATOMIC_HLE_ACQUIRE 65536
#define __FLT32_HAS_QUIET_NAN__ 1
#define __LONG_LONG_MAX__ 0x7fffffffffffffffLL
#define __SIZEOF_SIZE_T__ 8
#define __FLT64X_MIN_EXP__ (-16381)
#define __SIZEOF_WINT_T__ 4
#define __LONG_LONG_WIDTH__ 64
#define __FLT32_MAX_EXP__ 128
#define __GCC_HAVE_DWARF2_CFI_ASM 1
#define __GXX_ABI_VERSION 1013
#define __FLT_MIN_EXP__ (-125)
#define __FLT64X_HAS_QUIET_NAN__ 1
#define __INT_FAST64_TYPE__ long int
#define __FLT64_DENORM_MIN__ 4.94065645841246544176568792868221372e-324F64
#define __DBL_MIN__ ((double)2.22507385850720138309023271733240406e-308L)
#define __LP64__ 1
#define __FLT32X_EPSILON__ 2.22044604925031308084726333618164062e-16F32x
#define __DECIMAL_BID_FORMAT__ 1
#define __FLT64_MIN_EXP__ (-1021)
#define __FLT64_MIN_10_EXP__ (-307)
#define __FLT64X_DECIMAL_DIG__ 21
#define __DEC128_MIN__ 1E-6143DL
#define __REGISTER_PREFIX__ 
#define __UINT16_MAX__ 0xffff
#define __DBL_HAS_DENORM__ 1
#define __FLT32_MIN__ 1.17549435082228750796873653722224568e-38F32
#define __UINT8_TYPE__ unsigned char
#define __NO_INLINE__ 1
#define __FLT_MANT_DIG__ 24
#define __LDBL_DECIMAL_DIG__ 21
#define __VERSION__ "8.3.0"
#define __UINT64_C(c) c ## UL
#define _STDC_PREDEF_H 1
#define __GCC_ATOMIC_INT_LOCK_FREE 2
#define __FLT128_MAX_EXP__ 16384
#define __FLT32_MANT_DIG__ 24
#define __FLOAT_WORD_ORDER__ __ORDER_LITTLE_ENDIAN__
#define __STDC_IEC_559_COMPLEX__ 1
#define __FLT128_HAS_DENORM__ 1
#define __FLT128_DIG__ 33
#define __SCHAR_WIDTH__ 8
#define __INT32_C(c) c
#define __DEC64_EPSILON__ 1E-15DD
#define __ORDER_PDP_ENDIAN__ 3412
#define __DEC128_MIN_EXP__ (-6142)
#define __FLT32_MAX_10_EXP__ 38
#define __INT_FAST32_TYPE__ long int
#define __UINT_LEAST16_TYPE__ short unsigned int
#define __FLT64X_HAS_INFINITY__ 1
#define unix 1
#define __INT16_MAX__ 0x7fff
#define __SIZE_TYPE__ long unsigned int
#define __UINT64_MAX__ 0xffffffffffffffffUL
#define __FLT64X_DIG__ 18
#define __INT8_TYPE__ signed char
#define __ELF__ 1
#define __GCC_ASM_FLAG_OUTPUTS__ 1
#define __FLT_RADIX__ 2
#define __INT_LEAST16_TYPE__ short int
#define __LDBL_EPSILON__ 1.08420217248550443400745280086994171e-19L
#define __UINTMAX_C(c) c ## UL
#define __SSE_MATH__ 1
#define __k8 1
#define __SIG_ATOMIC_MAX__ 0x7fffffff
#define __GCC_ATOMIC_WCHAR_T_LOCK_FREE 2
#define __SIZEOF_PTRDIFF_T__ 8
#define __FLT32X_MANT_DIG__ 53
#define __x86_64__ 1
#define __FLT32X_MIN_EXP__ (-1021)
#define __DEC32_SUBNORMAL_MIN__ 0.000001E-95DF
#define __INT_FAST16_MAX__ 0x7fffffffffffffffL
#define __FLT64_DIG__ 15
#define __UINT_FAST32_MAX__ 0xffffffffffffffffUL
#define __UINT_LEAST64_TYPE__ long unsigned int
#define __FLT_HAS_QUIET_NAN__ 1
#define __FLT_MAX_10_EXP__ 38
#define __LONG_MAX__ 0x7fffffffffffffffL
#define __FLT64X_HAS_DENORM__ 1
#define __DEC128_SUBNORMAL_MIN__ 0.000000000000000000000000000000001E-6143DL
#define __FLT_HAS_INFINITY__ 1
#define __UINT_FAST16_TYPE__ long unsigned int
#define __DEC64_MAX__ 9.999999999999999E384DD
#define __INT_FAST32_WIDTH__ 64
#define __CHAR16_TYPE__ short unsigned int
#define __PRAGMA_REDEFINE_EXTNAME 1
#define __SIZE_WIDTH__ 64
#define __SEG_FS 1
#define __INT_LEAST16_MAX__ 0x7fff
#define __DEC64_MANT_DIG__ 16
#define __INT64_MAX__ 0x7fffffffffffffffL
#define __UINT_LEAST32_MAX__ 0xffffffffU
#define __SEG_GS 1
#define __FLT32_DENORM_MIN__ 1.40129846432481707092372958328991613e-45F32
#define __GCC_ATOMIC_LONG_LOCK_FREE 2
#define __SIG_ATOMIC_WIDTH__ 32
#define __INT_LEAST64_TYPE__ long int
#define __INT16_TYPE__ short int
#define __INT_LEAST8_TYPE__ signed char
#define __STDC_VERSION__ 201710L
#define __DEC32_MAX_EXP__ 97
#define __INT_FAST8_MAX__ 0x7f
#define __FLT128_MAX__ 1.18973149535723176508575932662800702e+4932F128
#define __INTPTR_MAX__ 0x7fffffffffffffffL
#define linux 1
#define __FLT64_HAS_QUIET_NAN__ 1
#define __FLT32_MIN_10_EXP__ (-37)
#define __SSE2__ 1
#define __FLT32X_DIG__ 15
#define __LDBL_MANT_DIG__ 64
#define __DBL_HAS_QUIET_NAN__ 1
#define __FLT64_HAS_INFINITY__ 1
#define __FLT64X_MAX__ 1.18973149535723176502126385303097021e+4932F64x
#define __SIG_ATOMIC_MIN__ (-__SIG_ATOMIC_MAX__ - 1)
#define __code_model_small__ 1
#define __k8__ 1
#define __INTPTR_TYPE__ long int
#define __UINT16_TYPE__ short unsigned int
#define __WCHAR_TYPE__ int
#define __SIZEOF_FLOAT__ 4
#define __UINTPTR_MAX__ 0xffffffffffffffffUL
#define __INT_FAST64_WIDTH__ 64
#define __DEC64_MIN_EXP__ (-382)
#define __FLT32_DECIMAL_DIG__ 9
#define __INT_FAST64_MAX__ 0x7fffffffffffffffL
#define __GCC_ATOMIC_TEST_AND_SET_TRUEVAL 1
#define __FLT_DIG__ 6
#define __FLT32_HAS_INFINITY__ 1
#define __FLT64X_MAX_EXP__ 16384
#define __UINT_FAST64_TYPE__ long unsigned int
#define __INT_MAX__ 0x7fffffff
#define __amd64__ 1
#define __INT64_TYPE__ long int
#define __FLT_MAX_EXP__ 128
#define __ORDER_BIG_ENDIAN__ 4321
#define __DBL_MANT_DIG__ 53
#define __SIZEOF_FLOAT128__ 16
#define __INT_LEAST64_MAX__ 0x7fffffffffffffffL
#define __GCC_ATOMIC_CHAR16_T_LOCK_FREE 2
#define __DEC64_MIN__ 1E-383DD
#define __WINT_TYPE__ unsigned int
#define __UINT_LEAST32_TYPE__ unsigned int
#define __SIZEOF_SHORT__ 2
#define __SSE__ 1
#define __LDBL_MIN_EXP__ (-16381)
#define __FLT64_MAX__ 1.79769313486231570814527423731704357e+308F64
#define __WINT_WIDTH__ 32
#define __INT_LEAST8_MAX__ 0x7f
#define __FLT32X_MAX_10_EXP__ 308
#define __SIZEOF_INT128__ 16
#define __LDBL_MAX_10_EXP__ 4932
#define __ATOMIC_RELAXED 0
#define __DBL_EPSILON__ ((double)2.22044604925031308084726333618164062e-16L)
#define __FLT128_MIN__ 3.36210314311209350626267781732175260e-4932F128
#define _LP64 1
#define __UINT8_C(c) c
#define __FLT64_MAX_EXP__ 1024
#define __INT_LEAST32_TYPE__ int
#define __SIZEOF_WCHAR_T__ 4
#define __UINT64_TYPE__ long unsigned int
#define __FLT128_HAS_QUIET_NAN__ 1
#define __INT_FAST8_TYPE__ signed char
#define __FLT64X_MIN__ 3.36210314311209350626267781732175260e-4932F64x
#define __GNUC_STDC_INLINE__ 1
#define __FLT64_HAS_DENORM__ 1
#define __FLT32_EPSILON__ 1.19209289550781250000000000000000000e-7F32
#define __DBL_DECIMAL_DIG__ 17
#define __STDC_UTF_32__ 1
#define __INT_FAST8_WIDTH__ 8
#define __FXSR__ 1
#define __DEC_EVAL_METHOD__ 2
#define __FLT32X_MAX__ 1.79769313486231570814527423731704357e+308F32x
#define __UINT32_C(c) c ## U
#define __INTMAX_MAX__ 0x7fffffffffffffffL
#define __BYTE_ORDER__ __ORDER_LITTLE_ENDIAN__
#define __FLT_DENORM_MIN__ 1.40129846432481707092372958328991613e-45F
#define __INT8_MAX__ 0x7f
#define __LONG_WIDTH__ 64
#define __UINT_FAST32_TYPE__ long unsigned int
#define __CHAR32_TYPE__ unsigned int
#define __FLT_MAX__ 3.40282346638528859811704183484516925e+38F
#define __INT32_TYPE__ int
#define __SIZEOF_DOUBLE__ 8
#define __FLT_MIN_10_EXP__ (-37)
#define __FLT64_MIN__ 2.22507385850720138309023271733240406e-308F64
#define __INT_LEAST32_WIDTH__ 32
#define __INTMAX_TYPE__ long int
#define __DEC128_MAX_EXP__ 6145
#define __FLT32X_HAS_QUIET_NAN__ 1
#define __ATOMIC_CONSUME 1
#define __GNUC_MINOR__ 3
#define __INT_FAST16_WIDTH__ 64
#define __UINTMAX_MAX__ 0xffffffffffffffffUL
#define __DEC32_MANT_DIG__ 7
#define __FLT32X_DENORM_MIN__ 4.94065645841246544176568792868221372e-324F32x
#define __DBL_MAX_10_EXP__ 308
#define __LDBL_DENORM_MIN__ 3.64519953188247460252840593361941982e-4951L
#define __INT16_C(c) c
#define __STDC__ 1
#define __PTRDIFF_TYPE__ long int
#define __ATOMIC_SEQ_CST 5
#define __UINT32_TYPE__ unsigned int
#define __FLT32X_MIN_10_EXP__ (-307)
#define __UINTPTR_TYPE__ long unsigned int
#define __DEC64_SUBNORMAL_MIN__ 0.000000000000001E-383DD
#define __DEC128_MANT_DIG__ 34
#define __LDBL_MIN_10_EXP__ (-4931)
#define __FLT128_EPSILON__ 1.92592994438723585305597794258492732e-34F128
#define __SIZEOF_LONG_LONG__ 8
#define __FLT128_DECIMAL_DIG__ 36
#define __GCC_ATOMIC_LLONG_LOCK_FREE 2
#define __FLT32X_MIN__ 2.22507385850720138309023271733240406e-308F32x
#define __LDBL_DIG__ 18
#define __FLT_DECIMAL_DIG__ 9
#define __UINT_FAST16_MAX__ 0xffffffffffffffffUL
#define __GCC_ATOMIC_SHORT_LOCK_FREE 2
#define __INT_LEAST64_WIDTH__ 64
#define __UINT_FAST8_TYPE__ unsigned char
#define __ATOMIC_ACQ_REL 4
#define __ATOMIC_RELEASE 3

find program=['ar'] paths=['/usr/local/sbin', '/usr/local/bin', '/usr/sbin', '/usr/bin', '/sbin', '/bin'] var='AR' -> ['/usr/bin/ar']
/usr/bin/cc
----------------------------------------
Detected target OS:
os-linux
-----------------------------------------------------------------
Checking for compiler flags -Werror=implicit-function-declaration
==>

int main(int argc, char **argv) {
	(void)argc; (void)argv;
	return 0;
}

<==
[1/2] Compiling [32mbuild/.conf_check_95177551208f3d55bfeece425982bbba/test.c[0m

['/usr/bin/cc', '-D_ISOC99_SOURCE', '-D_GNU_SOURCE', '-D_LARGEFILE_SOURCE', '-D_FILE_OFFSET_BITS=64', '-D_LARGEFILE64_SOURCE', '-std=c99', '-Wall', '-O2', '-g', '-Werror=implicit-function-declaration', '../test.c', '-c', '-o/data/home/depend/lmh/0523/mpv-0.29.1.1/build/.conf_check_95177551208f3d55bfeece425982bbba/testbuild/test.c.1.o']
[2/2] Linking [33mbuild/.conf_check_95177551208f3d55bfeece425982bbba/testbuild/testprog[0m

['/usr/bin/cc', 'test.c.1.o', '-o/data/home/depend/lmh/0523/mpv-0.29.1.1/build/.conf_check_95177551208f3d55bfeece425982bbba/testbuild/testprog', '-Wl,-Bstatic', '-Wl,-Bdynamic']
yes
-----------------------------------------------------------------
Checking for compiler flags -Wno-error=deprecated-declarations
==>

int main(int argc, char **argv) {
	(void)argc; (void)argv;
	return 0;
}

<==
[1/2] Compiling [32mbuild/.conf_check_788cae4ad80fa00e626edbd7d4e9f9c2/test.c[0m

['/usr/bin/cc', '-D_ISOC99_SOURCE', '-D_GNU_SOURCE', '-D_LARGEFILE_SOURCE', '-D_FILE_OFFSET_BITS=64', '-D_LARGEFILE64_SOURCE', '-std=c99', '-Wall', '-O2', '-g', '-Wno-error=deprecated-declarations', '../test.c', '-c', '-o/data/home/depend/lmh/0523/mpv-0.29.1.1/build/.conf_check_788cae4ad80fa00e626edbd7d4e9f9c2/testbuild/test.c.1.o']
[2/2] Linking [33mbuild/.conf_check_788cae4ad80fa00e626edbd7d4e9f9c2/testbuild/testprog[0m

['/usr/bin/cc', 'test.c.1.o', '-o/data/home/depend/lmh/0523/mpv-0.29.1.1/build/.conf_check_788cae4ad80fa00e626edbd7d4e9f9c2/testbuild/testprog', '-Wl,-Bstatic', '-Wl,-Bdynamic']
yes
-----------------------------------------------------------------
Checking for compiler flags -Wno-error=unused-function
==>

int main(int argc, char **argv) {
	(void)argc; (void)argv;
	return 0;
}

<==
[1/2] Compiling [32mbuild/.conf_check_0adaceab77633998374d2d74530caedd/test.c[0m

['/usr/bin/cc', '-D_ISOC99_SOURCE', '-D_GNU_SOURCE', '-D_LARGEFILE_SOURCE', '-D_FILE_OFFSET_BITS=64', '-D_LARGEFILE64_SOURCE', '-std=c99', '-Wall', '-O2', '-g', '-Wno-error=unused-function', '../test.c', '-c', '-o/data/home/depend/lmh/0523/mpv-0.29.1.1/build/.conf_check_0adaceab77633998374d2d74530caedd/testbuild/test.c.1.o']
[2/2] Linking [33mbuild/.conf_check_0adaceab77633998374d2d74530caedd/testbuild/testprog[0m

['/usr/bin/cc', 'test.c.1.o', '-o/data/home/depend/lmh/0523/mpv-0.29.1.1/build/.conf_check_0adaceab77633998374d2d74530caedd/testbuild/testprog', '-Wl,-Bstatic', '-Wl,-Bdynamic']
yes
-----------------------------------------------------------------
Checking for compiler flags -Wempty-body
==>

int main(int argc, char **argv) {
	(void)argc; (void)argv;
	return 0;
}

<==
[1/2] Compiling [32mbuild/.conf_check_dde6c22e0fcadd860355cfdf2a1b79c4/test.c[0m

['/usr/bin/cc', '-D_ISOC99_SOURCE', '-D_GNU_SOURCE', '-D_LARGEFILE_SOURCE', '-D_FILE_OFFSET_BITS=64', '-D_LARGEFILE64_SOURCE', '-std=c99', '-Wall', '-O2', '-g', '-Wempty-body', '../test.c', '-c', '-o/data/home/depend/lmh/0523/mpv-0.29.1.1/build/.conf_check_dde6c22e0fcadd860355cfdf2a1b79c4/testbuild/test.c.1.o']
[2/2] Linking [33mbuild/.conf_check_dde6c22e0fcadd860355cfdf2a1b79c4/testbuild/testprog[0m

['/usr/bin/cc', 'test.c.1.o', '-o/data/home/depend/lmh/0523/mpv-0.29.1.1/build/.conf_check_dde6c22e0fcadd860355cfdf2a1b79c4/testbuild/testprog', '-Wl,-Bstatic', '-Wl,-Bdynamic']
yes
-----------------------------------------------------------------
Checking for compiler flags -Wdisabled-optimization
==>

int main(int argc, char **argv) {
	(void)argc; (void)argv;
	return 0;
}

<==
[1/2] Compiling [32mbuild/.conf_check_1da83f1035a12c1b2aa61916466f01f5/test.c[0m

['/usr/bin/cc', '-D_ISOC99_SOURCE', '-D_GNU_SOURCE', '-D_LARGEFILE_SOURCE', '-D_FILE_OFFSET_BITS=64', '-D_LARGEFILE64_SOURCE', '-std=c99', '-Wall', '-O2', '-g', '-Wdisabled-optimization', '../test.c', '-c', '-o/data/home/depend/lmh/0523/mpv-0.29.1.1/build/.conf_check_1da83f1035a12c1b2aa61916466f01f5/testbuild/test.c.1.o']
[2/2] Linking [33mbuild/.conf_check_1da83f1035a12c1b2aa61916466f01f5/testbuild/testprog[0m

['/usr/bin/cc', 'test.c.1.o', '-o/data/home/depend/lmh/0523/mpv-0.29.1.1/build/.conf_check_1da83f1035a12c1b2aa61916466f01f5/testbuild/testprog', '-Wl,-Bstatic', '-Wl,-Bdynamic']
yes
-----------------------------------------------------------------
Checking for compiler flags -Wstrict-prototypes
==>

int main(int argc, char **argv) {
	(void)argc; (void)argv;
	return 0;
}

<==
[1/2] Compiling [32mbuild/.conf_check_5b81d337278323729afe219d166057f7/test.c[0m

['/usr/bin/cc', '-D_ISOC99_SOURCE', '-D_GNU_SOURCE', '-D_LARGEFILE_SOURCE', '-D_FILE_OFFSET_BITS=64', '-D_LARGEFILE64_SOURCE', '-std=c99', '-Wall', '-O2', '-g', '-Wstrict-prototypes', '../test.c', '-c', '-o/data/home/depend/lmh/0523/mpv-0.29.1.1/build/.conf_check_5b81d337278323729afe219d166057f7/testbuild/test.c.1.o']
[2/2] Linking [33mbuild/.conf_check_5b81d337278323729afe219d166057f7/testbuild/testprog[0m

['/usr/bin/cc', 'test.c.1.o', '-o/data/home/depend/lmh/0523/mpv-0.29.1.1/build/.conf_check_5b81d337278323729afe219d166057f7/testbuild/testprog', '-Wl,-Bstatic', '-Wl,-Bdynamic']
yes
-----------------------------------------------------------------
Checking for compiler flags -Wno-format-zero-length
==>

int main(int argc, char **argv) {
	(void)argc; (void)argv;
	return 0;
}

<==
[1/2] Compiling [32mbuild/.conf_check_3dd96719aac2c3ce39d0570bd315b8ef/test.c[0m

['/usr/bin/cc', '-D_ISOC99_SOURCE', '-D_GNU_SOURCE', '-D_LARGEFILE_SOURCE', '-D_FILE_OFFSET_BITS=64', '-D_LARGEFILE64_SOURCE', '-std=c99', '-Wall', '-O2', '-g', '-Wno-format-zero-length', '../test.c', '-c', '-o/data/home/depend/lmh/0523/mpv-0.29.1.1/build/.conf_check_3dd96719aac2c3ce39d0570bd315b8ef/testbuild/test.c.1.o']
[2/2] Linking [33mbuild/.conf_check_3dd96719aac2c3ce39d0570bd315b8ef/testbuild/testprog[0m

['/usr/bin/cc', 'test.c.1.o', '-o/data/home/depend/lmh/0523/mpv-0.29.1.1/build/.conf_check_3dd96719aac2c3ce39d0570bd315b8ef/testbuild/testprog', '-Wl,-Bstatic', '-Wl,-Bdynamic']
yes
-----------------------------------------------------------------
Checking for compiler flags -Werror=format-security
==>

int main(int argc, char **argv) {
	(void)argc; (void)argv;
	return 0;
}

<==
[1/2] Compiling [32mbuild/.conf_check_8c3e3d1506cddd8d552f17bec75e668b/test.c[0m

['/usr/bin/cc', '-D_ISOC99_SOURCE', '-D_GNU_SOURCE', '-D_LARGEFILE_SOURCE', '-D_FILE_OFFSET_BITS=64', '-D_LARGEFILE64_SOURCE', '-std=c99', '-Wall', '-O2', '-g', '-Werror=format-security', '../test.c', '-c', '-o/data/home/depend/lmh/0523/mpv-0.29.1.1/build/.conf_check_8c3e3d1506cddd8d552f17bec75e668b/testbuild/test.c.1.o']
[2/2] Linking [33mbuild/.conf_check_8c3e3d1506cddd8d552f17bec75e668b/testbuild/testprog[0m

['/usr/bin/cc', 'test.c.1.o', '-o/data/home/depend/lmh/0523/mpv-0.29.1.1/build/.conf_check_8c3e3d1506cddd8d552f17bec75e668b/testbuild/testprog', '-Wl,-Bstatic', '-Wl,-Bdynamic']
yes
-----------------------------------------------------------------
Checking for compiler flags -Wno-redundant-decls
==>

int main(int argc, char **argv) {
	(void)argc; (void)argv;
	return 0;
}

<==
[1/2] Compiling [32mbuild/.conf_check_490b3272e7971fbc1c23d2a4be211b9f/test.c[0m

['/usr/bin/cc', '-D_ISOC99_SOURCE', '-D_GNU_SOURCE', '-D_LARGEFILE_SOURCE', '-D_FILE_OFFSET_BITS=64', '-D_LARGEFILE64_SOURCE', '-std=c99', '-Wall', '-O2', '-g', '-Wno-redundant-decls', '../test.c', '-c', '-o/data/home/depend/lmh/0523/mpv-0.29.1.1/build/.conf_check_490b3272e7971fbc1c23d2a4be211b9f/testbuild/test.c.1.o']
[2/2] Linking [33mbuild/.conf_check_490b3272e7971fbc1c23d2a4be211b9f/testbuild/testprog[0m

['/usr/bin/cc', 'test.c.1.o', '-o/data/home/depend/lmh/0523/mpv-0.29.1.1/build/.conf_check_490b3272e7971fbc1c23d2a4be211b9f/testbuild/testprog', '-Wl,-Bstatic', '-Wl,-Bdynamic']
yes
-----------------------------------------------------------------
Checking for compiler flags -Wvla
==>

int main(int argc, char **argv) {
	(void)argc; (void)argv;
	return 0;
}

<==
[1/2] Compiling [32mbuild/.conf_check_75f6969c93237a99895001b9fb2a1269/test.c[0m

['/usr/bin/cc', '-D_ISOC99_SOURCE', '-D_GNU_SOURCE', '-D_LARGEFILE_SOURCE', '-D_FILE_OFFSET_BITS=64', '-D_LARGEFILE64_SOURCE', '-std=c99', '-Wall', '-O2', '-g', '-Wvla', '../test.c', '-c', '-o/data/home/depend/lmh/0523/mpv-0.29.1.1/build/.conf_check_75f6969c93237a99895001b9fb2a1269/testbuild/test.c.1.o']
[2/2] Linking [33mbuild/.conf_check_75f6969c93237a99895001b9fb2a1269/testbuild/testprog[0m

['/usr/bin/cc', 'test.c.1.o', '-o/data/home/depend/lmh/0523/mpv-0.29.1.1/build/.conf_check_75f6969c93237a99895001b9fb2a1269/testbuild/testprog', '-Wl,-Bstatic', '-Wl,-Bdynamic']
yes
-----------------------------------------------------------------
Checking for LGPL (version 2.1 or later) build
disabled
-----------------------------------------------------------------
Checking for GPL (version 2 or later) build
yes
-----------------------------------------------------------------
Checking for internal audio filter chain
yes
-----------------------------------------------------------------
Checking for mpv CLI player
yes
-----------------------------------------------------------------
Checking for shared library
yes
-----------------------------------------------------------------
Checking for static library
disabled
-----------------------------------------------------------------
Checking for static build
disabled
-----------------------------------------------------------------
Checking for whether to include binary compile time
yes
-----------------------------------------------------------------
Checking for whether to optimize
yes
-----------------------------------------------------------------
Checking for whether to compile-in debugging information
yes
-----------------------------------------------------------------
Checking for manpage generation
no (missing RST2MAN)
-----------------------------------------------------------------
Checking for html manual generation
disabled
-----------------------------------------------------------------
Checking for pdf manual generation
disabled
-----------------------------------------------------------------
Checking for dynamic loader
==>
#include <dlfcn.h>
int main(int argc, char **argv)
{ dlopen("", 0); return 0; }
<==
[1/2] Compiling [32mbuild/.conf_check_c94dc4238925ee917565a26f2bfb5499/test.c[0m

['/usr/bin/cc', '-D_ISOC99_SOURCE', '-D_GNU_SOURCE', '-D_LARGEFILE_SOURCE', '-D_FILE_OFFSET_BITS=64', '-D_LARGEFILE64_SOURCE', '-std=c99', '-Wall', '-O2', '-g', '-Werror=implicit-function-declaration', '-Wno-error=deprecated-declarations', '-Wno-error=unused-function', '-Wempty-body', '-Wdisabled-optimization', '-Wstrict-prototypes', '-Wno-format-zero-length', '-Werror=format-security', '-Wno-redundant-decls', '-Wvla', '-Wall', '-Wundef', '-Wmissing-prototypes', '-Wshadow', '-Wno-switch', '-Wparentheses', '-Wpointer-arith', '-Wno-pointer-sign', '-Wno-unused-result', '-DDEFAULT_DVD_DEVICE="/dev/sr0"', '-DDEFAULT_CDROM_DEVICE="/dev/sr0"', '-DHAVE_GPL=1', '-DHAVE_LIBAF=1', '-DHAVE_CPLAYER=1', '-DHAVE_LIBMPV_SHARED=1', '-DHAVE_BUILD_DATE=1', '-DHAVE_OPTIMIZE=1', '-DHAVE_DEBUG_BUILD=1', '../test.c', '-c', '-o/data/home/depend/lmh/0523/mpv-0.29.1.1/build/.conf_check_c94dc4238925ee917565a26f2bfb5499/testbuild/test.c.1.o']
[2/2] Linking [33mbuild/.conf_check_c94dc4238925ee917565a26f2bfb5499/testbuild/testprog[0m

['/usr/bin/cc', 'test.c.1.o', '-o/data/home/depend/lmh/0523/mpv-0.29.1.1/build/.conf_check_c94dc4238925ee917565a26f2bfb5499/testbuild/testprog', '-Wl,-Bstatic', '-Wl,-Bdynamic']
err: /usr/bin/ld: test.c.1.o: in function `main':
/data/home/depend/lmh/0523/mpv-0.29.1.1/build/.conf_check_c94dc4238925ee917565a26f2bfb5499/testbuild/../test.c:3: undefined reference to `dlopen'
collect2: error: ld returned 1 exit status

from /data/home/depend/lmh/0523/mpv-0.29.1.1: Test does not build: Traceback (most recent call last):
  File "/data/home/depend/lmh/0523/mpv-0.29.1.1/waflib/Configure.py", line 324, in run_build
    bld.compile()
  File "/data/home/depend/lmh/0523/mpv-0.29.1.1/waflib/Build.py", line 176, in compile
    raise Errors.BuildError(self.producer.error)
BuildError: Build failed
 -> task in 'testprog' failed with exit status 1 (run with -v to display more information)

from /data/home/depend/lmh/0523/mpv-0.29.1.1: The configuration failed
==>
#include <dlfcn.h>
int main(int argc, char **argv)
{ dlopen("", 0); return 0; }
<==
[1/2] Compiling [32mbuild/.conf_check_359e56213a8d2c6acbb1c437f12093aa/test.c[0m

['/usr/bin/cc', '-D_ISOC99_SOURCE', '-D_GNU_SOURCE', '-D_LARGEFILE_SOURCE', '-D_FILE_OFFSET_BITS=64', '-D_LARGEFILE64_SOURCE', '-std=c99', '-Wall', '-O2', '-g', '-Werror=implicit-function-declaration', '-Wno-error=deprecated-declarations', '-Wno-error=unused-function', '-Wempty-body', '-Wdisabled-optimization', '-Wstrict-prototypes', '-Wno-format-zero-length', '-Werror=format-security', '-Wno-redundant-decls', '-Wvla', '-Wall', '-Wundef', '-Wmissing-prototypes', '-Wshadow', '-Wno-switch', '-Wparentheses', '-Wpointer-arith', '-Wno-pointer-sign', '-Wno-unused-result', '-DDEFAULT_DVD_DEVICE="/dev/sr0"', '-DDEFAULT_CDROM_DEVICE="/dev/sr0"', '-DHAVE_GPL=1', '-DHAVE_LIBAF=1', '-DHAVE_CPLAYER=1', '-DHAVE_LIBMPV_SHARED=1', '-DHAVE_BUILD_DATE=1', '-DHAVE_OPTIMIZE=1', '-DHAVE_DEBUG_BUILD=1', '../test.c', '-c', '-o/data/home/depend/lmh/0523/mpv-0.29.1.1/build/.conf_check_359e56213a8d2c6acbb1c437f12093aa/testbuild/test.c.1.o']
[2/2] Linking [33mbuild/.conf_check_359e56213a8d2c6acbb1c437f12093aa/testbuild/testprog[0m

['/usr/bin/cc', 'test.c.1.o', '-o/data/home/depend/lmh/0523/mpv-0.29.1.1/build/.conf_check_359e56213a8d2c6acbb1c437f12093aa/testbuild/testprog', '-Wl,-Bstatic', '-Wl,-Bdynamic', '-ldl']
yes
-----------------------------------------------------------------
Checking for C plugins
==>

int main(int argc, char **argv) {
	(void)argc; (void)argv;
	return 0;
}

<==
[1/2] Compiling [32mbuild/.conf_check_db8f9cd3562d9369fd51b07645c850cd/test.c[0m

['/usr/bin/cc', '-D_ISOC99_SOURCE', '-D_GNU_SOURCE', '-D_LARGEFILE_SOURCE', '-D_FILE_OFFSET_BITS=64', '-D_LARGEFILE64_SOURCE', '-std=c99', '-Wall', '-O2', '-g', '-Werror=implicit-function-declaration', '-Wno-error=deprecated-declarations', '-Wno-error=unused-function', '-Wempty-body', '-Wdisabled-optimization', '-Wstrict-prototypes', '-Wno-format-zero-length', '-Werror=format-security', '-Wno-redundant-decls', '-Wvla', '-Wall', '-Wundef', '-Wmissing-prototypes', '-Wshadow', '-Wno-switch', '-Wparentheses', '-Wpointer-arith', '-Wno-pointer-sign', '-Wno-unused-result', '-DDEFAULT_DVD_DEVICE="/dev/sr0"', '-DDEFAULT_CDROM_DEVICE="/dev/sr0"', '-DHAVE_GPL=1', '-DHAVE_LIBAF=1', '-DHAVE_CPLAYER=1', '-DHAVE_LIBMPV_SHARED=1', '-DHAVE_BUILD_DATE=1', '-DHAVE_OPTIMIZE=1', '-DHAVE_DEBUG_BUILD=1', '-DHAVE_LIBDL=1', '../test.c', '-c', '-o/data/home/depend/lmh/0523/mpv-0.29.1.1/build/.conf_check_db8f9cd3562d9369fd51b07645c850cd/testbuild/test.c.1.o']
[2/2] Linking [33mbuild/.conf_check_db8f9cd3562d9369fd51b07645c850cd/testbuild/testprog[0m

['/usr/bin/cc', '-rdynamic', 'test.c.1.o', '-o/data/home/depend/lmh/0523/mpv-0.29.1.1/build/.conf_check_db8f9cd3562d9369fd51b07645c850cd/testbuild/testprog', '-Wl,-Bstatic', '-Wl,-Bdynamic']
yes
-----------------------------------------------------------------
Checking for zsh completion
disabled
-----------------------------------------------------------------
Checking for inline assembly (currently without effect)
yes
-----------------------------------------------------------------
Checking for test suite (using cmocka)
disabled
-----------------------------------------------------------------
Checking for generate a clang compilation database
disabled
-----------------------------------------------------------------
Checking for compiler support for noexecstack
==>

int main(int argc, char **argv) {
	(void)argc; (void)argv;
	return 0;
}

<==
[1/2] Compiling [32mbuild/.conf_check_591e617b439ad8792d6ec3747006a427/test.c[0m

['/usr/bin/cc', '-D_ISOC99_SOURCE', '-D_GNU_SOURCE', '-D_LARGEFILE_SOURCE', '-D_FILE_OFFSET_BITS=64', '-D_LARGEFILE64_SOURCE', '-std=c99', '-Wall', '-O2', '-g', '-Werror=implicit-function-declaration', '-Wno-error=deprecated-declarations', '-Wno-error=unused-function', '-Wempty-body', '-Wdisabled-optimization', '-Wstrict-prototypes', '-Wno-format-zero-length', '-Werror=format-security', '-Wno-redundant-decls', '-Wvla', '-Wall', '-Wundef', '-Wmissing-prototypes', '-Wshadow', '-Wno-switch', '-Wparentheses', '-Wpointer-arith', '-Wno-pointer-sign', '-Wno-unused-result', '-DDEFAULT_DVD_DEVICE="/dev/sr0"', '-DDEFAULT_CDROM_DEVICE="/dev/sr0"', '-DHAVE_GPL=1', '-DHAVE_LIBAF=1', '-DHAVE_CPLAYER=1', '-DHAVE_LIBMPV_SHARED=1', '-DHAVE_BUILD_DATE=1', '-DHAVE_OPTIMIZE=1', '-DHAVE_DEBUG_BUILD=1', '-DHAVE_LIBDL=1', '-DHAVE_CPLUGINS=1', '-DHAVE_ASM=1', '../test.c', '-c', '-o/data/home/depend/lmh/0523/mpv-0.29.1.1/build/.conf_check_591e617b439ad8792d6ec3747006a427/testbuild/test.c.1.o']
[2/2] Linking [33mbuild/.conf_check_591e617b439ad8792d6ec3747006a427/testbuild/testprog[0m

['/usr/bin/cc', '-Wl,-z,noexecstack', 'test.c.1.o', '-o/data/home/depend/lmh/0523/mpv-0.29.1.1/build/.conf_check_591e617b439ad8792d6ec3747006a427/testbuild/testprog', '-Wl,-Bstatic', '-Wl,-Bdynamic']
yes
-----------------------------------------------------------------
Checking for linker support for --nxcompat --no-seh --dynamicbase
==>

int main(int argc, char **argv) {
	(void)argc; (void)argv;
	return 0;
}

<==
[1/2] Compiling [32mbuild/.conf_check_ee8eaf593f1a87b4ca12ea45b033a385/test.c[0m

['/usr/bin/cc', '-D_ISOC99_SOURCE', '-D_GNU_SOURCE', '-D_LARGEFILE_SOURCE', '-D_FILE_OFFSET_BITS=64', '-D_LARGEFILE64_SOURCE', '-std=c99', '-Wall', '-O2', '-g', '-Werror=implicit-function-declaration', '-Wno-error=deprecated-declarations', '-Wno-error=unused-function', '-Wempty-body', '-Wdisabled-optimization', '-Wstrict-prototypes', '-Wno-format-zero-length', '-Werror=format-security', '-Wno-redundant-decls', '-Wvla', '-Wall', '-Wundef', '-Wmissing-prototypes', '-Wshadow', '-Wno-switch', '-Wparentheses', '-Wpointer-arith', '-Wno-pointer-sign', '-Wno-unused-result', '-DDEFAULT_DVD_DEVICE="/dev/sr0"', '-DDEFAULT_CDROM_DEVICE="/dev/sr0"', '-DHAVE_GPL=1', '-DHAVE_LIBAF=1', '-DHAVE_CPLAYER=1', '-DHAVE_LIBMPV_SHARED=1', '-DHAVE_BUILD_DATE=1', '-DHAVE_OPTIMIZE=1', '-DHAVE_DEBUG_BUILD=1', '-DHAVE_LIBDL=1', '-DHAVE_CPLUGINS=1', '-DHAVE_ASM=1', '../test.c', '-c', '-o/data/home/depend/lmh/0523/mpv-0.29.1.1/build/.conf_check_ee8eaf593f1a87b4ca12ea45b033a385/testbuild/test.c.1.o']
[2/2] Linking [33mbuild/.conf_check_ee8eaf593f1a87b4ca12ea45b033a385/testbuild/testprog[0m

['/usr/bin/cc', '-Wl,--nxcompat', '-Wl,--no-seh', '-Wl,--dynamicbase', 'test.c.1.o', '-o/data/home/depend/lmh/0523/mpv-0.29.1.1/build/.conf_check_ee8eaf593f1a87b4ca12ea45b033a385/testbuild/testprog', '-Wl,-Bstatic', '-Wl,-Bdynamic']
err: /usr/bin/ldï¼šæ— æ³•è¯†åˆ«çš„é€‰é¡¹â€˜--nxcompatâ€™
/usr/bin/ld: use the --help option for usage information
collect2: error: ld returned 1 exit status

from /data/home/depend/lmh/0523/mpv-0.29.1.1: Test does not build: Traceback (most recent call last):
  File "/data/home/depend/lmh/0523/mpv-0.29.1.1/waflib/Configure.py", line 324, in run_build
    bld.compile()
  File "/data/home/depend/lmh/0523/mpv-0.29.1.1/waflib/Build.py", line 176, in compile
    raise Errors.BuildError(self.producer.error)
BuildError: Build failed
 -> task in 'testprog' failed with exit status 1 (run with -v to display more information)

from /data/home/depend/lmh/0523/mpv-0.29.1.1: The configuration failed
no
-----------------------------------------------------------------
Checking for -lm
==>

int main(int argc, char **argv) {
	(void)argc; (void)argv;
	return 0;
}

<==
[1/2] Compiling [32mbuild/.conf_check_082217491cd3e259830802996ab35b7c/test.c[0m

['/usr/bin/cc', '-D_ISOC99_SOURCE', '-D_GNU_SOURCE', '-D_LARGEFILE_SOURCE', '-D_FILE_OFFSET_BITS=64', '-D_LARGEFILE64_SOURCE', '-std=c99', '-Wall', '-O2', '-g', '-Werror=implicit-function-declaration', '-Wno-error=deprecated-declarations', '-Wno-error=unused-function', '-Wempty-body', '-Wdisabled-optimization', '-Wstrict-prototypes', '-Wno-format-zero-length', '-Werror=format-security', '-Wno-redundant-decls', '-Wvla', '-Wall', '-Wundef', '-Wmissing-prototypes', '-Wshadow', '-Wno-switch', '-Wparentheses', '-Wpointer-arith', '-Wno-pointer-sign', '-Wno-unused-result', '-DDEFAULT_DVD_DEVICE="/dev/sr0"', '-DDEFAULT_CDROM_DEVICE="/dev/sr0"', '-DHAVE_GPL=1', '-DHAVE_LIBAF=1', '-DHAVE_CPLAYER=1', '-DHAVE_LIBMPV_SHARED=1', '-DHAVE_BUILD_DATE=1', '-DHAVE_OPTIMIZE=1', '-DHAVE_DEBUG_BUILD=1', '-DHAVE_LIBDL=1', '-DHAVE_CPLUGINS=1', '-DHAVE_ASM=1', '../test.c', '-c', '-o/data/home/depend/lmh/0523/mpv-0.29.1.1/build/.conf_check_082217491cd3e259830802996ab35b7c/testbuild/test.c.1.o']
[2/2] Linking [33mbuild/.conf_check_082217491cd3e259830802996ab35b7c/testbuild/testprog[0m

['/usr/bin/cc', 'test.c.1.o', '-o/data/home/depend/lmh/0523/mpv-0.29.1.1/build/.conf_check_082217491cd3e259830802996ab35b7c/testbuild/testprog', '-Wl,-Bstatic', '-Wl,-Bdynamic', '-lm']
yes
-----------------------------------------------------------------
Checking for MinGW
os-win32 not found
-----------------------------------------------------------------
Checking for POSIX environment
==>
#include <poll.h>
#include <unistd.h>
#include <sys/mman.h>
int main(int argc, char **argv)
{ struct pollfd pfd; poll(&pfd, 1, 0); fork(); int f[2]; pipe(f); munmap(f,0); return 0; }
<==
[1/2] Compiling [32mbuild/.conf_check_baf25c60946d710ae56db3f689b7760c/test.c[0m

['/usr/bin/cc', '-D_ISOC99_SOURCE', '-D_GNU_SOURCE', '-D_LARGEFILE_SOURCE', '-D_FILE_OFFSET_BITS=64', '-D_LARGEFILE64_SOURCE', '-std=c99', '-Wall', '-O2', '-g', '-Werror=implicit-function-declaration', '-Wno-error=deprecated-declarations', '-Wno-error=unused-function', '-Wempty-body', '-Wdisabled-optimization', '-Wstrict-prototypes', '-Wno-format-zero-length', '-Werror=format-security', '-Wno-redundant-decls', '-Wvla', '-Wall', '-Wundef', '-Wmissing-prototypes', '-Wshadow', '-Wno-switch', '-Wparentheses', '-Wpointer-arith', '-Wno-pointer-sign', '-Wno-unused-result', '-DDEFAULT_DVD_DEVICE="/dev/sr0"', '-DDEFAULT_CDROM_DEVICE="/dev/sr0"', '-DHAVE_GPL=1', '-DHAVE_LIBAF=1', '-DHAVE_CPLAYER=1', '-DHAVE_LIBMPV_SHARED=1', '-DHAVE_BUILD_DATE=1', '-DHAVE_OPTIMIZE=1', '-DHAVE_DEBUG_BUILD=1', '-DHAVE_LIBDL=1', '-DHAVE_CPLUGINS=1', '-DHAVE_ASM=1', '-DHAVE_LIBM=1', '../test.c', '-c', '-o/data/home/depend/lmh/0523/mpv-0.29.1.1/build/.conf_check_baf25c60946d710ae56db3f689b7760c/testbuild/test.c.1.o']
[2/2] Linking [33mbuild/.conf_check_baf25c60946d710ae56db3f689b7760c/testbuild/testprog[0m

['/usr/bin/cc', 'test.c.1.o', '-o/data/home/depend/lmh/0523/mpv-0.29.1.1/build/.conf_check_baf25c60946d710ae56db3f689b7760c/testbuild/testprog', '-Wl,-Bstatic', '-Wl,-Bdynamic']
yes
-----------------------------------------------------------------
Checking for Android environment
==>
#include <android/api-level.h>
int main(int argc, char **argv)
{ (void)__ANDROID__; return 0; }
<==
[1/2] Compiling [32mbuild/.conf_check_d2efd566676315e4ead5ee0d1437f9fe/test.c[0m

['/usr/bin/cc', '-D_ISOC99_SOURCE', '-D_GNU_SOURCE', '-D_LARGEFILE_SOURCE', '-D_FILE_OFFSET_BITS=64', '-D_LARGEFILE64_SOURCE', '-std=c99', '-Wall', '-O2', '-g', '-Werror=implicit-function-declaration', '-Wno-error=deprecated-declarations', '-Wno-error=unused-function', '-Wempty-body', '-Wdisabled-optimization', '-Wstrict-prototypes', '-Wno-format-zero-length', '-Werror=format-security', '-Wno-redundant-decls', '-Wvla', '-Wall', '-Wundef', '-Wmissing-prototypes', '-Wshadow', '-Wno-switch', '-Wparentheses', '-Wpointer-arith', '-Wno-pointer-sign', '-Wno-unused-result', '-DDEFAULT_DVD_DEVICE="/dev/sr0"', '-DDEFAULT_CDROM_DEVICE="/dev/sr0"', '-DHAVE_GPL=1', '-DHAVE_LIBAF=1', '-DHAVE_CPLAYER=1', '-DHAVE_LIBMPV_SHARED=1', '-DHAVE_BUILD_DATE=1', '-DHAVE_OPTIMIZE=1', '-DHAVE_DEBUG_BUILD=1', '-DHAVE_LIBDL=1', '-DHAVE_CPLUGINS=1', '-DHAVE_ASM=1', '-DHAVE_LIBM=1', '-DHAVE_POSIX=1', '../test.c', '-c', '-o/data/home/depend/lmh/0523/mpv-0.29.1.1/build/.conf_check_d2efd566676315e4ead5ee0d1437f9fe/testbuild/test.c.1.o']
err: ../test.c:1:10: fatal error: android/api-level.h: æ²¡æœ‰é‚£ä¸ªæ–‡ä»¶æˆ–ç›®å½•
 #include <android/api-level.h>
          ^~~~~~~~~~~~~~~~~~~~~
compilation terminated.

from /data/home/depend/lmh/0523/mpv-0.29.1.1: Test does not build: Traceback (most recent call last):
  File "/data/home/depend/lmh/0523/mpv-0.29.1.1/waflib/Configure.py", line 324, in run_build
    bld.compile()
  File "/data/home/depend/lmh/0523/mpv-0.29.1.1/waflib/Build.py", line 176, in compile
    raise Errors.BuildError(self.producer.error)
BuildError: Build failed
 -> task in 'testprog' failed with exit status 1 (run with -v to display more information)

from /data/home/depend/lmh/0523/mpv-0.29.1.1: The configuration failed
==>

int main(int argc, char **argv) {
	(void)argc; (void)argv;
	return 0;
}

<==
[1/2] Compiling [32mbuild/.conf_check_32784d99f07618f8c10454cadb520754/test.c[0m

['/usr/bin/cc', '-D_ISOC99_SOURCE', '-D_GNU_SOURCE', '-D_LARGEFILE_SOURCE', '-D_FILE_OFFSET_BITS=64', '-D_LARGEFILE64_SOURCE', '-std=c99', '-Wall', '-O2', '-g', '-Werror=implicit-function-declaration', '-Wno-error=deprecated-declarations', '-Wno-error=unused-function', '-Wempty-body', '-Wdisabled-optimization', '-Wstrict-prototypes', '-Wno-format-zero-length', '-Werror=format-security', '-Wno-redundant-decls', '-Wvla', '-Wall', '-Wundef', '-Wmissing-prototypes', '-Wshadow', '-Wno-switch', '-Wparentheses', '-Wpointer-arith', '-Wno-pointer-sign', '-Wno-unused-result', '-DDEFAULT_DVD_DEVICE="/dev/sr0"', '-DDEFAULT_CDROM_DEVICE="/dev/sr0"', '-DHAVE_GPL=1', '-DHAVE_LIBAF=1', '-DHAVE_CPLAYER=1', '-DHAVE_LIBMPV_SHARED=1', '-DHAVE_BUILD_DATE=1', '-DHAVE_OPTIMIZE=1', '-DHAVE_DEBUG_BUILD=1', '-DHAVE_LIBDL=1', '-DHAVE_CPLUGINS=1', '-DHAVE_ASM=1', '-DHAVE_LIBM=1', '-DHAVE_POSIX=1', '../test.c', '-c', '-o/data/home/depend/lmh/0523/mpv-0.29.1.1/build/.conf_check_32784d99f07618f8c10454cadb520754/testbuild/test.c.1.o']
[2/2] Linking [33mbuild/.conf_check_32784d99f07618f8c10454cadb520754/testbuild/testprog[0m

['/usr/bin/cc', 'test.c.1.o', '-o/data/home/depend/lmh/0523/mpv-0.29.1.1/build/.conf_check_32784d99f07618f8c10454cadb520754/testbuild/testprog', '-Wl,-Bstatic', '-Wl,-Bdynamic', '-landroid']
err: /usr/bin/ld: æ‰¾ä¸åˆ° -landroid
collect2: error: ld returned 1 exit status

from /data/home/depend/lmh/0523/mpv-0.29.1.1: Test does not build: Traceback (most recent call last):
  File "/data/home/depend/lmh/0523/mpv-0.29.1.1/waflib/Configure.py", line 324, in run_build
    bld.compile()
  File "/data/home/depend/lmh/0523/mpv-0.29.1.1/waflib/Build.py", line 176, in compile
    raise Errors.BuildError(self.producer.error)
BuildError: Build failed
 -> task in 'testprog' failed with exit status 1 (run with -v to display more information)

from /data/home/depend/lmh/0523/mpv-0.29.1.1: The configuration failed
==>

int main(int argc, char **argv) {
	(void)argc; (void)argv;
	return 0;
}

<==
[1/2] Compiling [32mbuild/.conf_check_88ce39874867a89dd0189cc0123582ba/test.c[0m

['/usr/bin/cc', '-D_ISOC99_SOURCE', '-D_GNU_SOURCE', '-D_LARGEFILE_SOURCE', '-D_FILE_OFFSET_BITS=64', '-D_LARGEFILE64_SOURCE', '-std=c99', '-Wall', '-O2', '-g', '-Werror=implicit-function-declaration', '-Wno-error=deprecated-declarations', '-Wno-error=unused-function', '-Wempty-body', '-Wdisabled-optimization', '-Wstrict-prototypes', '-Wno-format-zero-length', '-Werror=format-security', '-Wno-redundant-decls', '-Wvla', '-Wall', '-Wundef', '-Wmissing-prototypes', '-Wshadow', '-Wno-switch', '-Wparentheses', '-Wpointer-arith', '-Wno-pointer-sign', '-Wno-unused-result', '-DDEFAULT_DVD_DEVICE="/dev/sr0"', '-DDEFAULT_CDROM_DEVICE="/dev/sr0"', '-DHAVE_GPL=1', '-DHAVE_LIBAF=1', '-DHAVE_CPLAYER=1', '-DHAVE_LIBMPV_SHARED=1', '-DHAVE_BUILD_DATE=1', '-DHAVE_OPTIMIZE=1', '-DHAVE_DEBUG_BUILD=1', '-DHAVE_LIBDL=1', '-DHAVE_CPLUGINS=1', '-DHAVE_ASM=1', '-DHAVE_LIBM=1', '-DHAVE_POSIX=1', '../test.c', '-c', '-o/data/home/depend/lmh/0523/mpv-0.29.1.1/build/.conf_check_88ce39874867a89dd0189cc0123582ba/testbuild/test.c.1.o']
[2/2] Linking [33mbuild/.conf_check_88ce39874867a89dd0189cc0123582ba/testbuild/testprog[0m

['/usr/bin/cc', 'test.c.1.o', '-o/data/home/depend/lmh/0523/mpv-0.29.1.1/build/.conf_check_88ce39874867a89dd0189cc0123582ba/testbuild/testprog', '-Wl,-Bstatic', '-Wl,-Bdynamic', '-lEGL']
no
-----------------------------------------------------------------
Checking for development environment
yes
-----------------------------------------------------------------
Checking for macOS Swift build tools
os-darwin not found
-----------------------------------------------------------------
Checking for Universal Windows Platform
disabled
-----------------------------------------------------------------
Checking for win32 desktop APIs
os-win32 not found
-----------------------------------------------------------------
Checking for internal pthread wrapper for win32 (Vista+)
posix found
-----------------------------------------------------------------
Checking for POSIX threads
==>
#include <pthread.h>
static void *func(void *arg) { return arg; }
int main(void) {
    pthread_t tid;
    return pthread_create (&tid, 0, func, 0) != 0;
}

<==
[1/2] Compiling [32mbuild/.conf_check_2f63d52c39b4207e9f7bce468a786977/test.c[0m

['/usr/bin/cc', '-D_ISOC99_SOURCE', '-D_GNU_SOURCE', '-D_LARGEFILE_SOURCE', '-D_FILE_OFFSET_BITS=64', '-D_LARGEFILE64_SOURCE', '-std=c99', '-Wall', '-O2', '-g', '-Werror=implicit-function-declaration', '-Wno-error=deprecated-declarations', '-Wno-error=unused-function', '-Wempty-body', '-Wdisabled-optimization', '-Wstrict-prototypes', '-Wno-format-zero-length', '-Werror=format-security', '-Wno-redundant-decls', '-Wvla', '-Wall', '-Wundef', '-Wmissing-prototypes', '-Wshadow', '-Wno-switch', '-Wparentheses', '-Wpointer-arith', '-Wno-pointer-sign', '-Wno-unused-result', '-pthread', '-DDEFAULT_DVD_DEVICE="/dev/sr0"', '-DDEFAULT_CDROM_DEVICE="/dev/sr0"', '-DHAVE_GPL=1', '-DHAVE_LIBAF=1', '-DHAVE_CPLAYER=1', '-DHAVE_LIBMPV_SHARED=1', '-DHAVE_BUILD_DATE=1', '-DHAVE_OPTIMIZE=1', '-DHAVE_DEBUG_BUILD=1', '-DHAVE_LIBDL=1', '-DHAVE_CPLUGINS=1', '-DHAVE_ASM=1', '-DHAVE_LIBM=1', '-DHAVE_POSIX=1', '-DHAVE_POSIX_OR_MINGW=1', '../test.c', '-c', '-o/data/home/depend/lmh/0523/mpv-0.29.1.1/build/.conf_check_2f63d52c39b4207e9f7bce468a786977/testbuild/test.c.1.o']
[2/2] Linking [33mbuild/.conf_check_2f63d52c39b4207e9f7bce468a786977/testbuild/testprog[0m

['/usr/bin/cc', 'test.c.1.o', '-o/data/home/depend/lmh/0523/mpv-0.29.1.1/build/.conf_check_2f63d52c39b4207e9f7bce468a786977/testbuild/testprog', '-Wl,-Bstatic', '-Wl,-Bdynamic']
err: /usr/bin/ld: test.c.1.o: in function `main':
/data/home/depend/lmh/0523/mpv-0.29.1.1/build/.conf_check_2f63d52c39b4207e9f7bce468a786977/testbuild/../test.c:5: undefined reference to `pthread_create'
collect2: error: ld returned 1 exit status

from /data/home/depend/lmh/0523/mpv-0.29.1.1: Test does not build: Traceback (most recent call last):
  File "/data/home/depend/lmh/0523/mpv-0.29.1.1/waflib/Configure.py", line 324, in run_build
    bld.compile()
  File "/data/home/depend/lmh/0523/mpv-0.29.1.1/waflib/Build.py", line 176, in compile
    raise Errors.BuildError(self.producer.error)
BuildError: Build failed
 -> task in 'testprog' failed with exit status 1 (run with -v to display more information)

from /data/home/depend/lmh/0523/mpv-0.29.1.1: The configuration failed
==>
#include <pthread.h>
static void *func(void *arg) { return arg; }
int main(void) {
    pthread_t tid;
    return pthread_create (&tid, 0, func, 0) != 0;
}

<==
[1/2] Compiling [32mbuild/.conf_check_c99e0e231827ee14556b4b65ff26653d/test.c[0m

['/usr/bin/cc', '-D_ISOC99_SOURCE', '-D_GNU_SOURCE', '-D_LARGEFILE_SOURCE', '-D_FILE_OFFSET_BITS=64', '-D_LARGEFILE64_SOURCE', '-std=c99', '-Wall', '-O2', '-g', '-Werror=implicit-function-declaration', '-Wno-error=deprecated-declarations', '-Wno-error=unused-function', '-Wempty-body', '-Wdisabled-optimization', '-Wstrict-prototypes', '-Wno-format-zero-length', '-Werror=format-security', '-Wno-redundant-decls', '-Wvla', '-Wall', '-Wundef', '-Wmissing-prototypes', '-Wshadow', '-Wno-switch', '-Wparentheses', '-Wpointer-arith', '-Wno-pointer-sign', '-Wno-unused-result', '-pthread', '-DDEFAULT_DVD_DEVICE="/dev/sr0"', '-DDEFAULT_CDROM_DEVICE="/dev/sr0"', '-DHAVE_GPL=1', '-DHAVE_LIBAF=1', '-DHAVE_CPLAYER=1', '-DHAVE_LIBMPV_SHARED=1', '-DHAVE_BUILD_DATE=1', '-DHAVE_OPTIMIZE=1', '-DHAVE_DEBUG_BUILD=1', '-DHAVE_LIBDL=1', '-DHAVE_CPLUGINS=1', '-DHAVE_ASM=1', '-DHAVE_LIBM=1', '-DHAVE_POSIX=1', '-DHAVE_POSIX_OR_MINGW=1', '../test.c', '-c', '-o/data/home/depend/lmh/0523/mpv-0.29.1.1/build/.conf_check_c99e0e231827ee14556b4b65ff26653d/testbuild/test.c.1.o']
[2/2] Linking [33mbuild/.conf_check_c99e0e231827ee14556b4b65ff26653d/testbuild/testprog[0m

['/usr/bin/cc', '-pthread', 'test.c.1.o', '-o/data/home/depend/lmh/0523/mpv-0.29.1.1/build/.conf_check_c99e0e231827ee14556b4b65ff26653d/testbuild/testprog', '-Wl,-Bstatic', '-Wl,-Bdynamic']
yes
-----------------------------------------------------------------
Checking for GNU C extensions
==>

int main(int argc, char **argv)
{ __GNUC__; return 0; }
<==
[1/2] Compiling [32mbuild/.conf_check_22dc33148dd784c9fdebd0d7bef7be8d/test.c[0m

['/usr/bin/cc', '-D_ISOC99_SOURCE', '-D_GNU_SOURCE', '-D_LARGEFILE_SOURCE', '-D_FILE_OFFSET_BITS=64', '-D_LARGEFILE64_SOURCE', '-std=c99', '-Wall', '-O2', '-g', '-Werror=implicit-function-declaration', '-Wno-error=deprecated-declarations', '-Wno-error=unused-function', '-Wempty-body', '-Wdisabled-optimization', '-Wstrict-prototypes', '-Wno-format-zero-length', '-Werror=format-security', '-Wno-redundant-decls', '-Wvla', '-Wall', '-Wundef', '-Wmissing-prototypes', '-Wshadow', '-Wno-switch', '-Wparentheses', '-Wpointer-arith', '-Wno-pointer-sign', '-Wno-unused-result', '-DDEFAULT_DVD_DEVICE="/dev/sr0"', '-DDEFAULT_CDROM_DEVICE="/dev/sr0"', '-DHAVE_GPL=1', '-DHAVE_LIBAF=1', '-DHAVE_CPLAYER=1', '-DHAVE_LIBMPV_SHARED=1', '-DHAVE_BUILD_DATE=1', '-DHAVE_OPTIMIZE=1', '-DHAVE_DEBUG_BUILD=1', '-DHAVE_LIBDL=1', '-DHAVE_CPLUGINS=1', '-DHAVE_ASM=1', '-DHAVE_LIBM=1', '-DHAVE_POSIX=1', '-DHAVE_POSIX_OR_MINGW=1', '-DHAVE_PTHREADS=1', '../test.c', '-c', '-o/data/home/depend/lmh/0523/mpv-0.29.1.1/build/.conf_check_22dc33148dd784c9fdebd0d7bef7be8d/testbuild/test.c.1.o']
err: ../test.c: In function â€˜mainâ€™:
../test.c:3:3: warning: statement with no effect [-Wunused-value]
 { __GNUC__; return 0; }
   ^~~~~~~~

[2/2] Linking [33mbuild/.conf_check_22dc33148dd784c9fdebd0d7bef7be8d/testbuild/testprog[0m

['/usr/bin/cc', 'test.c.1.o', '-o/data/home/depend/lmh/0523/mpv-0.29.1.1/build/.conf_check_22dc33148dd784c9fdebd0d7bef7be8d/testbuild/testprog', '-Wl,-Bstatic', '-Wl,-Bdynamic']
yes
-----------------------------------------------------------------
Checking for stdatomic.h
==>
#include <stdatomic.h>
int main(int argc, char **argv)
{ atomic_int_least64_t test = ATOMIC_VAR_INIT(123);atomic_fetch_add(&test, 1); return 0; }
<==
[1/2] Compiling [32mbuild/.conf_check_c9c6d0f83f5ea30ca124945600370558/test.c[0m

['/usr/bin/cc', '-D_ISOC99_SOURCE', '-D_GNU_SOURCE', '-D_LARGEFILE_SOURCE', '-D_FILE_OFFSET_BITS=64', '-D_LARGEFILE64_SOURCE', '-std=c99', '-Wall', '-O2', '-g', '-Werror=implicit-function-declaration', '-Wno-error=deprecated-declarations', '-Wno-error=unused-function', '-Wempty-body', '-Wdisabled-optimization', '-Wstrict-prototypes', '-Wno-format-zero-length', '-Werror=format-security', '-Wno-redundant-decls', '-Wvla', '-Wall', '-Wundef', '-Wmissing-prototypes', '-Wshadow', '-Wno-switch', '-Wparentheses', '-Wpointer-arith', '-Wno-pointer-sign', '-Wno-unused-result', '-DDEFAULT_DVD_DEVICE="/dev/sr0"', '-DDEFAULT_CDROM_DEVICE="/dev/sr0"', '-DHAVE_GPL=1', '-DHAVE_LIBAF=1', '-DHAVE_CPLAYER=1', '-DHAVE_LIBMPV_SHARED=1', '-DHAVE_BUILD_DATE=1', '-DHAVE_OPTIMIZE=1', '-DHAVE_DEBUG_BUILD=1', '-DHAVE_LIBDL=1', '-DHAVE_CPLUGINS=1', '-DHAVE_ASM=1', '-DHAVE_LIBM=1', '-DHAVE_POSIX=1', '-DHAVE_POSIX_OR_MINGW=1', '-DHAVE_PTHREADS=1', '-DHAVE_GNUC=1', '../test.c', '-c', '-o/data/home/depend/lmh/0523/mpv-0.29.1.1/build/.conf_check_c9c6d0f83f5ea30ca124945600370558/testbuild/test.c.1.o']
[2/2] Linking [33mbuild/.conf_check_c9c6d0f83f5ea30ca124945600370558/testbuild/testprog[0m

['/usr/bin/cc', 'test.c.1.o', '-o/data/home/depend/lmh/0523/mpv-0.29.1.1/build/.conf_check_c9c6d0f83f5ea30ca124945600370558/testbuild/testprog', '-Wl,-Bstatic', '-Wl,-Bdynamic']
yes
-----------------------------------------------------------------
Checking for stdatomic.h support or slow emulation
yes
-----------------------------------------------------------------
Checking for linking with -lrt
==>

int main(int argc, char **argv) {
	(void)argc; (void)argv;
	return 0;
}

<==
[1/2] Compiling [32mbuild/.conf_check_e04835cfa5ff1dc7babbf35c2fd076e7/test.c[0m

['/usr/bin/cc', '-D_ISOC99_SOURCE', '-D_GNU_SOURCE', '-D_LARGEFILE_SOURCE', '-D_FILE_OFFSET_BITS=64', '-D_LARGEFILE64_SOURCE', '-std=c99', '-Wall', '-O2', '-g', '-Werror=implicit-function-declaration', '-Wno-error=deprecated-declarations', '-Wno-error=unused-function', '-Wempty-body', '-Wdisabled-optimization', '-Wstrict-prototypes', '-Wno-format-zero-length', '-Werror=format-security', '-Wno-redundant-decls', '-Wvla', '-Wall', '-Wundef', '-Wmissing-prototypes', '-Wshadow', '-Wno-switch', '-Wparentheses', '-Wpointer-arith', '-Wno-pointer-sign', '-Wno-unused-result', '-DDEFAULT_DVD_DEVICE="/dev/sr0"', '-DDEFAULT_CDROM_DEVICE="/dev/sr0"', '-DHAVE_GPL=1', '-DHAVE_LIBAF=1', '-DHAVE_CPLAYER=1', '-DHAVE_LIBMPV_SHARED=1', '-DHAVE_BUILD_DATE=1', '-DHAVE_OPTIMIZE=1', '-DHAVE_DEBUG_BUILD=1', '-DHAVE_LIBDL=1', '-DHAVE_CPLUGINS=1', '-DHAVE_ASM=1', '-DHAVE_LIBM=1', '-DHAVE_POSIX=1', '-DHAVE_POSIX_OR_MINGW=1', '-DHAVE_PTHREADS=1', '-DHAVE_GNUC=1', '-DHAVE_STDATOMIC=1', '-DHAVE_ATOMICS=1', '../test.c', '-c', '-o/data/home/depend/lmh/0523/mpv-0.29.1.1/build/.conf_check_e04835cfa5ff1dc7babbf35c2fd076e7/testbuild/test.c.1.o']
[2/2] Linking [33mbuild/.conf_check_e04835cfa5ff1dc7babbf35c2fd076e7/testbuild/testprog[0m

['/usr/bin/cc', 'test.c.1.o', '-o/data/home/depend/lmh/0523/mpv-0.29.1.1/build/.conf_check_e04835cfa5ff1dc7babbf35c2fd076e7/testbuild/testprog', '-Wl,-Bstatic', '-Wl,-Bdynamic', '-lrt']
yes
-----------------------------------------------------------------
Checking for iconv
==>
#include <stdio.h>
#include <unistd.h>
#include <iconv.h>
#define INBUFSIZE 1024
#define OUTBUFSIZE 4096

char inbuffer[INBUFSIZE];
char outbuffer[OUTBUFSIZE];

int main(void) {
  size_t numread;
  iconv_t icdsc;
  char *tocode="UTF-8";
  char *fromcode="cp1250";
  if ((icdsc = iconv_open(tocode, fromcode)) != (iconv_t)(-1)) {
    while ((numread = read(0, inbuffer, INBUFSIZE))) {
      char *iptr=inbuffer;
      char *optr=outbuffer;
      size_t inleft=numread;
      size_t outleft=OUTBUFSIZE;
      if (iconv(icdsc, &iptr, &inleft, &optr, &outleft)
          != (size_t)(-1)) {
        write(1, outbuffer, OUTBUFSIZE - outleft);
      }
    }
    if (iconv_close(icdsc) == -1)
      ;
  }
  return 0;
}

<==
[1/2] Compiling [32mbuild/.conf_check_48f670c0597549efd7a4a821a6e97cc6/test.c[0m

['/usr/bin/cc', '-D_ISOC99_SOURCE', '-D_GNU_SOURCE', '-D_LARGEFILE_SOURCE', '-D_FILE_OFFSET_BITS=64', '-D_LARGEFILE64_SOURCE', '-std=c99', '-Wall', '-O2', '-g', '-Werror=implicit-function-declaration', '-Wno-error=deprecated-declarations', '-Wno-error=unused-function', '-Wempty-body', '-Wdisabled-optimization', '-Wstrict-prototypes', '-Wno-format-zero-length', '-Werror=format-security', '-Wno-redundant-decls', '-Wvla', '-Wall', '-Wundef', '-Wmissing-prototypes', '-Wshadow', '-Wno-switch', '-Wparentheses', '-Wpointer-arith', '-Wno-pointer-sign', '-Wno-unused-result', '-DDEFAULT_DVD_DEVICE="/dev/sr0"', '-DDEFAULT_CDROM_DEVICE="/dev/sr0"', '-DHAVE_GPL=1', '-DHAVE_LIBAF=1', '-DHAVE_CPLAYER=1', '-DHAVE_LIBMPV_SHARED=1', '-DHAVE_BUILD_DATE=1', '-DHAVE_OPTIMIZE=1', '-DHAVE_DEBUG_BUILD=1', '-DHAVE_LIBDL=1', '-DHAVE_CPLUGINS=1', '-DHAVE_ASM=1', '-DHAVE_LIBM=1', '-DHAVE_POSIX=1', '-DHAVE_POSIX_OR_MINGW=1', '-DHAVE_PTHREADS=1', '-DHAVE_GNUC=1', '-DHAVE_STDATOMIC=1', '-DHAVE_ATOMICS=1', '-DHAVE_LIBRT=1', '../test.c', '-c', '-o/data/home/depend/lmh/0523/mpv-0.29.1.1/build/.conf_check_48f670c0597549efd7a4a821a6e97cc6/testbuild/test.c.1.o']
err: ../test.c: In function â€˜mainâ€™:
../test.c:27:7: warning: suggest braces around empty body in an â€˜ifâ€™ statement [-Wempty-body]
       ;
       ^

[2/2] Linking [33mbuild/.conf_check_48f670c0597549efd7a4a821a6e97cc6/testbuild/testprog[0m

['/usr/bin/cc', 'test.c.1.o', '-o/data/home/depend/lmh/0523/mpv-0.29.1.1/build/.conf_check_48f670c0597549efd7a4a821a6e97cc6/testbuild/testprog', '-Wl,-Bstatic', '-Wl,-Bdynamic']
yes
-----------------------------------------------------------------
Checking for w32/dos paths
os-win32 not found
-----------------------------------------------------------------
Checking for spawnp()/kill() POSIX support
==>
#include <spawn.h>
#include <signal.h>
int main(int argc, char **argv)
{ posix_spawnp(0,0,0,0,0,0); kill(0,0); return 0; }
<==
[1/2] Compiling [32mbuild/.conf_check_9ea520b88af9288e86785aa368e749dd/test.c[0m

['/usr/bin/cc', '-D_ISOC99_SOURCE', '-D_GNU_SOURCE', '-D_LARGEFILE_SOURCE', '-D_FILE_OFFSET_BITS=64', '-D_LARGEFILE64_SOURCE', '-std=c99', '-Wall', '-O2', '-g', '-Werror=implicit-function-declaration', '-Wno-error=deprecated-declarations', '-Wno-error=unused-function', '-Wempty-body', '-Wdisabled-optimization', '-Wstrict-prototypes', '-Wno-format-zero-length', '-Werror=format-security', '-Wno-redundant-decls', '-Wvla', '-Wall', '-Wundef', '-Wmissing-prototypes', '-Wshadow', '-Wno-switch', '-Wparentheses', '-Wpointer-arith', '-Wno-pointer-sign', '-Wno-unused-result', '-DDEFAULT_DVD_DEVICE="/dev/sr0"', '-DDEFAULT_CDROM_DEVICE="/dev/sr0"', '-DHAVE_GPL=1', '-DHAVE_LIBAF=1', '-DHAVE_CPLAYER=1', '-DHAVE_LIBMPV_SHARED=1', '-DHAVE_BUILD_DATE=1', '-DHAVE_OPTIMIZE=1', '-DHAVE_DEBUG_BUILD=1', '-DHAVE_LIBDL=1', '-DHAVE_CPLUGINS=1', '-DHAVE_ASM=1', '-DHAVE_LIBM=1', '-DHAVE_POSIX=1', '-DHAVE_POSIX_OR_MINGW=1', '-DHAVE_PTHREADS=1', '-DHAVE_GNUC=1', '-DHAVE_STDATOMIC=1', '-DHAVE_ATOMICS=1', '-DHAVE_LIBRT=1', '-DHAVE_ICONV=1', '../test.c', '-c', '-o/data/home/depend/lmh/0523/mpv-0.29.1.1/build/.conf_check_9ea520b88af9288e86785aa368e749dd/testbuild/test.c.1.o']
[2/2] Linking [33mbuild/.conf_check_9ea520b88af9288e86785aa368e749dd/testbuild/testprog[0m

['/usr/bin/cc', 'test.c.1.o', '-o/data/home/depend/lmh/0523/mpv-0.29.1.1/build/.conf_check_9ea520b88af9288e86785aa368e749dd/testbuild/testprog', '-Wl,-Bstatic', '-Wl,-Bdynamic']
yes
-----------------------------------------------------------------
Checking for spawnp()/kill() Android replacement
posix-spawn-native found
-----------------------------------------------------------------
Checking for any spawnp()/kill() support
yes
-----------------------------------------------------------------
Checking for Windows pipe support
posix found
-----------------------------------------------------------------
Checking for glob() POSIX support
==>
#include <glob.h>
int main(int argc, char **argv)
{ glob("filename", 0, 0, 0); return 0; }
<==
[1/2] Compiling [32mbuild/.conf_check_96b653b77b86b5ea1f2d057e7ccbbec8/test.c[0m

['/usr/bin/cc', '-D_ISOC99_SOURCE', '-D_GNU_SOURCE', '-D_LARGEFILE_SOURCE', '-D_FILE_OFFSET_BITS=64', '-D_LARGEFILE64_SOURCE', '-std=c99', '-Wall', '-O2', '-g', '-Werror=implicit-function-declaration', '-Wno-error=deprecated-declarations', '-Wno-error=unused-function', '-Wempty-body', '-Wdisabled-optimization', '-Wstrict-prototypes', '-Wno-format-zero-length', '-Werror=format-security', '-Wno-redundant-decls', '-Wvla', '-Wall', '-Wundef', '-Wmissing-prototypes', '-Wshadow', '-Wno-switch', '-Wparentheses', '-Wpointer-arith', '-Wno-pointer-sign', '-Wno-unused-result', '-DDEFAULT_DVD_DEVICE="/dev/sr0"', '-DDEFAULT_CDROM_DEVICE="/dev/sr0"', '-DHAVE_GPL=1', '-DHAVE_LIBAF=1', '-DHAVE_CPLAYER=1', '-DHAVE_LIBMPV_SHARED=1', '-DHAVE_BUILD_DATE=1', '-DHAVE_OPTIMIZE=1', '-DHAVE_DEBUG_BUILD=1', '-DHAVE_LIBDL=1', '-DHAVE_CPLUGINS=1', '-DHAVE_ASM=1', '-DHAVE_LIBM=1', '-DHAVE_POSIX=1', '-DHAVE_POSIX_OR_MINGW=1', '-DHAVE_PTHREADS=1', '-DHAVE_GNUC=1', '-DHAVE_STDATOMIC=1', '-DHAVE_ATOMICS=1', '-DHAVE_LIBRT=1', '-DHAVE_ICONV=1', '-DHAVE_POSIX_SPAWN_NATIVE=1', '-DHAVE_POSIX_SPAWN=1', '../test.c', '-c', '-o/data/home/depend/lmh/0523/mpv-0.29.1.1/build/.conf_check_96b653b77b86b5ea1f2d057e7ccbbec8/testbuild/test.c.1.o']
[2/2] Linking [33mbuild/.conf_check_96b653b77b86b5ea1f2d057e7ccbbec8/testbuild/testprog[0m

['/usr/bin/cc', 'test.c.1.o', '-o/data/home/depend/lmh/0523/mpv-0.29.1.1/build/.conf_check_96b653b77b86b5ea1f2d057e7ccbbec8/testbuild/testprog', '-Wl,-Bstatic', '-Wl,-Bdynamic']
yes
-----------------------------------------------------------------
Checking for glob() win32 replacement
posix found
-----------------------------------------------------------------
Checking for any glob() support
yes
-----------------------------------------------------------------
Checking for fchmod()
==>
#include <sys/stat.h>
int main(int argc, char **argv)
{ fchmod(0, 0); return 0; }
<==
[1/2] Compiling [32mbuild/.conf_check_a26c0ce3074e4798ec8a35cb458d7a87/test.c[0m

['/usr/bin/cc', '-D_ISOC99_SOURCE', '-D_GNU_SOURCE', '-D_LARGEFILE_SOURCE', '-D_FILE_OFFSET_BITS=64', '-D_LARGEFILE64_SOURCE', '-std=c99', '-Wall', '-O2', '-g', '-Werror=implicit-function-declaration', '-Wno-error=deprecated-declarations', '-Wno-error=unused-function', '-Wempty-body', '-Wdisabled-optimization', '-Wstrict-prototypes', '-Wno-format-zero-length', '-Werror=format-security', '-Wno-redundant-decls', '-Wvla', '-Wall', '-Wundef', '-Wmissing-prototypes', '-Wshadow', '-Wno-switch', '-Wparentheses', '-Wpointer-arith', '-Wno-pointer-sign', '-Wno-unused-result', '-DDEFAULT_DVD_DEVICE="/dev/sr0"', '-DDEFAULT_CDROM_DEVICE="/dev/sr0"', '-DHAVE_GPL=1', '-DHAVE_LIBAF=1', '-DHAVE_CPLAYER=1', '-DHAVE_LIBMPV_SHARED=1', '-DHAVE_BUILD_DATE=1', '-DHAVE_OPTIMIZE=1', '-DHAVE_DEBUG_BUILD=1', '-DHAVE_LIBDL=1', '-DHAVE_CPLUGINS=1', '-DHAVE_ASM=1', '-DHAVE_LIBM=1', '-DHAVE_POSIX=1', '-DHAVE_POSIX_OR_MINGW=1', '-DHAVE_PTHREADS=1', '-DHAVE_GNUC=1', '-DHAVE_STDATOMIC=1', '-DHAVE_ATOMICS=1', '-DHAVE_LIBRT=1', '-DHAVE_ICONV=1', '-DHAVE_POSIX_SPAWN_NATIVE=1', '-DHAVE_POSIX_SPAWN=1', '-DHAVE_GLOB_POSIX=1', '-DHAVE_GLOB=1', '../test.c', '-c', '-o/data/home/depend/lmh/0523/mpv-0.29.1.1/build/.conf_check_a26c0ce3074e4798ec8a35cb458d7a87/testbuild/test.c.1.o']
[2/2] Linking [33mbuild/.conf_check_a26c0ce3074e4798ec8a35cb458d7a87/testbuild/testprog[0m

['/usr/bin/cc', 'test.c.1.o', '-o/data/home/depend/lmh/0523/mpv-0.29.1.1/build/.conf_check_a26c0ce3074e4798ec8a35cb458d7a87/testbuild/testprog', '-Wl,-Bstatic', '-Wl,-Bdynamic']
yes
-----------------------------------------------------------------
Checking for vt.h
==>
#include <sys/vt.h>
#include <sys/ioctl.h>
int main(int argc, char **argv)
{ int m; ioctl(0, VT_GETMODE, &m); return 0; }
<==
[1/2] Compiling [32mbuild/.conf_check_c108314bd7e45fbbaddcdaebe36e5a92/test.c[0m

['/usr/bin/cc', '-D_ISOC99_SOURCE', '-D_GNU_SOURCE', '-D_LARGEFILE_SOURCE', '-D_FILE_OFFSET_BITS=64', '-D_LARGEFILE64_SOURCE', '-std=c99', '-Wall', '-O2', '-g', '-Werror=implicit-function-declaration', '-Wno-error=deprecated-declarations', '-Wno-error=unused-function', '-Wempty-body', '-Wdisabled-optimization', '-Wstrict-prototypes', '-Wno-format-zero-length', '-Werror=format-security', '-Wno-redundant-decls', '-Wvla', '-Wall', '-Wundef', '-Wmissing-prototypes', '-Wshadow', '-Wno-switch', '-Wparentheses', '-Wpointer-arith', '-Wno-pointer-sign', '-Wno-unused-result', '-DDEFAULT_DVD_DEVICE="/dev/sr0"', '-DDEFAULT_CDROM_DEVICE="/dev/sr0"', '-DHAVE_GPL=1', '-DHAVE_LIBAF=1', '-DHAVE_CPLAYER=1', '-DHAVE_LIBMPV_SHARED=1', '-DHAVE_BUILD_DATE=1', '-DHAVE_OPTIMIZE=1', '-DHAVE_DEBUG_BUILD=1', '-DHAVE_LIBDL=1', '-DHAVE_CPLUGINS=1', '-DHAVE_ASM=1', '-DHAVE_LIBM=1', '-DHAVE_POSIX=1', '-DHAVE_POSIX_OR_MINGW=1', '-DHAVE_PTHREADS=1', '-DHAVE_GNUC=1', '-DHAVE_STDATOMIC=1', '-DHAVE_ATOMICS=1', '-DHAVE_LIBRT=1', '-DHAVE_ICONV=1', '-DHAVE_POSIX_SPAWN_NATIVE=1', '-DHAVE_POSIX_SPAWN=1', '-DHAVE_GLOB_POSIX=1', '-DHAVE_GLOB=1', '-DHAVE_FCHMOD=1', '../test.c', '-c', '-o/data/home/depend/lmh/0523/mpv-0.29.1.1/build/.conf_check_c108314bd7e45fbbaddcdaebe36e5a92/testbuild/test.c.1.o']
[2/2] Linking [33mbuild/.conf_check_c108314bd7e45fbbaddcdaebe36e5a92/testbuild/testprog[0m

['/usr/bin/cc', 'test.c.1.o', '-o/data/home/depend/lmh/0523/mpv-0.29.1.1/build/.conf_check_c108314bd7e45fbbaddcdaebe36e5a92/testbuild/testprog', '-Wl,-Bstatic', '-Wl,-Bdynamic']
yes
-----------------------------------------------------------------
Checking for gbm.h
==>
#include <stdio.h>
#include <gbm.h>

int main(int argc, char **argv) {
	(void)argc; (void)argv;
	return 0;
}

<==
[1/2] Compiling [32mbuild/.conf_check_6a411745426d9a53c7133a2a2f2c0bb2/test.c[0m

['/usr/bin/cc', '-D_ISOC99_SOURCE', '-D_GNU_SOURCE', '-D_LARGEFILE_SOURCE', '-D_FILE_OFFSET_BITS=64', '-D_LARGEFILE64_SOURCE', '-std=c99', '-Wall', '-O2', '-g', '-Werror=implicit-function-declaration', '-Wno-error=deprecated-declarations', '-Wno-error=unused-function', '-Wempty-body', '-Wdisabled-optimization', '-Wstrict-prototypes', '-Wno-format-zero-length', '-Werror=format-security', '-Wno-redundant-decls', '-Wvla', '-Wall', '-Wundef', '-Wmissing-prototypes', '-Wshadow', '-Wno-switch', '-Wparentheses', '-Wpointer-arith', '-Wno-pointer-sign', '-Wno-unused-result', '-DDEFAULT_DVD_DEVICE="/dev/sr0"', '-DDEFAULT_CDROM_DEVICE="/dev/sr0"', '-DHAVE_GPL=1', '-DHAVE_LIBAF=1', '-DHAVE_CPLAYER=1', '-DHAVE_LIBMPV_SHARED=1', '-DHAVE_BUILD_DATE=1', '-DHAVE_OPTIMIZE=1', '-DHAVE_DEBUG_BUILD=1', '-DHAVE_LIBDL=1', '-DHAVE_CPLUGINS=1', '-DHAVE_ASM=1', '-DHAVE_LIBM=1', '-DHAVE_POSIX=1', '-DHAVE_POSIX_OR_MINGW=1', '-DHAVE_PTHREADS=1', '-DHAVE_GNUC=1', '-DHAVE_STDATOMIC=1', '-DHAVE_ATOMICS=1', '-DHAVE_LIBRT=1', '-DHAVE_ICONV=1', '-DHAVE_POSIX_SPAWN_NATIVE=1', '-DHAVE_POSIX_SPAWN=1', '-DHAVE_GLOB_POSIX=1', '-DHAVE_GLOB=1', '-DHAVE_FCHMOD=1', '-DHAVE_VT_H=1', '../test.c', '-c', '-o/data/home/depend/lmh/0523/mpv-0.29.1.1/build/.conf_check_6a411745426d9a53c7133a2a2f2c0bb2/testbuild/test.c.1.o']
err: ../test.c:2:10: fatal error: gbm.h: æ²¡æœ‰é‚£ä¸ªæ–‡ä»¶æˆ–ç›®å½•
 #include <gbm.h>
          ^~~~~~~
compilation terminated.

from /data/home/depend/lmh/0523/mpv-0.29.1.1: Test does not build: Traceback (most recent call last):
  File "/data/home/depend/lmh/0523/mpv-0.29.1.1/waflib/Configure.py", line 324, in run_build
    bld.compile()
  File "/data/home/depend/lmh/0523/mpv-0.29.1.1/waflib/Build.py", line 176, in compile
    raise Errors.BuildError(self.producer.error)
BuildError: Build failed
 -> task in 'testprog' failed with exit status 1 (run with -v to display more information)

from /data/home/depend/lmh/0523/mpv-0.29.1.1: The configuration failed
no
-----------------------------------------------------------------
Checking for GLIBC API for setting thread name
==>
#include <pthread.h>
int main(int argc, char **argv)
{ pthread_setname_np(pthread_self(), "ducks"); return 0; }
<==
[1/2] Compiling [32mbuild/.conf_check_8c799feaf394819eeeeda689e06ab969/test.c[0m

['/usr/bin/cc', '-D_ISOC99_SOURCE', '-D_GNU_SOURCE', '-D_LARGEFILE_SOURCE', '-D_FILE_OFFSET_BITS=64', '-D_LARGEFILE64_SOURCE', '-std=c99', '-Wall', '-O2', '-g', '-Werror=implicit-function-declaration', '-Wno-error=deprecated-declarations', '-Wno-error=unused-function', '-Wempty-body', '-Wdisabled-optimization', '-Wstrict-prototypes', '-Wno-format-zero-length', '-Werror=format-security', '-Wno-redundant-decls', '-Wvla', '-Wall', '-Wundef', '-Wmissing-prototypes', '-Wshadow', '-Wno-switch', '-Wparentheses', '-Wpointer-arith', '-Wno-pointer-sign', '-Wno-unused-result', '-pthread', '-DDEFAULT_DVD_DEVICE="/dev/sr0"', '-DDEFAULT_CDROM_DEVICE="/dev/sr0"', '-DHAVE_GPL=1', '-DHAVE_LIBAF=1', '-DHAVE_CPLAYER=1', '-DHAVE_LIBMPV_SHARED=1', '-DHAVE_BUILD_DATE=1', '-DHAVE_OPTIMIZE=1', '-DHAVE_DEBUG_BUILD=1', '-DHAVE_LIBDL=1', '-DHAVE_CPLUGINS=1', '-DHAVE_ASM=1', '-DHAVE_LIBM=1', '-DHAVE_POSIX=1', '-DHAVE_POSIX_OR_MINGW=1', '-DHAVE_PTHREADS=1', '-DHAVE_GNUC=1', '-DHAVE_STDATOMIC=1', '-DHAVE_ATOMICS=1', '-DHAVE_LIBRT=1', '-DHAVE_ICONV=1', '-DHAVE_POSIX_SPAWN_NATIVE=1', '-DHAVE_POSIX_SPAWN=1', '-DHAVE_GLOB_POSIX=1', '-DHAVE_GLOB=1', '-DHAVE_FCHMOD=1', '-DHAVE_VT_H=1', '../test.c', '-c', '-o/data/home/depend/lmh/0523/mpv-0.29.1.1/build/.conf_check_8c799feaf394819eeeeda689e06ab969/testbuild/test.c.1.o']
[2/2] Linking [33mbuild/.conf_check_8c799feaf394819eeeeda689e06ab969/testbuild/testprog[0m

['/usr/bin/cc', '-pthread', 'test.c.1.o', '-o/data/home/depend/lmh/0523/mpv-0.29.1.1/build/.conf_check_8c799feaf394819eeeeda689e06ab969/testbuild/testprog', '-Wl,-Bstatic', '-Wl,-Bdynamic']
yes
-----------------------------------------------------------------
Checking for OSX API for setting thread name
glibc-thread-name found
-----------------------------------------------------------------
Checking for BSD API for setting thread name
glibc-thread-name found
-----------------------------------------------------------------
Checking for BSD's fstatfs()
==>
#include <sys/param.h>
#include <sys/mount.h>
int main(int argc, char **argv)
{ struct statfs fs; fstatfs(0, &fs); fs.f_fstypename; return 0; }
<==
[1/2] Compiling [32mbuild/.conf_check_10f09e9c0d1009f00d8e5a92fd80b168/test.c[0m

['/usr/bin/cc', '-D_ISOC99_SOURCE', '-D_GNU_SOURCE', '-D_LARGEFILE_SOURCE', '-D_FILE_OFFSET_BITS=64', '-D_LARGEFILE64_SOURCE', '-std=c99', '-Wall', '-O2', '-g', '-Werror=implicit-function-declaration', '-Wno-error=deprecated-declarations', '-Wno-error=unused-function', '-Wempty-body', '-Wdisabled-optimization', '-Wstrict-prototypes', '-Wno-format-zero-length', '-Werror=format-security', '-Wno-redundant-decls', '-Wvla', '-Wall', '-Wundef', '-Wmissing-prototypes', '-Wshadow', '-Wno-switch', '-Wparentheses', '-Wpointer-arith', '-Wno-pointer-sign', '-Wno-unused-result', '-DDEFAULT_DVD_DEVICE="/dev/sr0"', '-DDEFAULT_CDROM_DEVICE="/dev/sr0"', '-DHAVE_GPL=1', '-DHAVE_LIBAF=1', '-DHAVE_CPLAYER=1', '-DHAVE_LIBMPV_SHARED=1', '-DHAVE_BUILD_DATE=1', '-DHAVE_OPTIMIZE=1', '-DHAVE_DEBUG_BUILD=1', '-DHAVE_LIBDL=1', '-DHAVE_CPLUGINS=1', '-DHAVE_ASM=1', '-DHAVE_LIBM=1', '-DHAVE_POSIX=1', '-DHAVE_POSIX_OR_MINGW=1', '-DHAVE_PTHREADS=1', '-DHAVE_GNUC=1', '-DHAVE_STDATOMIC=1', '-DHAVE_ATOMICS=1', '-DHAVE_LIBRT=1', '-DHAVE_ICONV=1', '-DHAVE_POSIX_SPAWN_NATIVE=1', '-DHAVE_POSIX_SPAWN=1', '-DHAVE_GLOB_POSIX=1', '-DHAVE_GLOB=1', '-DHAVE_FCHMOD=1', '-DHAVE_VT_H=1', '-DHAVE_GLIBC_THREAD_NAME=1', '../test.c', '-c', '-o/data/home/depend/lmh/0523/mpv-0.29.1.1/build/.conf_check_10f09e9c0d1009f00d8e5a92fd80b168/testbuild/test.c.1.o']
err: ../test.c: In function â€˜mainâ€™:
../test.c:4:17: error: storage size of â€˜fsâ€™ isnâ€™t known
 { struct statfs fs; fstatfs(0, &fs); fs.f_fstypename; return 0; }
                 ^~
../test.c:4:21: error: implicit declaration of function â€˜fstatfsâ€™; did you mean â€˜si_statusâ€™? [-Werror=implicit-function-declaration]
 { struct statfs fs; fstatfs(0, &fs); fs.f_fstypename; return 0; }
                     ^~~~~~~
                     si_status
../test.c:4:17: warning: unused variable â€˜fsâ€™ [-Wunused-variable]
 { struct statfs fs; fstatfs(0, &fs); fs.f_fstypename; return 0; }
                 ^~
cc1: some warnings being treated as errors

from /data/home/depend/lmh/0523/mpv-0.29.1.1: Test does not build: Traceback (most recent call last):
  File "/data/home/depend/lmh/0523/mpv-0.29.1.1/waflib/Configure.py", line 324, in run_build
    bld.compile()
  File "/data/home/depend/lmh/0523/mpv-0.29.1.1/waflib/Build.py", line 176, in compile
    raise Errors.BuildError(self.producer.error)
BuildError: Build failed
 -> task in 'testprog' failed with exit status 1 (run with -v to display more information)

from /data/home/depend/lmh/0523/mpv-0.29.1.1: The configuration failed
no
-----------------------------------------------------------------
Checking for Linux's fstatfs()
==>
#include <sys/vfs.h>
int main(int argc, char **argv)
{ struct statfs fs; fstatfs(0, &fs); fs.f_namelen; return 0; }
<==
[1/2] Compiling [32mbuild/.conf_check_c4c4636e8a5a956d029f78d7fd0bacbd/test.c[0m

['/usr/bin/cc', '-D_ISOC99_SOURCE', '-D_GNU_SOURCE', '-D_LARGEFILE_SOURCE', '-D_FILE_OFFSET_BITS=64', '-D_LARGEFILE64_SOURCE', '-std=c99', '-Wall', '-O2', '-g', '-Werror=implicit-function-declaration', '-Wno-error=deprecated-declarations', '-Wno-error=unused-function', '-Wempty-body', '-Wdisabled-optimization', '-Wstrict-prototypes', '-Wno-format-zero-length', '-Werror=format-security', '-Wno-redundant-decls', '-Wvla', '-Wall', '-Wundef', '-Wmissing-prototypes', '-Wshadow', '-Wno-switch', '-Wparentheses', '-Wpointer-arith', '-Wno-pointer-sign', '-Wno-unused-result', '-DDEFAULT_DVD_DEVICE="/dev/sr0"', '-DDEFAULT_CDROM_DEVICE="/dev/sr0"', '-DHAVE_GPL=1', '-DHAVE_LIBAF=1', '-DHAVE_CPLAYER=1', '-DHAVE_LIBMPV_SHARED=1', '-DHAVE_BUILD_DATE=1', '-DHAVE_OPTIMIZE=1', '-DHAVE_DEBUG_BUILD=1', '-DHAVE_LIBDL=1', '-DHAVE_CPLUGINS=1', '-DHAVE_ASM=1', '-DHAVE_LIBM=1', '-DHAVE_POSIX=1', '-DHAVE_POSIX_OR_MINGW=1', '-DHAVE_PTHREADS=1', '-DHAVE_GNUC=1', '-DHAVE_STDATOMIC=1', '-DHAVE_ATOMICS=1', '-DHAVE_LIBRT=1', '-DHAVE_ICONV=1', '-DHAVE_POSIX_SPAWN_NATIVE=1', '-DHAVE_POSIX_SPAWN=1', '-DHAVE_GLOB_POSIX=1', '-DHAVE_GLOB=1', '-DHAVE_FCHMOD=1', '-DHAVE_VT_H=1', '-DHAVE_GLIBC_THREAD_NAME=1', '../test.c', '-c', '-o/data/home/depend/lmh/0523/mpv-0.29.1.1/build/.conf_check_c4c4636e8a5a956d029f78d7fd0bacbd/testbuild/test.c.1.o']
err: ../test.c: In function â€˜mainâ€™:
../test.c:3:40: warning: statement with no effect [-Wunused-value]
 { struct statfs fs; fstatfs(0, &fs); fs.f_namelen; return 0; }
                                      ~~^~~~~~~~~~

[2/2] Linking [33mbuild/.conf_check_c4c4636e8a5a956d029f78d7fd0bacbd/testbuild/testprog[0m

['/usr/bin/cc', 'test.c.1.o', '-o/data/home/depend/lmh/0523/mpv-0.29.1.1/build/.conf_check_c4c4636e8a5a956d029f78d7fd0bacbd/testbuild/testprog', '-Wl,-Bstatic', '-Wl,-Bdynamic']
yes
-----------------------------------------------------------------
Checking for Samba support (makes mpv GPLv3)
disabled
-----------------------------------------------------------------
Checking for Lua
['/usr/bin/pkg-config', 'lua >= 5.1.0 lua < 5.2.0', '--libs', '--cflags', 'lua', '>=', '5.1.0', 'lua', '<', '5.2.0']
err: Package lua was not found in the pkg-config search path.
Perhaps you should add the directory containing `lua.pc'
to the PKG_CONFIG_PATH environment variable
No package 'lua' found
Package lua was not found in the pkg-config search path.
Perhaps you should add the directory containing `lua.pc'
to the PKG_CONFIG_PATH environment variable
No package 'lua' found
Package lua was not found in the pkg-config search path.
Perhaps you should add the directory containing `lua.pc'
to the PKG_CONFIG_PATH environment variable
No package 'lua' found
Package lua was not found in the pkg-config search path.
Perhaps you should add the directory containing `lua.pc'
to the PKG_CONFIG_PATH environment variable
No package 'lua' found

from /data/home/depend/lmh/0523/mpv-0.29.1.1: The configuration failed
['/usr/bin/pkg-config', 'lua51 >= 5.1.0', '--libs', '--cflags', 'lua51', '>=', '5.1.0']
err: Package lua51 was not found in the pkg-config search path.
Perhaps you should add the directory containing `lua51.pc'
to the PKG_CONFIG_PATH environment variable
No package 'lua51' found
Package lua51 was not found in the pkg-config search path.
Perhaps you should add the directory containing `lua51.pc'
to the PKG_CONFIG_PATH environment variable
No package 'lua51' found

from /data/home/depend/lmh/0523/mpv-0.29.1.1: The configuration failed
['/usr/bin/pkg-config', 'lua5.1 >= 5.1.0', '--libs', '--cflags', 'lua5.1', '>=', '5.1.0']
err: Package lua5.1 was not found in the pkg-config search path.
Perhaps you should add the directory containing `lua5.1.pc'
to the PKG_CONFIG_PATH environment variable
No package 'lua5.1' found
Package lua5.1 was not found in the pkg-config search path.
Perhaps you should add the directory containing `lua5.1.pc'
to the PKG_CONFIG_PATH environment variable
No package 'lua5.1' found

from /data/home/depend/lmh/0523/mpv-0.29.1.1: The configuration failed
['/usr/bin/pkg-config', 'lua-5.1 >= 5.1.0', '--libs', '--cflags', 'lua-5.1', '>=', '5.1.0']
err: Package lua-5.1 was not found in the pkg-config search path.
Perhaps you should add the directory containing `lua-5.1.pc'
to the PKG_CONFIG_PATH environment variable
No package 'lua-5.1' found
Package lua-5.1 was not found in the pkg-config search path.
Perhaps you should add the directory containing `lua-5.1.pc'
to the PKG_CONFIG_PATH environment variable
No package 'lua-5.1' found

from /data/home/depend/lmh/0523/mpv-0.29.1.1: The configuration failed
['/usr/bin/pkg-config', 'lua >= 5.2.0 lua < 5.3.0', '--libs', '--cflags', 'lua', '>=', '5.2.0', 'lua', '<', '5.3.0']
err: Package lua was not found in the pkg-config search path.
Perhaps you should add the directory containing `lua.pc'
to the PKG_CONFIG_PATH environment variable
No package 'lua' found
Package lua was not found in the pkg-config search path.
Perhaps you should add the directory containing `lua.pc'
to the PKG_CONFIG_PATH environment variable
No package 'lua' found
Package lua was not found in the pkg-config search path.
Perhaps you should add the directory containing `lua.pc'
to the PKG_CONFIG_PATH environment variable
No package 'lua' found
Package lua was not found in the pkg-config search path.
Perhaps you should add the directory containing `lua.pc'
to the PKG_CONFIG_PATH environment variable
No package 'lua' found

from /data/home/depend/lmh/0523/mpv-0.29.1.1: The configuration failed
['/usr/bin/pkg-config', 'lua52 >= 5.2.0', '--libs', '--cflags', 'lua52', '>=', '5.2.0']
err: Package lua52 was not found in the pkg-config search path.
Perhaps you should add the directory containing `lua52.pc'
to the PKG_CONFIG_PATH environment variable
No package 'lua52' found
Package lua52 was not found in the pkg-config search path.
Perhaps you should add the directory containing `lua52.pc'
to the PKG_CONFIG_PATH environment variable
No package 'lua52' found

from /data/home/depend/lmh/0523/mpv-0.29.1.1: The configuration failed
['/usr/bin/pkg-config', 'lua5.2 >= 5.2.0', '--libs', '--cflags', 'lua5.2', '>=', '5.2.0']
err: Package lua5.2 was not found in the pkg-config search path.
Perhaps you should add the directory containing `lua5.2.pc'
to the PKG_CONFIG_PATH environment variable
No package 'lua5.2' found
Package lua5.2 was not found in the pkg-config search path.
Perhaps you should add the directory containing `lua5.2.pc'
to the PKG_CONFIG_PATH environment variable
No package 'lua5.2' found

from /data/home/depend/lmh/0523/mpv-0.29.1.1: The configuration failed
['/usr/bin/pkg-config', 'lua-5.2 >= 5.2.0', '--libs', '--cflags', 'lua-5.2', '>=', '5.2.0']
err: Package lua-5.2 was not found in the pkg-config search path.
Perhaps you should add the directory containing `lua-5.2.pc'
to the PKG_CONFIG_PATH environment variable
No package 'lua-5.2' found
Package lua-5.2 was not found in the pkg-config search path.
Perhaps you should add the directory containing `lua-5.2.pc'
to the PKG_CONFIG_PATH environment variable
No package 'lua-5.2' found

from /data/home/depend/lmh/0523/mpv-0.29.1.1: The configuration failed
['/usr/bin/pkg-config', 'luajit >= 2.0.0', '--libs', '--cflags', 'luajit', '>=', '2.0.0']
err: Package luajit was not found in the pkg-config search path.
Perhaps you should add the directory containing `luajit.pc'
to the PKG_CONFIG_PATH environment variable
No package 'luajit' found
Package luajit was not found in the pkg-config search path.
Perhaps you should add the directory containing `luajit.pc'
to the PKG_CONFIG_PATH environment variable
No package 'luajit' found

from /data/home/depend/lmh/0523/mpv-0.29.1.1: The configuration failed
no ('luajit >= 2.0.0' not found)
-----------------------------------------------------------------
Checking for Javascript (MuJS backend)
['/usr/bin/pkg-config', 'mujs >= 1.0.0', '--libs', '--cflags', 'mujs']
err: Package mujs was not found in the pkg-config search path.
Perhaps you should add the directory containing `mujs.pc'
to the PKG_CONFIG_PATH environment variable
No package 'mujs' found
Package mujs was not found in the pkg-config search path.
Perhaps you should add the directory containing `mujs.pc'
to the PKG_CONFIG_PATH environment variable
No package 'mujs' found

from /data/home/depend/lmh/0523/mpv-0.29.1.1: The configuration failed
no ('mujs >= 1.0.0' not found)
-----------------------------------------------------------------
Checking for SSA/ASS support
['/usr/bin/pkg-config', 'libass >= 0.12.1', '--libs', '--cflags', 'libass']
out: -I/usr/include/harfbuzz -I/usr/include/glib-2.0 -I/usr/lib/x86_64-linux-gnu/glib-2.0/include -I/usr/include/uuid -I/usr/include/fribidi -I/usr/include/freetype2 -I/usr/include/libpng16 -lass

yes
-----------------------------------------------------------------
Checking for libass OSD support
yes
-----------------------------------------------------------------
Checking for dummy OSD support
libass-osd found
-----------------------------------------------------------------
Checking for zlib
==>
#include <zlib.h>
int main(int argc, char **argv)
{ inflate(0, Z_NO_FLUSH); return 0; }
<==
[1/2] Compiling [32mbuild/.conf_check_7db9818f44b2ac681be811b7107fc08e/test.c[0m

['/usr/bin/cc', '-D_ISOC99_SOURCE', '-D_GNU_SOURCE', '-D_LARGEFILE_SOURCE', '-D_FILE_OFFSET_BITS=64', '-D_LARGEFILE64_SOURCE', '-std=c99', '-Wall', '-O2', '-g', '-Werror=implicit-function-declaration', '-Wno-error=deprecated-declarations', '-Wno-error=unused-function', '-Wempty-body', '-Wdisabled-optimization', '-Wstrict-prototypes', '-Wno-format-zero-length', '-Werror=format-security', '-Wno-redundant-decls', '-Wvla', '-Wall', '-Wundef', '-Wmissing-prototypes', '-Wshadow', '-Wno-switch', '-Wparentheses', '-Wpointer-arith', '-Wno-pointer-sign', '-Wno-unused-result', '-DDEFAULT_DVD_DEVICE="/dev/sr0"', '-DDEFAULT_CDROM_DEVICE="/dev/sr0"', '-DHAVE_GPL=1', '-DHAVE_LIBAF=1', '-DHAVE_CPLAYER=1', '-DHAVE_LIBMPV_SHARED=1', '-DHAVE_BUILD_DATE=1', '-DHAVE_OPTIMIZE=1', '-DHAVE_DEBUG_BUILD=1', '-DHAVE_LIBDL=1', '-DHAVE_CPLUGINS=1', '-DHAVE_ASM=1', '-DHAVE_LIBM=1', '-DHAVE_POSIX=1', '-DHAVE_POSIX_OR_MINGW=1', '-DHAVE_PTHREADS=1', '-DHAVE_GNUC=1', '-DHAVE_STDATOMIC=1', '-DHAVE_ATOMICS=1', '-DHAVE_LIBRT=1', '-DHAVE_ICONV=1', '-DHAVE_POSIX_SPAWN_NATIVE=1', '-DHAVE_POSIX_SPAWN=1', '-DHAVE_GLOB_POSIX=1', '-DHAVE_GLOB=1', '-DHAVE_FCHMOD=1', '-DHAVE_VT_H=1', '-DHAVE_GLIBC_THREAD_NAME=1', '-DHAVE_LINUX_FSTATFS=1', '-DHAVE_LIBASS=1', '-DHAVE_LIBASS_OSD=1', '../test.c', '-c', '-o/data/home/depend/lmh/0523/mpv-0.29.1.1/build/.conf_check_7db9818f44b2ac681be811b7107fc08e/testbuild/test.c.1.o']
[2/2] Linking [33mbuild/.conf_check_7db9818f44b2ac681be811b7107fc08e/testbuild/testprog[0m

['/usr/bin/cc', 'test.c.1.o', '-o/data/home/depend/lmh/0523/mpv-0.29.1.1/build/.conf_check_7db9818f44b2ac681be811b7107fc08e/testbuild/testprog', '-Wl,-Bstatic', '-Wl,-Bdynamic']
err: /usr/bin/ld: test.c.1.o: in function `main':
/data/home/depend/lmh/0523/mpv-0.29.1.1/build/.conf_check_7db9818f44b2ac681be811b7107fc08e/testbuild/../test.c:3: undefined reference to `inflate'
collect2: error: ld returned 1 exit status

from /data/home/depend/lmh/0523/mpv-0.29.1.1: Test does not build: Traceback (most recent call last):
  File "/data/home/depend/lmh/0523/mpv-0.29.1.1/waflib/Configure.py", line 324, in run_build
    bld.compile()
  File "/data/home/depend/lmh/0523/mpv-0.29.1.1/waflib/Build.py", line 176, in compile
    raise Errors.BuildError(self.producer.error)
BuildError: Build failed
 -> task in 'testprog' failed with exit status 1 (run with -v to display more information)

from /data/home/depend/lmh/0523/mpv-0.29.1.1: The configuration failed
==>
#include <zlib.h>
int main(int argc, char **argv)
{ inflate(0, Z_NO_FLUSH); return 0; }
<==
[1/2] Compiling [32mbuild/.conf_check_68abb968028153bfa2cce8fb101601f4/test.c[0m

['/usr/bin/cc', '-D_ISOC99_SOURCE', '-D_GNU_SOURCE', '-D_LARGEFILE_SOURCE', '-D_FILE_OFFSET_BITS=64', '-D_LARGEFILE64_SOURCE', '-std=c99', '-Wall', '-O2', '-g', '-Werror=implicit-function-declaration', '-Wno-error=deprecated-declarations', '-Wno-error=unused-function', '-Wempty-body', '-Wdisabled-optimization', '-Wstrict-prototypes', '-Wno-format-zero-length', '-Werror=format-security', '-Wno-redundant-decls', '-Wvla', '-Wall', '-Wundef', '-Wmissing-prototypes', '-Wshadow', '-Wno-switch', '-Wparentheses', '-Wpointer-arith', '-Wno-pointer-sign', '-Wno-unused-result', '-DDEFAULT_DVD_DEVICE="/dev/sr0"', '-DDEFAULT_CDROM_DEVICE="/dev/sr0"', '-DHAVE_GPL=1', '-DHAVE_LIBAF=1', '-DHAVE_CPLAYER=1', '-DHAVE_LIBMPV_SHARED=1', '-DHAVE_BUILD_DATE=1', '-DHAVE_OPTIMIZE=1', '-DHAVE_DEBUG_BUILD=1', '-DHAVE_LIBDL=1', '-DHAVE_CPLUGINS=1', '-DHAVE_ASM=1', '-DHAVE_LIBM=1', '-DHAVE_POSIX=1', '-DHAVE_POSIX_OR_MINGW=1', '-DHAVE_PTHREADS=1', '-DHAVE_GNUC=1', '-DHAVE_STDATOMIC=1', '-DHAVE_ATOMICS=1', '-DHAVE_LIBRT=1', '-DHAVE_ICONV=1', '-DHAVE_POSIX_SPAWN_NATIVE=1', '-DHAVE_POSIX_SPAWN=1', '-DHAVE_GLOB_POSIX=1', '-DHAVE_GLOB=1', '-DHAVE_FCHMOD=1', '-DHAVE_VT_H=1', '-DHAVE_GLIBC_THREAD_NAME=1', '-DHAVE_LINUX_FSTATFS=1', '-DHAVE_LIBASS=1', '-DHAVE_LIBASS_OSD=1', '../test.c', '-c', '-o/data/home/depend/lmh/0523/mpv-0.29.1.1/build/.conf_check_68abb968028153bfa2cce8fb101601f4/testbuild/test.c.1.o']
[2/2] Linking [33mbuild/.conf_check_68abb968028153bfa2cce8fb101601f4/testbuild/testprog[0m

['/usr/bin/cc', 'test.c.1.o', '-o/data/home/depend/lmh/0523/mpv-0.29.1.1/build/.conf_check_68abb968028153bfa2cce8fb101601f4/testbuild/testprog', '-Wl,-Bstatic', '-Wl,-Bdynamic', '-lz']
yes
-----------------------------------------------------------------
Checking for Bluray support
['/usr/bin/pkg-config', 'libbluray >= 0.3.0', '--libs', '--cflags', 'libbluray']
out: -I/usr/include/libxml2 -I/usr/include/uuid -I/usr/include/freetype2 -I/usr/include/libpng16 -lbluray

yes
-----------------------------------------------------------------
Checking for dvdread support
disabled
-----------------------------------------------------------------
Checking for dvdnav support
['/usr/bin/pkg-config', 'dvdnav >= 4.2.0', 'dvdread >= 4.1.0', '--libs', '--cflags', 'dvdnav', 'dvdread']
out: -ldvdnav -lpthread -ldvdread

yes
-----------------------------------------------------------------
Checking for DVD/IFO support
yes
-----------------------------------------------------------------
Checking for cdda support (libcdio)
disabled
-----------------------------------------------------------------
Checking for uchardet support
['/usr/bin/pkg-config', 'uchardet', '--libs', '--cflags', 'uchardet']
err: Package uchardet was not found in the pkg-config search path.
Perhaps you should add the directory containing `uchardet.pc'
to the PKG_CONFIG_PATH environment variable
No package 'uchardet' found
Package uchardet was not found in the pkg-config search path.
Perhaps you should add the directory containing `uchardet.pc'
to the PKG_CONFIG_PATH environment variable
No package 'uchardet' found

from /data/home/depend/lmh/0523/mpv-0.29.1.1: The configuration failed
no ('uchardet' not found)
-----------------------------------------------------------------
Checking for librubberband support
['/usr/bin/pkg-config', 'rubberband >= 1.8.0', '--libs', '--cflags', 'rubberband']
err: Package rubberband was not found in the pkg-config search path.
Perhaps you should add the directory containing `rubberband.pc'
to the PKG_CONFIG_PATH environment variable
No package 'rubberband' found
Package rubberband was not found in the pkg-config search path.
Perhaps you should add the directory containing `rubberband.pc'
to the PKG_CONFIG_PATH environment variable
No package 'rubberband' found

from /data/home/depend/lmh/0523/mpv-0.29.1.1: The configuration failed
no ('rubberband >= 1.8.0' not found)
-----------------------------------------------------------------
Checking for LCMS2 support
['/usr/bin/pkg-config', 'lcms2 >= 2.6', '--libs', '--cflags', 'lcms2']
err: Package lcms2 was not found in the pkg-config search path.
Perhaps you should add the directory containing `lcms2.pc'
to the PKG_CONFIG_PATH environment variable
No package 'lcms2' found
Package lcms2 was not found in the pkg-config search path.
Perhaps you should add the directory containing `lcms2.pc'
to the PKG_CONFIG_PATH environment variable
No package 'lcms2' found

from /data/home/depend/lmh/0523/mpv-0.29.1.1: The configuration failed
no ('lcms2 >= 2.6' not found)
-----------------------------------------------------------------
Checking for VapourSynth filter bridge (Python)
['/usr/bin/pkg-config', 'vapoursynth >= 24', 'vapoursynth-script >= 23', '--libs', '--cflags', 'vapoursynth', 'vapoursynth-script']
err: Package vapoursynth was not found in the pkg-config search path.
Perhaps you should add the directory containing `vapoursynth.pc'
to the PKG_CONFIG_PATH environment variable
No package 'vapoursynth' found
Package vapoursynth-script was not found in the pkg-config search path.
Perhaps you should add the directory containing `vapoursynth-script.pc'
to the PKG_CONFIG_PATH environment variable
No package 'vapoursynth-script' found
Package vapoursynth was not found in the pkg-config search path.
Perhaps you should add the directory containing `vapoursynth.pc'
to the PKG_CONFIG_PATH environment variable
No package 'vapoursynth' found
Package vapoursynth-script was not found in the pkg-config search path.
Perhaps you should add the directory containing `vapoursynth-script.pc'
to the PKG_CONFIG_PATH environment variable
No package 'vapoursynth-script' found

from /data/home/depend/lmh/0523/mpv-0.29.1.1: The configuration failed
no ('vapoursynth >= 24 vapoursynth-script >= 23' not found)
-----------------------------------------------------------------
Checking for VapourSynth filter bridge (Lazy Lua)
lua not found
-----------------------------------------------------------------
Checking for VapourSynth filter bridge (core)
vapoursynth not found
-----------------------------------------------------------------
Checking for libarchive wrapper for reading zip files and more
['/usr/bin/pkg-config', 'libarchive >= 3.0.0', '--libs', '--cflags', 'libarchive', '>=', '3.0.0']
out: -larchive

yes
-----------------------------------------------------------------
Checking for SDL2
disabled
-----------------------------------------------------------------
Checking for OSS
==>
#include <sys/soundcard.h>

int main(int argc, char **argv) {
	(void)argc; (void)argv;
	return 0;
}

<==
[1/2] Compiling [32mbuild/.conf_check_3c5dac2f893adeaade6a9047a65445fb/test.c[0m

['/usr/bin/cc', '-D_ISOC99_SOURCE', '-D_GNU_SOURCE', '-D_LARGEFILE_SOURCE', '-D_FILE_OFFSET_BITS=64', '-D_LARGEFILE64_SOURCE', '-std=c99', '-Wall', '-O2', '-g', '-Werror=implicit-function-declaration', '-Wno-error=deprecated-declarations', '-Wno-error=unused-function', '-Wempty-body', '-Wdisabled-optimization', '-Wstrict-prototypes', '-Wno-format-zero-length', '-Werror=format-security', '-Wno-redundant-decls', '-Wvla', '-Wall', '-Wundef', '-Wmissing-prototypes', '-Wshadow', '-Wno-switch', '-Wparentheses', '-Wpointer-arith', '-Wno-pointer-sign', '-Wno-unused-result', '-DDEFAULT_DVD_DEVICE="/dev/sr0"', '-DDEFAULT_CDROM_DEVICE="/dev/sr0"', '-DHAVE_GPL=1', '-DHAVE_LIBAF=1', '-DHAVE_CPLAYER=1', '-DHAVE_LIBMPV_SHARED=1', '-DHAVE_BUILD_DATE=1', '-DHAVE_OPTIMIZE=1', '-DHAVE_DEBUG_BUILD=1', '-DHAVE_LIBDL=1', '-DHAVE_CPLUGINS=1', '-DHAVE_ASM=1', '-DHAVE_LIBM=1', '-DHAVE_POSIX=1', '-DHAVE_POSIX_OR_MINGW=1', '-DHAVE_PTHREADS=1', '-DHAVE_GNUC=1', '-DHAVE_STDATOMIC=1', '-DHAVE_ATOMICS=1', '-DHAVE_LIBRT=1', '-DHAVE_ICONV=1', '-DHAVE_POSIX_SPAWN_NATIVE=1', '-DHAVE_POSIX_SPAWN=1', '-DHAVE_GLOB_POSIX=1', '-DHAVE_GLOB=1', '-DHAVE_FCHMOD=1', '-DHAVE_VT_H=1', '-DHAVE_GLIBC_THREAD_NAME=1', '-DHAVE_LINUX_FSTATFS=1', '-DHAVE_LIBASS=1', '-DHAVE_LIBASS_OSD=1', '-DHAVE_ZLIB=1', '-DHAVE_LIBBLURAY=1', '-DHAVE_DVDNAV=1', '-DHAVE_DVDREAD_COMMON=1', '-DHAVE_LIBARCHIVE=1', '../test.c', '-c', '-o/data/home/depend/lmh/0523/mpv-0.29.1.1/build/.conf_check_3c5dac2f893adeaade6a9047a65445fb/testbuild/test.c.1.o']
[2/2] Linking [33mbuild/.conf_check_3c5dac2f893adeaade6a9047a65445fb/testbuild/testprog[0m

['/usr/bin/cc', 'test.c.1.o', '-o/data/home/depend/lmh/0523/mpv-0.29.1.1/build/.conf_check_3c5dac2f893adeaade6a9047a65445fb/testbuild/testprog', '-Wl,-Bstatic', '-Wl,-Bdynamic']
yes
-----------------------------------------------------------------
Checking for RSound audio output
==>
#include <rsound.h>
int main(int argc, char **argv)
{ rsd_init(NULL); return 0; }
<==
[1/2] Compiling [32mbuild/.conf_check_d6ac756bb58e54101013aa8a6c91148f/test.c[0m

['/usr/bin/cc', '-D_ISOC99_SOURCE', '-D_GNU_SOURCE', '-D_LARGEFILE_SOURCE', '-D_FILE_OFFSET_BITS=64', '-D_LARGEFILE64_SOURCE', '-std=c99', '-Wall', '-O2', '-g', '-Werror=implicit-function-declaration', '-Wno-error=deprecated-declarations', '-Wno-error=unused-function', '-Wempty-body', '-Wdisabled-optimization', '-Wstrict-prototypes', '-Wno-format-zero-length', '-Werror=format-security', '-Wno-redundant-decls', '-Wvla', '-Wall', '-Wundef', '-Wmissing-prototypes', '-Wshadow', '-Wno-switch', '-Wparentheses', '-Wpointer-arith', '-Wno-pointer-sign', '-Wno-unused-result', '-DDEFAULT_DVD_DEVICE="/dev/sr0"', '-DDEFAULT_CDROM_DEVICE="/dev/sr0"', '-DHAVE_GPL=1', '-DHAVE_LIBAF=1', '-DHAVE_CPLAYER=1', '-DHAVE_LIBMPV_SHARED=1', '-DHAVE_BUILD_DATE=1', '-DHAVE_OPTIMIZE=1', '-DHAVE_DEBUG_BUILD=1', '-DHAVE_LIBDL=1', '-DHAVE_CPLUGINS=1', '-DHAVE_ASM=1', '-DHAVE_LIBM=1', '-DHAVE_POSIX=1', '-DHAVE_POSIX_OR_MINGW=1', '-DHAVE_PTHREADS=1', '-DHAVE_GNUC=1', '-DHAVE_STDATOMIC=1', '-DHAVE_ATOMICS=1', '-DHAVE_LIBRT=1', '-DHAVE_ICONV=1', '-DHAVE_POSIX_SPAWN_NATIVE=1', '-DHAVE_POSIX_SPAWN=1', '-DHAVE_GLOB_POSIX=1', '-DHAVE_GLOB=1', '-DHAVE_FCHMOD=1', '-DHAVE_VT_H=1', '-DHAVE_GLIBC_THREAD_NAME=1', '-DHAVE_LINUX_FSTATFS=1', '-DHAVE_LIBASS=1', '-DHAVE_LIBASS_OSD=1', '-DHAVE_ZLIB=1', '-DHAVE_LIBBLURAY=1', '-DHAVE_DVDNAV=1', '-DHAVE_DVDREAD_COMMON=1', '-DHAVE_LIBARCHIVE=1', '-DHAVE_OSS_AUDIO=1', '../test.c', '-c', '-o/data/home/depend/lmh/0523/mpv-0.29.1.1/build/.conf_check_d6ac756bb58e54101013aa8a6c91148f/testbuild/test.c.1.o']
err: ../test.c:1:10: fatal error: rsound.h: æ²¡æœ‰é‚£ä¸ªæ–‡ä»¶æˆ–ç›®å½•
 #include <rsound.h>
          ^~~~~~~~~~
compilation terminated.

from /data/home/depend/lmh/0523/mpv-0.29.1.1: Test does not build: Traceback (most recent call last):
  File "/data/home/depend/lmh/0523/mpv-0.29.1.1/waflib/Configure.py", line 324, in run_build
    bld.compile()
  File "/data/home/depend/lmh/0523/mpv-0.29.1.1/waflib/Build.py", line 176, in compile
    raise Errors.BuildError(self.producer.error)
BuildError: Build failed
 -> task in 'testprog' failed with exit status 1 (run with -v to display more information)

from /data/home/depend/lmh/0523/mpv-0.29.1.1: The configuration failed
no
-----------------------------------------------------------------
Checking for sndio audio input/output
disabled
-----------------------------------------------------------------
Checking for PulseAudio audio output
['/usr/bin/pkg-config', 'libpulse >= 1.0', '--libs', '--cflags', 'libpulse']
out: -D_REENTRANT -lpulse

yes
-----------------------------------------------------------------
Checking for JACK audio output
['/usr/bin/pkg-config', 'jack', '--libs', '--cflags', 'jack']
err: Package jack was not found in the pkg-config search path.
Perhaps you should add the directory containing `jack.pc'
to the PKG_CONFIG_PATH environment variable
No package 'jack' found
Package jack was not found in the pkg-config search path.
Perhaps you should add the directory containing `jack.pc'
to the PKG_CONFIG_PATH environment variable
No package 'jack' found

from /data/home/depend/lmh/0523/mpv-0.29.1.1: The configuration failed
no ('jack' not found)
-----------------------------------------------------------------
Checking for OpenAL audio output
disabled
-----------------------------------------------------------------
Checking for OpenSL ES audio output
==>
#include <SLES/OpenSLES.h>
int main(int argc, char **argv)
{ slCreateEngine; return 0; }
<==
[1/2] Compiling [32mbuild/.conf_check_7a8537ced2ef6780ff3f68d01e9affb8/test.c[0m

['/usr/bin/cc', '-D_ISOC99_SOURCE', '-D_GNU_SOURCE', '-D_LARGEFILE_SOURCE', '-D_FILE_OFFSET_BITS=64', '-D_LARGEFILE64_SOURCE', '-std=c99', '-Wall', '-O2', '-g', '-Werror=implicit-function-declaration', '-Wno-error=deprecated-declarations', '-Wno-error=unused-function', '-Wempty-body', '-Wdisabled-optimization', '-Wstrict-prototypes', '-Wno-format-zero-length', '-Werror=format-security', '-Wno-redundant-decls', '-Wvla', '-Wall', '-Wundef', '-Wmissing-prototypes', '-Wshadow', '-Wno-switch', '-Wparentheses', '-Wpointer-arith', '-Wno-pointer-sign', '-Wno-unused-result', '-DDEFAULT_DVD_DEVICE="/dev/sr0"', '-DDEFAULT_CDROM_DEVICE="/dev/sr0"', '-DHAVE_GPL=1', '-DHAVE_LIBAF=1', '-DHAVE_CPLAYER=1', '-DHAVE_LIBMPV_SHARED=1', '-DHAVE_BUILD_DATE=1', '-DHAVE_OPTIMIZE=1', '-DHAVE_DEBUG_BUILD=1', '-DHAVE_LIBDL=1', '-DHAVE_CPLUGINS=1', '-DHAVE_ASM=1', '-DHAVE_LIBM=1', '-DHAVE_POSIX=1', '-DHAVE_POSIX_OR_MINGW=1', '-DHAVE_PTHREADS=1', '-DHAVE_GNUC=1', '-DHAVE_STDATOMIC=1', '-DHAVE_ATOMICS=1', '-DHAVE_LIBRT=1', '-DHAVE_ICONV=1', '-DHAVE_POSIX_SPAWN_NATIVE=1', '-DHAVE_POSIX_SPAWN=1', '-DHAVE_GLOB_POSIX=1', '-DHAVE_GLOB=1', '-DHAVE_FCHMOD=1', '-DHAVE_VT_H=1', '-DHAVE_GLIBC_THREAD_NAME=1', '-DHAVE_LINUX_FSTATFS=1', '-DHAVE_LIBASS=1', '-DHAVE_LIBASS_OSD=1', '-DHAVE_ZLIB=1', '-DHAVE_LIBBLURAY=1', '-DHAVE_DVDNAV=1', '-DHAVE_DVDREAD_COMMON=1', '-DHAVE_LIBARCHIVE=1', '-DHAVE_OSS_AUDIO=1', '-DHAVE_PULSE=1', '../test.c', '-c', '-o/data/home/depend/lmh/0523/mpv-0.29.1.1/build/.conf_check_7a8537ced2ef6780ff3f68d01e9affb8/testbuild/test.c.1.o']
err: ../test.c:1:10: fatal error: SLES/OpenSLES.h: æ²¡æœ‰é‚£ä¸ªæ–‡ä»¶æˆ–ç›®å½•
 #include <SLES/OpenSLES.h>
          ^~~~~~~~~~~~~~~~~
compilation terminated.

from /data/home/depend/lmh/0523/mpv-0.29.1.1: Test does not build: Traceback (most recent call last):
  File "/data/home/depend/lmh/0523/mpv-0.29.1.1/waflib/Configure.py", line 324, in run_build
    bld.compile()
  File "/data/home/depend/lmh/0523/mpv-0.29.1.1/waflib/Build.py", line 176, in compile
    raise Errors.BuildError(self.producer.error)
BuildError: Build failed
 -> task in 'testprog' failed with exit status 1 (run with -v to display more information)

from /data/home/depend/lmh/0523/mpv-0.29.1.1: The configuration failed
no
-----------------------------------------------------------------
Checking for ALSA audio output
['/usr/bin/pkg-config', 'alsa >= 1.0.18', '--libs', '--cflags', 'alsa']
err: Package alsa was not found in the pkg-config search path.
Perhaps you should add the directory containing `alsa.pc'
to the PKG_CONFIG_PATH environment variable
No package 'alsa' found
Package alsa was not found in the pkg-config search path.
Perhaps you should add the directory containing `alsa.pc'
to the PKG_CONFIG_PATH environment variable
No package 'alsa' found

from /data/home/depend/lmh/0523/mpv-0.29.1.1: The configuration failed
no ('alsa >= 1.0.18' not found)
-----------------------------------------------------------------
Checking for CoreAudio audio output
==>
#include <CoreAudio/CoreAudio.h>
#include <AudioToolbox/AudioToolbox.h>
#include <AudioUnit/AudioUnit.h>

int main(int argc, char **argv)
{
    AudioComponentDescription desc = (AudioComponentDescription) {
        .componentType         = kAudioUnitType_Output,
        .componentSubType      = kAudioUnitSubType_DefaultOutput,
        .componentManufacturer = kAudioUnitManufacturer_Apple,
    };

    AudioComponentFindNext(NULL, &desc);
    return 0;
}

<==
[1/2] Compiling [32mbuild/.conf_check_e8b80c319fe5e24dcdacff2eb3a53b3c/test.c[0m

['/usr/bin/cc', '-D_ISOC99_SOURCE', '-D_GNU_SOURCE', '-D_LARGEFILE_SOURCE', '-D_FILE_OFFSET_BITS=64', '-D_LARGEFILE64_SOURCE', '-std=c99', '-Wall', '-O2', '-g', '-Werror=implicit-function-declaration', '-Wno-error=deprecated-declarations', '-Wno-error=unused-function', '-Wempty-body', '-Wdisabled-optimization', '-Wstrict-prototypes', '-Wno-format-zero-length', '-Werror=format-security', '-Wno-redundant-decls', '-Wvla', '-Wall', '-Wundef', '-Wmissing-prototypes', '-Wshadow', '-Wno-switch', '-Wparentheses', '-Wpointer-arith', '-Wno-pointer-sign', '-Wno-unused-result', '-DDEFAULT_DVD_DEVICE="/dev/sr0"', '-DDEFAULT_CDROM_DEVICE="/dev/sr0"', '-DHAVE_GPL=1', '-DHAVE_LIBAF=1', '-DHAVE_CPLAYER=1', '-DHAVE_LIBMPV_SHARED=1', '-DHAVE_BUILD_DATE=1', '-DHAVE_OPTIMIZE=1', '-DHAVE_DEBUG_BUILD=1', '-DHAVE_LIBDL=1', '-DHAVE_CPLUGINS=1', '-DHAVE_ASM=1', '-DHAVE_LIBM=1', '-DHAVE_POSIX=1', '-DHAVE_POSIX_OR_MINGW=1', '-DHAVE_PTHREADS=1', '-DHAVE_GNUC=1', '-DHAVE_STDATOMIC=1', '-DHAVE_ATOMICS=1', '-DHAVE_LIBRT=1', '-DHAVE_ICONV=1', '-DHAVE_POSIX_SPAWN_NATIVE=1', '-DHAVE_POSIX_SPAWN=1', '-DHAVE_GLOB_POSIX=1', '-DHAVE_GLOB=1', '-DHAVE_FCHMOD=1', '-DHAVE_VT_H=1', '-DHAVE_GLIBC_THREAD_NAME=1', '-DHAVE_LINUX_FSTATFS=1', '-DHAVE_LIBASS=1', '-DHAVE_LIBASS_OSD=1', '-DHAVE_ZLIB=1', '-DHAVE_LIBBLURAY=1', '-DHAVE_DVDNAV=1', '-DHAVE_DVDREAD_COMMON=1', '-DHAVE_LIBARCHIVE=1', '-DHAVE_OSS_AUDIO=1', '-DHAVE_PULSE=1', '../test.c', '-c', '-o/data/home/depend/lmh/0523/mpv-0.29.1.1/build/.conf_check_e8b80c319fe5e24dcdacff2eb3a53b3c/testbuild/test.c.1.o']
err: ../test.c:1:10: fatal error: CoreAudio/CoreAudio.h: æ²¡æœ‰é‚£ä¸ªæ–‡ä»¶æˆ–ç›®å½•
 #include <CoreAudio/CoreAudio.h>
          ^~~~~~~~~~~~~~~~~~~~~~~
compilation terminated.

from /data/home/depend/lmh/0523/mpv-0.29.1.1: Test does not build: Traceback (most recent call last):
  File "/data/home/depend/lmh/0523/mpv-0.29.1.1/waflib/Configure.py", line 324, in run_build
    bld.compile()
  File "/data/home/depend/lmh/0523/mpv-0.29.1.1/waflib/Build.py", line 176, in compile
    raise Errors.BuildError(self.producer.error)
BuildError: Build failed
 -> task in 'testprog' failed with exit status 1 (run with -v to display more information)

from /data/home/depend/lmh/0523/mpv-0.29.1.1: The configuration failed
no
-----------------------------------------------------------------
Checking for AudioUnit output for iOS
==>
#include <AudioToolbox/AudioToolbox.h>
#include <AudioUnit/AudioUnit.h>
#include <CoreAudio/CoreAudioTypes.h>

int main(int argc, char **argv)
{
    AudioComponentDescription desc = (AudioComponentDescription) {
        .componentType         = kAudioUnitType_Output,
        .componentSubType      = kAudioUnitSubType_RemoteIO,
        .componentManufacturer = kAudioUnitManufacturer_Apple,
    };

    AudioComponentFindNext(NULL, &desc);
    return 0;
}

<==
[1/2] Compiling [32mbuild/.conf_check_ca04ce99d8aecce3d90af2daac402433/test.c[0m

['/usr/bin/cc', '-D_ISOC99_SOURCE', '-D_GNU_SOURCE', '-D_LARGEFILE_SOURCE', '-D_FILE_OFFSET_BITS=64', '-D_LARGEFILE64_SOURCE', '-std=c99', '-Wall', '-O2', '-g', '-Werror=implicit-function-declaration', '-Wno-error=deprecated-declarations', '-Wno-error=unused-function', '-Wempty-body', '-Wdisabled-optimization', '-Wstrict-prototypes', '-Wno-format-zero-length', '-Werror=format-security', '-Wno-redundant-decls', '-Wvla', '-Wall', '-Wundef', '-Wmissing-prototypes', '-Wshadow', '-Wno-switch', '-Wparentheses', '-Wpointer-arith', '-Wno-pointer-sign', '-Wno-unused-result', '-DDEFAULT_DVD_DEVICE="/dev/sr0"', '-DDEFAULT_CDROM_DEVICE="/dev/sr0"', '-DHAVE_GPL=1', '-DHAVE_LIBAF=1', '-DHAVE_CPLAYER=1', '-DHAVE_LIBMPV_SHARED=1', '-DHAVE_BUILD_DATE=1', '-DHAVE_OPTIMIZE=1', '-DHAVE_DEBUG_BUILD=1', '-DHAVE_LIBDL=1', '-DHAVE_CPLUGINS=1', '-DHAVE_ASM=1', '-DHAVE_LIBM=1', '-DHAVE_POSIX=1', '-DHAVE_POSIX_OR_MINGW=1', '-DHAVE_PTHREADS=1', '-DHAVE_GNUC=1', '-DHAVE_STDATOMIC=1', '-DHAVE_ATOMICS=1', '-DHAVE_LIBRT=1', '-DHAVE_ICONV=1', '-DHAVE_POSIX_SPAWN_NATIVE=1', '-DHAVE_POSIX_SPAWN=1', '-DHAVE_GLOB_POSIX=1', '-DHAVE_GLOB=1', '-DHAVE_FCHMOD=1', '-DHAVE_VT_H=1', '-DHAVE_GLIBC_THREAD_NAME=1', '-DHAVE_LINUX_FSTATFS=1', '-DHAVE_LIBASS=1', '-DHAVE_LIBASS_OSD=1', '-DHAVE_ZLIB=1', '-DHAVE_LIBBLURAY=1', '-DHAVE_DVDNAV=1', '-DHAVE_DVDREAD_COMMON=1', '-DHAVE_LIBARCHIVE=1', '-DHAVE_OSS_AUDIO=1', '-DHAVE_PULSE=1', '../test.c', '-c', '-o/data/home/depend/lmh/0523/mpv-0.29.1.1/build/.conf_check_ca04ce99d8aecce3d90af2daac402433/testbuild/test.c.1.o']
err: ../test.c:1:10: fatal error: AudioToolbox/AudioToolbox.h: æ²¡æœ‰é‚£ä¸ªæ–‡ä»¶æˆ–ç›®å½•
 #include <AudioToolbox/AudioToolbox.h>
          ^~~~~~~~~~~~~~~~~~~~~~~~~~~~~
compilation terminated.

from /data/home/depend/lmh/0523/mpv-0.29.1.1: Test does not build: Traceback (most recent call last):
  File "/data/home/depend/lmh/0523/mpv-0.29.1.1/waflib/Configure.py", line 324, in run_build
    bld.compile()
  File "/data/home/depend/lmh/0523/mpv-0.29.1.1/waflib/Build.py", line 176, in compile
    raise Errors.BuildError(self.producer.error)
BuildError: Build failed
 -> task in 'testprog' failed with exit status 1 (run with -v to display more information)

from /data/home/depend/lmh/0523/mpv-0.29.1.1: The configuration failed
no
-----------------------------------------------------------------
Checking for WASAPI audio output
os-win32 not found
-----------------------------------------------------------------
Checking for Cocoa
==>
#import <CoreServices/CoreServices.h>
#import <OpenGL/OpenGL.h>
#import <Cocoa/Cocoa.h>

#include "osdep/macosx_compat.h"

int main(int argc, char **argv)
{
    @autoreleasepool {
        NSArray *ary = @[@1, @2, @3];
        NSLog(@"test subscripting: %@", ary[0]);
        NSApplicationLoad();
        CVDisplayLinkRef link;
        CVDisplayLinkCreateWithCGDisplay(0, &link);
    }
}

<==
[1/2] Compiling [32mbuild/.conf_check_7f1a6f764a0a6486200518e70c53b56a/test.m[0m

['/usr/bin/cc', '-D_ISOC99_SOURCE', '-D_GNU_SOURCE', '-D_LARGEFILE_SOURCE', '-D_FILE_OFFSET_BITS=64', '-D_LARGEFILE64_SOURCE', '-std=c99', '-Wall', '-O2', '-g', '-Werror=implicit-function-declaration', '-Wno-error=deprecated-declarations', '-Wno-error=unused-function', '-Wempty-body', '-Wdisabled-optimization', '-Wstrict-prototypes', '-Wno-format-zero-length', '-Werror=format-security', '-Wno-redundant-decls', '-Wvla', '-Wall', '-Wundef', '-Wmissing-prototypes', '-Wshadow', '-Wno-switch', '-Wparentheses', '-Wpointer-arith', '-Wno-pointer-sign', '-Wno-unused-result', '-I../../..', '-DDEFAULT_DVD_DEVICE="/dev/sr0"', '-DDEFAULT_CDROM_DEVICE="/dev/sr0"', '-DHAVE_GPL=1', '-DHAVE_LIBAF=1', '-DHAVE_CPLAYER=1', '-DHAVE_LIBMPV_SHARED=1', '-DHAVE_BUILD_DATE=1', '-DHAVE_OPTIMIZE=1', '-DHAVE_DEBUG_BUILD=1', '-DHAVE_LIBDL=1', '-DHAVE_CPLUGINS=1', '-DHAVE_ASM=1', '-DHAVE_LIBM=1', '-DHAVE_POSIX=1', '-DHAVE_POSIX_OR_MINGW=1', '-DHAVE_PTHREADS=1', '-DHAVE_GNUC=1', '-DHAVE_STDATOMIC=1', '-DHAVE_ATOMICS=1', '-DHAVE_LIBRT=1', '-DHAVE_ICONV=1', '-DHAVE_POSIX_SPAWN_NATIVE=1', '-DHAVE_POSIX_SPAWN=1', '-DHAVE_GLOB_POSIX=1', '-DHAVE_GLOB=1', '-DHAVE_FCHMOD=1', '-DHAVE_VT_H=1', '-DHAVE_GLIBC_THREAD_NAME=1', '-DHAVE_LINUX_FSTATFS=1', '-DHAVE_LIBASS=1', '-DHAVE_LIBASS_OSD=1', '-DHAVE_ZLIB=1', '-DHAVE_LIBBLURAY=1', '-DHAVE_DVDNAV=1', '-DHAVE_DVDREAD_COMMON=1', '-DHAVE_LIBARCHIVE=1', '-DHAVE_OSS_AUDIO=1', '-DHAVE_PULSE=1', '../test.m', '-c', '-o/data/home/depend/lmh/0523/mpv-0.29.1.1/build/.conf_check_7f1a6f764a0a6486200518e70c53b56a/testbuild/test.m.1.o']
err: cc: error trying to exec 'cc1obj': execvp: æ²¡æœ‰é‚£ä¸ªæ–‡ä»¶æˆ–ç›®å½•

from /data/home/depend/lmh/0523/mpv-0.29.1.1: Test does not build: Traceback (most recent call last):
  File "/data/home/depend/lmh/0523/mpv-0.29.1.1/waflib/Configure.py", line 324, in run_build
    bld.compile()
  File "/data/home/depend/lmh/0523/mpv-0.29.1.1/waflib/Build.py", line 176, in compile
    raise Errors.BuildError(self.producer.error)
BuildError: Build failed
 -> task in 'testprog' failed with exit status 1 (run with -v to display more information)

from /data/home/depend/lmh/0523/mpv-0.29.1.1: The configuration failed
no
-----------------------------------------------------------------
Checking for DRM
['/usr/bin/pkg-config', 'libdrm', '--libs', '--cflags', 'libdrm']
out: -I/usr/include/libdrm -ldrm

yes
-----------------------------------------------------------------
Checking for DRM Prime ffmpeg support
==>
#include <libavutil/pixfmt.h>
int main(int argc, char **argv)
{ int i = AV_PIX_FMT_DRM_PRIME; return 0; }
<==
[1/2] Compiling [32mbuild/.conf_check_76a83011bb7f88a6c947add9d75f81ed/test.c[0m

['/usr/bin/cc', '-D_ISOC99_SOURCE', '-D_GNU_SOURCE', '-D_LARGEFILE_SOURCE', '-D_FILE_OFFSET_BITS=64', '-D_LARGEFILE64_SOURCE', '-std=c99', '-Wall', '-O2', '-g', '-Werror=implicit-function-declaration', '-Wno-error=deprecated-declarations', '-Wno-error=unused-function', '-Wempty-body', '-Wdisabled-optimization', '-Wstrict-prototypes', '-Wno-format-zero-length', '-Werror=format-security', '-Wno-redundant-decls', '-Wvla', '-Wall', '-Wundef', '-Wmissing-prototypes', '-Wshadow', '-Wno-switch', '-Wparentheses', '-Wpointer-arith', '-Wno-pointer-sign', '-Wno-unused-result', '-DDEFAULT_DVD_DEVICE="/dev/sr0"', '-DDEFAULT_CDROM_DEVICE="/dev/sr0"', '-DHAVE_GPL=1', '-DHAVE_LIBAF=1', '-DHAVE_CPLAYER=1', '-DHAVE_LIBMPV_SHARED=1', '-DHAVE_BUILD_DATE=1', '-DHAVE_OPTIMIZE=1', '-DHAVE_DEBUG_BUILD=1', '-DHAVE_LIBDL=1', '-DHAVE_CPLUGINS=1', '-DHAVE_ASM=1', '-DHAVE_LIBM=1', '-DHAVE_POSIX=1', '-DHAVE_POSIX_OR_MINGW=1', '-DHAVE_PTHREADS=1', '-DHAVE_GNUC=1', '-DHAVE_STDATOMIC=1', '-DHAVE_ATOMICS=1', '-DHAVE_LIBRT=1', '-DHAVE_ICONV=1', '-DHAVE_POSIX_SPAWN_NATIVE=1', '-DHAVE_POSIX_SPAWN=1', '-DHAVE_GLOB_POSIX=1', '-DHAVE_GLOB=1', '-DHAVE_FCHMOD=1', '-DHAVE_VT_H=1', '-DHAVE_GLIBC_THREAD_NAME=1', '-DHAVE_LINUX_FSTATFS=1', '-DHAVE_LIBASS=1', '-DHAVE_LIBASS_OSD=1', '-DHAVE_ZLIB=1', '-DHAVE_LIBBLURAY=1', '-DHAVE_DVDNAV=1', '-DHAVE_DVDREAD_COMMON=1', '-DHAVE_LIBARCHIVE=1', '-DHAVE_OSS_AUDIO=1', '-DHAVE_PULSE=1', '-DHAVE_DRM=1', '../test.c', '-c', '-o/data/home/depend/lmh/0523/mpv-0.29.1.1/build/.conf_check_76a83011bb7f88a6c947add9d75f81ed/testbuild/test.c.1.o']
err: ../test.c: In function â€˜mainâ€™:
../test.c:3:7: warning: unused variable â€˜iâ€™ [-Wunused-variable]
 { int i = AV_PIX_FMT_DRM_PRIME; return 0; }
       ^

[2/2] Linking [33mbuild/.conf_check_76a83011bb7f88a6c947add9d75f81ed/testbuild/testprog[0m

['/usr/bin/cc', 'test.c.1.o', '-o/data/home/depend/lmh/0523/mpv-0.29.1.1/build/.conf_check_76a83011bb7f88a6c947add9d75f81ed/testbuild/testprog', '-Wl,-Bstatic', '-Wl,-Bdynamic']
yes
-----------------------------------------------------------------
Checking for GBM
gbm.h not found
-----------------------------------------------------------------
Checking for wayland-scanner
find program=['wayland-scanner'] paths=['/usr/local/sbin', '/usr/local/bin', '/usr/sbin', '/usr/bin', '/sbin', '/bin'] var='WAYSCAN' -> None
from /data/home/depend/lmh/0523/mpv-0.29.1.1: Could not find the program ['wayland-scanner']
no
-----------------------------------------------------------------
Checking for wayland-protocols
['/usr/bin/pkg-config', 'wayland-protocols >= 1.14', '--variable=pkgdatadir', 'wayland-protocols']
err: Package wayland-protocols was not found in the pkg-config search path.
Perhaps you should add the directory containing `wayland-protocols.pc'
to the PKG_CONFIG_PATH environment variable
No package 'wayland-protocols' found
Package wayland-protocols was not found in the pkg-config search path.
Perhaps you should add the directory containing `wayland-protocols.pc'
to the PKG_CONFIG_PATH environment variable
No package 'wayland-protocols' found

from /data/home/depend/lmh/0523/mpv-0.29.1.1: The configuration failed
no ('wayland-protocols >= 1.14' not found)
-----------------------------------------------------------------
Checking for Wayland
wayland-protocols not found
-----------------------------------------------------------------
Checking for X11
['/usr/bin/pkg-config', 'x11 >= 1.0.0', 'xscrnsaver >= 1.0.0', 'xext >= 1.0.0', 'xinerama >= 1.0.0', 'xrandr >= 1.2.0', '--libs', '--cflags', 'x11', 'xscrnsaver', 'xext', 'xinerama', 'xrandr']
err: Package xinerama was not found in the pkg-config search path.
Perhaps you should add the directory containing `xinerama.pc'
to the PKG_CONFIG_PATH environment variable
No package 'xinerama' found
Package xinerama was not found in the pkg-config search path.
Perhaps you should add the directory containing `xinerama.pc'
to the PKG_CONFIG_PATH environment variable
No package 'xinerama' found

from /data/home/depend/lmh/0523/mpv-0.29.1.1: The configuration failed
no ('x11 >= 1.0.0 xscrnsaver >= 1.0.0 xext >= 1.0.0 xinerama >= 1.0.0 xrandr >= 1.2.0' not found)
-----------------------------------------------------------------
Checking for Xv video output
x11 not found
-----------------------------------------------------------------
Checking for OpenGL Cocoa Backend
cocoa not found
-----------------------------------------------------------------
Checking for OpenGL X11 Backend
x11 not found
-----------------------------------------------------------------
Checking for OpenGL X11 EGL Backend
x11 not found
-----------------------------------------------------------------
Checking for OpenGL DRM EGL Backend
gbm not found
-----------------------------------------------------------------
Checking for OpenGL Wayland Backend
wayland not found
-----------------------------------------------------------------
Checking for OpenGL Win32 Backend
win32-desktop not found
-----------------------------------------------------------------
Checking for OpenGL/DirectX Interop Backend
gl-win32 not found
-----------------------------------------------------------------
Checking for OpenGL ANGLE headers
os-win32 not found
-----------------------------------------------------------------
Checking for OpenGL Win32 ANGLE Library
egl-angle not found
-----------------------------------------------------------------
Checking for OpenGL Win32 ANGLE Backend
egl-angle not found
-----------------------------------------------------------------
Checking for VDPAU acceleration
x11 not found
-----------------------------------------------------------------
Checking for VDPAU with OpenGL/X11
vdpau not found
-----------------------------------------------------------------
Checking for VAAPI acceleration
x11 not found
-----------------------------------------------------------------
Checking for VAAPI (X11 support)
vaapi not found
-----------------------------------------------------------------
Checking for VAAPI (Wayland support)
vaapi not found
-----------------------------------------------------------------
Checking for VAAPI (DRM/EGL support)
vaapi not found
-----------------------------------------------------------------
Checking for VAAPI GLX
vaapi-x11 not found
-----------------------------------------------------------------
Checking for VAAPI EGL on X11
vaapi-x11 not found
-----------------------------------------------------------------
Checking for VAAPI EGL
vaapi-x-egl not found
-----------------------------------------------------------------
Checking for CACA
['/usr/bin/pkg-config', 'caca >= 0.99.beta18', '--libs', '--cflags', 'caca']
out: -lcaca

yes
-----------------------------------------------------------------
Checking for JPEG support
==>
#include <stdio.h>
#include <jpeglib.h>

int main(int argc, char **argv) {
	(void)argc; (void)argv;
	return 0;
}

<==
[1/2] Compiling [32mbuild/.conf_check_de58604b5469385a64b5b23c02464b58/test.c[0m

['/usr/bin/cc', '-D_ISOC99_SOURCE', '-D_GNU_SOURCE', '-D_LARGEFILE_SOURCE', '-D_FILE_OFFSET_BITS=64', '-D_LARGEFILE64_SOURCE', '-std=c99', '-Wall', '-O2', '-g', '-Werror=implicit-function-declaration', '-Wno-error=deprecated-declarations', '-Wno-error=unused-function', '-Wempty-body', '-Wdisabled-optimization', '-Wstrict-prototypes', '-Wno-format-zero-length', '-Werror=format-security', '-Wno-redundant-decls', '-Wvla', '-Wall', '-Wundef', '-Wmissing-prototypes', '-Wshadow', '-Wno-switch', '-Wparentheses', '-Wpointer-arith', '-Wno-pointer-sign', '-Wno-unused-result', '-DDEFAULT_DVD_DEVICE="/dev/sr0"', '-DDEFAULT_CDROM_DEVICE="/dev/sr0"', '-DHAVE_GPL=1', '-DHAVE_LIBAF=1', '-DHAVE_CPLAYER=1', '-DHAVE_LIBMPV_SHARED=1', '-DHAVE_BUILD_DATE=1', '-DHAVE_OPTIMIZE=1', '-DHAVE_DEBUG_BUILD=1', '-DHAVE_LIBDL=1', '-DHAVE_CPLUGINS=1', '-DHAVE_ASM=1', '-DHAVE_LIBM=1', '-DHAVE_POSIX=1', '-DHAVE_POSIX_OR_MINGW=1', '-DHAVE_PTHREADS=1', '-DHAVE_GNUC=1', '-DHAVE_STDATOMIC=1', '-DHAVE_ATOMICS=1', '-DHAVE_LIBRT=1', '-DHAVE_ICONV=1', '-DHAVE_POSIX_SPAWN_NATIVE=1', '-DHAVE_POSIX_SPAWN=1', '-DHAVE_GLOB_POSIX=1', '-DHAVE_GLOB=1', '-DHAVE_FCHMOD=1', '-DHAVE_VT_H=1', '-DHAVE_GLIBC_THREAD_NAME=1', '-DHAVE_LINUX_FSTATFS=1', '-DHAVE_LIBASS=1', '-DHAVE_LIBASS_OSD=1', '-DHAVE_ZLIB=1', '-DHAVE_LIBBLURAY=1', '-DHAVE_DVDNAV=1', '-DHAVE_DVDREAD_COMMON=1', '-DHAVE_LIBARCHIVE=1', '-DHAVE_OSS_AUDIO=1', '-DHAVE_PULSE=1', '-DHAVE_DRM=1', '-DHAVE_DRMPRIME=1', '-DHAVE_CACA=1', '../test.c', '-c', '-o/data/home/depend/lmh/0523/mpv-0.29.1.1/build/.conf_check_de58604b5469385a64b5b23c02464b58/testbuild/test.c.1.o']
err: ../test.c:2:10: fatal error: jpeglib.h: æ²¡æœ‰é‚£ä¸ªæ–‡ä»¶æˆ–ç›®å½•
 #include <jpeglib.h>
          ^~~~~~~~~~~
compilation terminated.

from /data/home/depend/lmh/0523/mpv-0.29.1.1: Test does not build: Traceback (most recent call last):
  File "/data/home/depend/lmh/0523/mpv-0.29.1.1/waflib/Configure.py", line 324, in run_build
    bld.compile()
  File "/data/home/depend/lmh/0523/mpv-0.29.1.1/waflib/Build.py", line 176, in compile
    raise Errors.BuildError(self.producer.error)
BuildError: Build failed
 -> task in 'testprog' failed with exit status 1 (run with -v to display more information)

from /data/home/depend/lmh/0523/mpv-0.29.1.1: The configuration failed
no
-----------------------------------------------------------------
Checking for Direct3D support
win32-desktop not found
-----------------------------------------------------------------
Checking for libshaderc SPIR-V compiler (shared library)
==>
#include <shaderc/shaderc.h>

int main(int argc, char **argv) {
	(void)argc; (void)argv;
	return 0;
}

<==
[1/2] Compiling [32mbuild/.conf_check_a63adaa70e85c400e3ca90cdc4d53782/test.c[0m

['/usr/bin/cc', '-D_ISOC99_SOURCE', '-D_GNU_SOURCE', '-D_LARGEFILE_SOURCE', '-D_FILE_OFFSET_BITS=64', '-D_LARGEFILE64_SOURCE', '-std=c99', '-Wall', '-O2', '-g', '-Werror=implicit-function-declaration', '-Wno-error=deprecated-declarations', '-Wno-error=unused-function', '-Wempty-body', '-Wdisabled-optimization', '-Wstrict-prototypes', '-Wno-format-zero-length', '-Werror=format-security', '-Wno-redundant-decls', '-Wvla', '-Wall', '-Wundef', '-Wmissing-prototypes', '-Wshadow', '-Wno-switch', '-Wparentheses', '-Wpointer-arith', '-Wno-pointer-sign', '-Wno-unused-result', '-DDEFAULT_DVD_DEVICE="/dev/sr0"', '-DDEFAULT_CDROM_DEVICE="/dev/sr0"', '-DHAVE_GPL=1', '-DHAVE_LIBAF=1', '-DHAVE_CPLAYER=1', '-DHAVE_LIBMPV_SHARED=1', '-DHAVE_BUILD_DATE=1', '-DHAVE_OPTIMIZE=1', '-DHAVE_DEBUG_BUILD=1', '-DHAVE_LIBDL=1', '-DHAVE_CPLUGINS=1', '-DHAVE_ASM=1', '-DHAVE_LIBM=1', '-DHAVE_POSIX=1', '-DHAVE_POSIX_OR_MINGW=1', '-DHAVE_PTHREADS=1', '-DHAVE_GNUC=1', '-DHAVE_STDATOMIC=1', '-DHAVE_ATOMICS=1', '-DHAVE_LIBRT=1', '-DHAVE_ICONV=1', '-DHAVE_POSIX_SPAWN_NATIVE=1', '-DHAVE_POSIX_SPAWN=1', '-DHAVE_GLOB_POSIX=1', '-DHAVE_GLOB=1', '-DHAVE_FCHMOD=1', '-DHAVE_VT_H=1', '-DHAVE_GLIBC_THREAD_NAME=1', '-DHAVE_LINUX_FSTATFS=1', '-DHAVE_LIBASS=1', '-DHAVE_LIBASS_OSD=1', '-DHAVE_ZLIB=1', '-DHAVE_LIBBLURAY=1', '-DHAVE_DVDNAV=1', '-DHAVE_DVDREAD_COMMON=1', '-DHAVE_LIBARCHIVE=1', '-DHAVE_OSS_AUDIO=1', '-DHAVE_PULSE=1', '-DHAVE_DRM=1', '-DHAVE_DRMPRIME=1', '-DHAVE_CACA=1', '../test.c', '-c', '-o/data/home/depend/lmh/0523/mpv-0.29.1.1/build/.conf_check_a63adaa70e85c400e3ca90cdc4d53782/testbuild/test.c.1.o']
err: ../test.c:1:10: fatal error: shaderc/shaderc.h: æ²¡æœ‰é‚£ä¸ªæ–‡ä»¶æˆ–ç›®å½•
 #include <shaderc/shaderc.h>
          ^~~~~~~~~~~~~~~~~~~
compilation terminated.

from /data/home/depend/lmh/0523/mpv-0.29.1.1: Test does not build: Traceback (most recent call last):
  File "/data/home/depend/lmh/0523/mpv-0.29.1.1/waflib/Configure.py", line 324, in run_build
    bld.compile()
  File "/data/home/depend/lmh/0523/mpv-0.29.1.1/waflib/Build.py", line 176, in compile
    raise Errors.BuildError(self.producer.error)
BuildError: Build failed
 -> task in 'testprog' failed with exit status 1 (run with -v to display more information)

from /data/home/depend/lmh/0523/mpv-0.29.1.1: The configuration failed
no
-----------------------------------------------------------------
Checking for libshaderc SPIR-V compiler (static library)
==>
#include <shaderc/shaderc.h>

int main(int argc, char **argv) {
	(void)argc; (void)argv;
	return 0;
}

<==
[1/2] Compiling [32mbuild/.conf_check_47985483ec3f98f6575eb6c8945b8837/test.c[0m

['/usr/bin/cc', '-D_ISOC99_SOURCE', '-D_GNU_SOURCE', '-D_LARGEFILE_SOURCE', '-D_FILE_OFFSET_BITS=64', '-D_LARGEFILE64_SOURCE', '-std=c99', '-Wall', '-O2', '-g', '-Werror=implicit-function-declaration', '-Wno-error=deprecated-declarations', '-Wno-error=unused-function', '-Wempty-body', '-Wdisabled-optimization', '-Wstrict-prototypes', '-Wno-format-zero-length', '-Werror=format-security', '-Wno-redundant-decls', '-Wvla', '-Wall', '-Wundef', '-Wmissing-prototypes', '-Wshadow', '-Wno-switch', '-Wparentheses', '-Wpointer-arith', '-Wno-pointer-sign', '-Wno-unused-result', '-DDEFAULT_DVD_DEVICE="/dev/sr0"', '-DDEFAULT_CDROM_DEVICE="/dev/sr0"', '-DHAVE_GPL=1', '-DHAVE_LIBAF=1', '-DHAVE_CPLAYER=1', '-DHAVE_LIBMPV_SHARED=1', '-DHAVE_BUILD_DATE=1', '-DHAVE_OPTIMIZE=1', '-DHAVE_DEBUG_BUILD=1', '-DHAVE_LIBDL=1', '-DHAVE_CPLUGINS=1', '-DHAVE_ASM=1', '-DHAVE_LIBM=1', '-DHAVE_POSIX=1', '-DHAVE_POSIX_OR_MINGW=1', '-DHAVE_PTHREADS=1', '-DHAVE_GNUC=1', '-DHAVE_STDATOMIC=1', '-DHAVE_ATOMICS=1', '-DHAVE_LIBRT=1', '-DHAVE_ICONV=1', '-DHAVE_POSIX_SPAWN_NATIVE=1', '-DHAVE_POSIX_SPAWN=1', '-DHAVE_GLOB_POSIX=1', '-DHAVE_GLOB=1', '-DHAVE_FCHMOD=1', '-DHAVE_VT_H=1', '-DHAVE_GLIBC_THREAD_NAME=1', '-DHAVE_LINUX_FSTATFS=1', '-DHAVE_LIBASS=1', '-DHAVE_LIBASS_OSD=1', '-DHAVE_ZLIB=1', '-DHAVE_LIBBLURAY=1', '-DHAVE_DVDNAV=1', '-DHAVE_DVDREAD_COMMON=1', '-DHAVE_LIBARCHIVE=1', '-DHAVE_OSS_AUDIO=1', '-DHAVE_PULSE=1', '-DHAVE_DRM=1', '-DHAVE_DRMPRIME=1', '-DHAVE_CACA=1', '../test.c', '-c', '-o/data/home/depend/lmh/0523/mpv-0.29.1.1/build/.conf_check_47985483ec3f98f6575eb6c8945b8837/testbuild/test.c.1.o']
err: ../test.c:1:10: fatal error: shaderc/shaderc.h: æ²¡æœ‰é‚£ä¸ªæ–‡ä»¶æˆ–ç›®å½•
 #include <shaderc/shaderc.h>
          ^~~~~~~~~~~~~~~~~~~
compilation terminated.

from /data/home/depend/lmh/0523/mpv-0.29.1.1: Test does not build: Traceback (most recent call last):
  File "/data/home/depend/lmh/0523/mpv-0.29.1.1/waflib/Configure.py", line 324, in run_build
    bld.compile()
  File "/data/home/depend/lmh/0523/mpv-0.29.1.1/waflib/Build.py", line 176, in compile
    raise Errors.BuildError(self.producer.error)
BuildError: Build failed
 -> task in 'testprog' failed with exit status 1 (run with -v to display more information)

from /data/home/depend/lmh/0523/mpv-0.29.1.1: The configuration failed
no
-----------------------------------------------------------------
Checking for libshaderc SPIR-V compiler
shaderc-shared not found
-----------------------------------------------------------------
Checking for libcrossc SPIR-V translator
['/usr/bin/pkg-config', 'crossc', '--libs', '--cflags', 'crossc']
err: Package crossc was not found in the pkg-config search path.
Perhaps you should add the directory containing `crossc.pc'
to the PKG_CONFIG_PATH environment variable
No package 'crossc' found
Package crossc was not found in the pkg-config search path.
Perhaps you should add the directory containing `crossc.pc'
to the PKG_CONFIG_PATH environment variable
No package 'crossc' found

from /data/home/depend/lmh/0523/mpv-0.29.1.1: The configuration failed
no ('crossc' not found)
-----------------------------------------------------------------
Checking for Direct3D 11 video output
win32-desktop not found
-----------------------------------------------------------------
Checking for Raspberry Pi support
==>
#include <bcm_host.h>

int main(int argc, char **argv) {
	(void)argc; (void)argv;
	return 0;
}

<==
[1/2] Compiling [32mbuild/.conf_check_f5f5a89be038bbe146e483076d401254/test.c[0m

['/usr/bin/cc', '-D_ISOC99_SOURCE', '-D_GNU_SOURCE', '-D_LARGEFILE_SOURCE', '-D_FILE_OFFSET_BITS=64', '-D_LARGEFILE64_SOURCE', '-std=c99', '-Wall', '-O2', '-g', '-Werror=implicit-function-declaration', '-Wno-error=deprecated-declarations', '-Wno-error=unused-function', '-Wempty-body', '-Wdisabled-optimization', '-Wstrict-prototypes', '-Wno-format-zero-length', '-Werror=format-security', '-Wno-redundant-decls', '-Wvla', '-Wall', '-Wundef', '-Wmissing-prototypes', '-Wshadow', '-Wno-switch', '-Wparentheses', '-Wpointer-arith', '-Wno-pointer-sign', '-Wno-unused-result', '-isystem/opt/vc/include', '-isystem/opt/vc/include/interface/vcos/pthreads', '-isystem/opt/vc/include/interface/vmcs_host/linux', '-fgnu89-inline', '-DDEFAULT_DVD_DEVICE="/dev/sr0"', '-DDEFAULT_CDROM_DEVICE="/dev/sr0"', '-DHAVE_GPL=1', '-DHAVE_LIBAF=1', '-DHAVE_CPLAYER=1', '-DHAVE_LIBMPV_SHARED=1', '-DHAVE_BUILD_DATE=1', '-DHAVE_OPTIMIZE=1', '-DHAVE_DEBUG_BUILD=1', '-DHAVE_LIBDL=1', '-DHAVE_CPLUGINS=1', '-DHAVE_ASM=1', '-DHAVE_LIBM=1', '-DHAVE_POSIX=1', '-DHAVE_POSIX_OR_MINGW=1', '-DHAVE_PTHREADS=1', '-DHAVE_GNUC=1', '-DHAVE_STDATOMIC=1', '-DHAVE_ATOMICS=1', '-DHAVE_LIBRT=1', '-DHAVE_ICONV=1', '-DHAVE_POSIX_SPAWN_NATIVE=1', '-DHAVE_POSIX_SPAWN=1', '-DHAVE_GLOB_POSIX=1', '-DHAVE_GLOB=1', '-DHAVE_FCHMOD=1', '-DHAVE_VT_H=1', '-DHAVE_GLIBC_THREAD_NAME=1', '-DHAVE_LINUX_FSTATFS=1', '-DHAVE_LIBASS=1', '-DHAVE_LIBASS_OSD=1', '-DHAVE_ZLIB=1', '-DHAVE_LIBBLURAY=1', '-DHAVE_DVDNAV=1', '-DHAVE_DVDREAD_COMMON=1', '-DHAVE_LIBARCHIVE=1', '-DHAVE_OSS_AUDIO=1', '-DHAVE_PULSE=1', '-DHAVE_DRM=1', '-DHAVE_DRMPRIME=1', '-DHAVE_CACA=1', '../test.c', '-c', '-o/data/home/depend/lmh/0523/mpv-0.29.1.1/build/.conf_check_f5f5a89be038bbe146e483076d401254/testbuild/test.c.1.o']
err: ../test.c:1:10: fatal error: bcm_host.h: æ²¡æœ‰é‚£ä¸ªæ–‡ä»¶æˆ–ç›®å½•
 #include <bcm_host.h>
          ^~~~~~~~~~~~
compilation terminated.

from /data/home/depend/lmh/0523/mpv-0.29.1.1: Test does not build: Traceback (most recent call last):
  File "/data/home/depend/lmh/0523/mpv-0.29.1.1/waflib/Configure.py", line 324, in run_build
    bld.compile()
  File "/data/home/depend/lmh/0523/mpv-0.29.1.1/waflib/Build.py", line 176, in compile
    raise Errors.BuildError(self.producer.error)
BuildError: Build failed
 -> task in 'testprog' failed with exit status 1 (run with -v to display more information)

from /data/home/depend/lmh/0523/mpv-0.29.1.1: The configuration failed
==>

int main(int argc, char **argv) {
	(void)argc; (void)argv;
	return 0;
}

<==
[1/2] Compiling [32mbuild/.conf_check_afee2f20493a5f7045cb8c23bcce648d/test.c[0m

['/usr/bin/cc', '-D_ISOC99_SOURCE', '-D_GNU_SOURCE', '-D_LARGEFILE_SOURCE', '-D_FILE_OFFSET_BITS=64', '-D_LARGEFILE64_SOURCE', '-std=c99', '-Wall', '-O2', '-g', '-Werror=implicit-function-declaration', '-Wno-error=deprecated-declarations', '-Wno-error=unused-function', '-Wempty-body', '-Wdisabled-optimization', '-Wstrict-prototypes', '-Wno-format-zero-length', '-Werror=format-security', '-Wno-redundant-decls', '-Wvla', '-Wall', '-Wundef', '-Wmissing-prototypes', '-Wshadow', '-Wno-switch', '-Wparentheses', '-Wpointer-arith', '-Wno-pointer-sign', '-Wno-unused-result', '-DDEFAULT_DVD_DEVICE="/dev/sr0"', '-DDEFAULT_CDROM_DEVICE="/dev/sr0"', '-DHAVE_GPL=1', '-DHAVE_LIBAF=1', '-DHAVE_CPLAYER=1', '-DHAVE_LIBMPV_SHARED=1', '-DHAVE_BUILD_DATE=1', '-DHAVE_OPTIMIZE=1', '-DHAVE_DEBUG_BUILD=1', '-DHAVE_LIBDL=1', '-DHAVE_CPLUGINS=1', '-DHAVE_ASM=1', '-DHAVE_LIBM=1', '-DHAVE_POSIX=1', '-DHAVE_POSIX_OR_MINGW=1', '-DHAVE_PTHREADS=1', '-DHAVE_GNUC=1', '-DHAVE_STDATOMIC=1', '-DHAVE_ATOMICS=1', '-DHAVE_LIBRT=1', '-DHAVE_ICONV=1', '-DHAVE_POSIX_SPAWN_NATIVE=1', '-DHAVE_POSIX_SPAWN=1', '-DHAVE_GLOB_POSIX=1', '-DHAVE_GLOB=1', '-DHAVE_FCHMOD=1', '-DHAVE_VT_H=1', '-DHAVE_GLIBC_THREAD_NAME=1', '-DHAVE_LINUX_FSTATFS=1', '-DHAVE_LIBASS=1', '-DHAVE_LIBASS_OSD=1', '-DHAVE_ZLIB=1', '-DHAVE_LIBBLURAY=1', '-DHAVE_DVDNAV=1', '-DHAVE_DVDREAD_COMMON=1', '-DHAVE_LIBARCHIVE=1', '-DHAVE_OSS_AUDIO=1', '-DHAVE_PULSE=1', '-DHAVE_DRM=1', '-DHAVE_DRMPRIME=1', '-DHAVE_CACA=1', '../test.c', '-c', '-o/data/home/depend/lmh/0523/mpv-0.29.1.1/build/.conf_check_afee2f20493a5f7045cb8c23bcce648d/testbuild/test.c.1.o']
[2/2] Linking [33mbuild/.conf_check_afee2f20493a5f7045cb8c23bcce648d/testbuild/testprog[0m

['/usr/bin/cc', '-lGLESv2', 'test.c.1.o', '-o/data/home/depend/lmh/0523/mpv-0.29.1.1/build/.conf_check_afee2f20493a5f7045cb8c23bcce648d/testbuild/testprog', '-Wl,-Bstatic', '-Wl,-Bdynamic', '-lEGL']
==>

int main(int argc, char **argv) {
	(void)argc; (void)argv;
	return 0;
}

<==
[1/2] Compiling [32mbuild/.conf_check_3af6bc1b75c4cfd10db8a65fc64d96a5/test.c[0m

['/usr/bin/cc', '-D_ISOC99_SOURCE', '-D_GNU_SOURCE', '-D_LARGEFILE_SOURCE', '-D_FILE_OFFSET_BITS=64', '-D_LARGEFILE64_SOURCE', '-std=c99', '-Wall', '-O2', '-g', '-Werror=implicit-function-declaration', '-Wno-error=deprecated-declarations', '-Wno-error=unused-function', '-Wempty-body', '-Wdisabled-optimization', '-Wstrict-prototypes', '-Wno-format-zero-length', '-Werror=format-security', '-Wno-redundant-decls', '-Wvla', '-Wall', '-Wundef', '-Wmissing-prototypes', '-Wshadow', '-Wno-switch', '-Wparentheses', '-Wpointer-arith', '-Wno-pointer-sign', '-Wno-unused-result', '-DDEFAULT_DVD_DEVICE="/dev/sr0"', '-DDEFAULT_CDROM_DEVICE="/dev/sr0"', '-DHAVE_GPL=1', '-DHAVE_LIBAF=1', '-DHAVE_CPLAYER=1', '-DHAVE_LIBMPV_SHARED=1', '-DHAVE_BUILD_DATE=1', '-DHAVE_OPTIMIZE=1', '-DHAVE_DEBUG_BUILD=1', '-DHAVE_LIBDL=1', '-DHAVE_CPLUGINS=1', '-DHAVE_ASM=1', '-DHAVE_LIBM=1', '-DHAVE_POSIX=1', '-DHAVE_POSIX_OR_MINGW=1', '-DHAVE_PTHREADS=1', '-DHAVE_GNUC=1', '-DHAVE_STDATOMIC=1', '-DHAVE_ATOMICS=1', '-DHAVE_LIBRT=1', '-DHAVE_ICONV=1', '-DHAVE_POSIX_SPAWN_NATIVE=1', '-DHAVE_POSIX_SPAWN=1', '-DHAVE_GLOB_POSIX=1', '-DHAVE_GLOB=1', '-DHAVE_FCHMOD=1', '-DHAVE_VT_H=1', '-DHAVE_GLIBC_THREAD_NAME=1', '-DHAVE_LINUX_FSTATFS=1', '-DHAVE_LIBASS=1', '-DHAVE_LIBASS_OSD=1', '-DHAVE_ZLIB=1', '-DHAVE_LIBBLURAY=1', '-DHAVE_DVDNAV=1', '-DHAVE_DVDREAD_COMMON=1', '-DHAVE_LIBARCHIVE=1', '-DHAVE_OSS_AUDIO=1', '-DHAVE_PULSE=1', '-DHAVE_DRM=1', '-DHAVE_DRMPRIME=1', '-DHAVE_CACA=1', '../test.c', '-c', '-o/data/home/depend/lmh/0523/mpv-0.29.1.1/build/.conf_check_3af6bc1b75c4cfd10db8a65fc64d96a5/testbuild/test.c.1.o']
[2/2] Linking [33mbuild/.conf_check_3af6bc1b75c4cfd10db8a65fc64d96a5/testbuild/testprog[0m

['/usr/bin/cc', 'test.c.1.o', '-o/data/home/depend/lmh/0523/mpv-0.29.1.1/build/.conf_check_3af6bc1b75c4cfd10db8a65fc64d96a5/testbuild/testprog', '-Wl,-Bstatic', '-Wl,-Bdynamic', '-lGLESv2']
no
-----------------------------------------------------------------
Checking for iOS OpenGL ES hardware decoding interop support
==>
#include <OpenGLES/ES3/glext.h>
int main(int argc, char **argv)
{ (void)GL_RGB32F; return 0; }
<==
[1/2] Compiling [32mbuild/.conf_check_66003b6b852d6e567e89a0126fa5c757/test.c[0m

['/usr/bin/cc', '-D_ISOC99_SOURCE', '-D_GNU_SOURCE', '-D_LARGEFILE_SOURCE', '-D_FILE_OFFSET_BITS=64', '-D_LARGEFILE64_SOURCE', '-std=c99', '-Wall', '-O2', '-g', '-Werror=implicit-function-declaration', '-Wno-error=deprecated-declarations', '-Wno-error=unused-function', '-Wempty-body', '-Wdisabled-optimization', '-Wstrict-prototypes', '-Wno-format-zero-length', '-Werror=format-security', '-Wno-redundant-decls', '-Wvla', '-Wall', '-Wundef', '-Wmissing-prototypes', '-Wshadow', '-Wno-switch', '-Wparentheses', '-Wpointer-arith', '-Wno-pointer-sign', '-Wno-unused-result', '-DDEFAULT_DVD_DEVICE="/dev/sr0"', '-DDEFAULT_CDROM_DEVICE="/dev/sr0"', '-DHAVE_GPL=1', '-DHAVE_LIBAF=1', '-DHAVE_CPLAYER=1', '-DHAVE_LIBMPV_SHARED=1', '-DHAVE_BUILD_DATE=1', '-DHAVE_OPTIMIZE=1', '-DHAVE_DEBUG_BUILD=1', '-DHAVE_LIBDL=1', '-DHAVE_CPLUGINS=1', '-DHAVE_ASM=1', '-DHAVE_LIBM=1', '-DHAVE_POSIX=1', '-DHAVE_POSIX_OR_MINGW=1', '-DHAVE_PTHREADS=1', '-DHAVE_GNUC=1', '-DHAVE_STDATOMIC=1', '-DHAVE_ATOMICS=1', '-DHAVE_LIBRT=1', '-DHAVE_ICONV=1', '-DHAVE_POSIX_SPAWN_NATIVE=1', '-DHAVE_POSIX_SPAWN=1', '-DHAVE_GLOB_POSIX=1', '-DHAVE_GLOB=1', '-DHAVE_FCHMOD=1', '-DHAVE_VT_H=1', '-DHAVE_GLIBC_THREAD_NAME=1', '-DHAVE_LINUX_FSTATFS=1', '-DHAVE_LIBASS=1', '-DHAVE_LIBASS_OSD=1', '-DHAVE_ZLIB=1', '-DHAVE_LIBBLURAY=1', '-DHAVE_DVDNAV=1', '-DHAVE_DVDREAD_COMMON=1', '-DHAVE_LIBARCHIVE=1', '-DHAVE_OSS_AUDIO=1', '-DHAVE_PULSE=1', '-DHAVE_DRM=1', '-DHAVE_DRMPRIME=1', '-DHAVE_CACA=1', '../test.c', '-c', '-o/data/home/depend/lmh/0523/mpv-0.29.1.1/build/.conf_check_66003b6b852d6e567e89a0126fa5c757/testbuild/test.c.1.o']
err: ../test.c:1:10: fatal error: OpenGLES/ES3/glext.h: æ²¡æœ‰é‚£ä¸ªæ–‡ä»¶æˆ–ç›®å½•
 #include <OpenGLES/ES3/glext.h>
          ^~~~~~~~~~~~~~~~~~~~~~
compilation terminated.

from /data/home/depend/lmh/0523/mpv-0.29.1.1: Test does not build: Traceback (most recent call last):
  File "/data/home/depend/lmh/0523/mpv-0.29.1.1/waflib/Configure.py", line 324, in run_build
    bld.compile()
  File "/data/home/depend/lmh/0523/mpv-0.29.1.1/waflib/Build.py", line 176, in compile
    raise Errors.BuildError(self.producer.error)
BuildError: Build failed
 -> task in 'testprog' failed with exit status 1 (run with -v to display more information)

from /data/home/depend/lmh/0523/mpv-0.29.1.1: The configuration failed
no
--------------------------------------------------------------------
Checking for OpenGL without platform-specific code (e.g. for libmpv)
yes
--------------------------------------------------------------------
Checking for MALI via Linux fbdev
==>

int main(int argc, char **argv) {
	(void)argc; (void)argv;
	return 0;
}

<==
[1/2] Compiling [32mbuild/.conf_check_465c454dce5cfeb00f6bb20b0ee67422/test.c[0m

['/usr/bin/cc', '-D_ISOC99_SOURCE', '-D_GNU_SOURCE', '-D_LARGEFILE_SOURCE', '-D_FILE_OFFSET_BITS=64', '-D_LARGEFILE64_SOURCE', '-std=c99', '-Wall', '-O2', '-g', '-Werror=implicit-function-declaration', '-Wno-error=deprecated-declarations', '-Wno-error=unused-function', '-Wempty-body', '-Wdisabled-optimization', '-Wstrict-prototypes', '-Wno-format-zero-length', '-Werror=format-security', '-Wno-redundant-decls', '-Wvla', '-Wall', '-Wundef', '-Wmissing-prototypes', '-Wshadow', '-Wno-switch', '-Wparentheses', '-Wpointer-arith', '-Wno-pointer-sign', '-Wno-unused-result', '-DDEFAULT_DVD_DEVICE="/dev/sr0"', '-DDEFAULT_CDROM_DEVICE="/dev/sr0"', '-DHAVE_GPL=1', '-DHAVE_LIBAF=1', '-DHAVE_CPLAYER=1', '-DHAVE_LIBMPV_SHARED=1', '-DHAVE_BUILD_DATE=1', '-DHAVE_OPTIMIZE=1', '-DHAVE_DEBUG_BUILD=1', '-DHAVE_LIBDL=1', '-DHAVE_CPLUGINS=1', '-DHAVE_ASM=1', '-DHAVE_LIBM=1', '-DHAVE_POSIX=1', '-DHAVE_POSIX_OR_MINGW=1', '-DHAVE_PTHREADS=1', '-DHAVE_GNUC=1', '-DHAVE_STDATOMIC=1', '-DHAVE_ATOMICS=1', '-DHAVE_LIBRT=1', '-DHAVE_ICONV=1', '-DHAVE_POSIX_SPAWN_NATIVE=1', '-DHAVE_POSIX_SPAWN=1', '-DHAVE_GLOB_POSIX=1', '-DHAVE_GLOB=1', '-DHAVE_FCHMOD=1', '-DHAVE_VT_H=1', '-DHAVE_GLIBC_THREAD_NAME=1', '-DHAVE_LINUX_FSTATFS=1', '-DHAVE_LIBASS=1', '-DHAVE_LIBASS_OSD=1', '-DHAVE_ZLIB=1', '-DHAVE_LIBBLURAY=1', '-DHAVE_DVDNAV=1', '-DHAVE_DVDREAD_COMMON=1', '-DHAVE_LIBARCHIVE=1', '-DHAVE_OSS_AUDIO=1', '-DHAVE_PULSE=1', '-DHAVE_DRM=1', '-DHAVE_DRMPRIME=1', '-DHAVE_CACA=1', '-DHAVE_PLAIN_GL=1', '../test.c', '-c', '-o/data/home/depend/lmh/0523/mpv-0.29.1.1/build/.conf_check_465c454dce5cfeb00f6bb20b0ee67422/testbuild/test.c.1.o']
[2/2] Linking [33mbuild/.conf_check_465c454dce5cfeb00f6bb20b0ee67422/testbuild/testprog[0m

['/usr/bin/cc', 'test.c.1.o', '-o/data/home/depend/lmh/0523/mpv-0.29.1.1/build/.conf_check_465c454dce5cfeb00f6bb20b0ee67422/testbuild/testprog', '-Wl,-Bstatic', '-Wl,-Bdynamic', '-lEGL']
==>
#include <EGL/fbdev_window.h>
int main(int argc, char **argv)
{ struct fbdev_window test; return 0; }
<==
[1/2] Compiling [32mbuild/.conf_check_c58ddf624ed51cc25d10abdb13f0b1f6/test.c[0m

['/usr/bin/cc', '-D_ISOC99_SOURCE', '-D_GNU_SOURCE', '-D_LARGEFILE_SOURCE', '-D_FILE_OFFSET_BITS=64', '-D_LARGEFILE64_SOURCE', '-std=c99', '-Wall', '-O2', '-g', '-Werror=implicit-function-declaration', '-Wno-error=deprecated-declarations', '-Wno-error=unused-function', '-Wempty-body', '-Wdisabled-optimization', '-Wstrict-prototypes', '-Wno-format-zero-length', '-Werror=format-security', '-Wno-redundant-decls', '-Wvla', '-Wall', '-Wundef', '-Wmissing-prototypes', '-Wshadow', '-Wno-switch', '-Wparentheses', '-Wpointer-arith', '-Wno-pointer-sign', '-Wno-unused-result', '-DDEFAULT_DVD_DEVICE="/dev/sr0"', '-DDEFAULT_CDROM_DEVICE="/dev/sr0"', '-DHAVE_GPL=1', '-DHAVE_LIBAF=1', '-DHAVE_CPLAYER=1', '-DHAVE_LIBMPV_SHARED=1', '-DHAVE_BUILD_DATE=1', '-DHAVE_OPTIMIZE=1', '-DHAVE_DEBUG_BUILD=1', '-DHAVE_LIBDL=1', '-DHAVE_CPLUGINS=1', '-DHAVE_ASM=1', '-DHAVE_LIBM=1', '-DHAVE_POSIX=1', '-DHAVE_POSIX_OR_MINGW=1', '-DHAVE_PTHREADS=1', '-DHAVE_GNUC=1', '-DHAVE_STDATOMIC=1', '-DHAVE_ATOMICS=1', '-DHAVE_LIBRT=1', '-DHAVE_ICONV=1', '-DHAVE_POSIX_SPAWN_NATIVE=1', '-DHAVE_POSIX_SPAWN=1', '-DHAVE_GLOB_POSIX=1', '-DHAVE_GLOB=1', '-DHAVE_FCHMOD=1', '-DHAVE_VT_H=1', '-DHAVE_GLIBC_THREAD_NAME=1', '-DHAVE_LINUX_FSTATFS=1', '-DHAVE_LIBASS=1', '-DHAVE_LIBASS_OSD=1', '-DHAVE_ZLIB=1', '-DHAVE_LIBBLURAY=1', '-DHAVE_DVDNAV=1', '-DHAVE_DVDREAD_COMMON=1', '-DHAVE_LIBARCHIVE=1', '-DHAVE_OSS_AUDIO=1', '-DHAVE_PULSE=1', '-DHAVE_DRM=1', '-DHAVE_DRMPRIME=1', '-DHAVE_CACA=1', '-DHAVE_PLAIN_GL=1', '../test.c', '-c', '-o/data/home/depend/lmh/0523/mpv-0.29.1.1/build/.conf_check_c58ddf624ed51cc25d10abdb13f0b1f6/testbuild/test.c.1.o']
err: ../test.c:1:10: fatal error: EGL/fbdev_window.h: æ²¡æœ‰é‚£ä¸ªæ–‡ä»¶æˆ–ç›®å½•
 #include <EGL/fbdev_window.h>
          ^~~~~~~~~~~~~~~~~~~~
compilation terminated.

from /data/home/depend/lmh/0523/mpv-0.29.1.1: Test does not build: Traceback (most recent call last):
  File "/data/home/depend/lmh/0523/mpv-0.29.1.1/waflib/Configure.py", line 324, in run_build
    bld.compile()
  File "/data/home/depend/lmh/0523/mpv-0.29.1.1/waflib/Build.py", line 176, in compile
    raise Errors.BuildError(self.producer.error)
BuildError: Build failed
 -> task in 'testprog' failed with exit status 1 (run with -v to display more information)

from /data/home/depend/lmh/0523/mpv-0.29.1.1: The configuration failed
==>
#include <linux/fb.h>
int main(int argc, char **argv)
{ struct fb_var_screeninfo test; return 0; }
<==
[1/2] Compiling [32mbuild/.conf_check_1b86fe5079c155d0b71c2078b3132bea/test.c[0m

['/usr/bin/cc', '-D_ISOC99_SOURCE', '-D_GNU_SOURCE', '-D_LARGEFILE_SOURCE', '-D_FILE_OFFSET_BITS=64', '-D_LARGEFILE64_SOURCE', '-std=c99', '-Wall', '-O2', '-g', '-Werror=implicit-function-declaration', '-Wno-error=deprecated-declarations', '-Wno-error=unused-function', '-Wempty-body', '-Wdisabled-optimization', '-Wstrict-prototypes', '-Wno-format-zero-length', '-Werror=format-security', '-Wno-redundant-decls', '-Wvla', '-Wall', '-Wundef', '-Wmissing-prototypes', '-Wshadow', '-Wno-switch', '-Wparentheses', '-Wpointer-arith', '-Wno-pointer-sign', '-Wno-unused-result', '-DDEFAULT_DVD_DEVICE="/dev/sr0"', '-DDEFAULT_CDROM_DEVICE="/dev/sr0"', '-DHAVE_GPL=1', '-DHAVE_LIBAF=1', '-DHAVE_CPLAYER=1', '-DHAVE_LIBMPV_SHARED=1', '-DHAVE_BUILD_DATE=1', '-DHAVE_OPTIMIZE=1', '-DHAVE_DEBUG_BUILD=1', '-DHAVE_LIBDL=1', '-DHAVE_CPLUGINS=1', '-DHAVE_ASM=1', '-DHAVE_LIBM=1', '-DHAVE_POSIX=1', '-DHAVE_POSIX_OR_MINGW=1', '-DHAVE_PTHREADS=1', '-DHAVE_GNUC=1', '-DHAVE_STDATOMIC=1', '-DHAVE_ATOMICS=1', '-DHAVE_LIBRT=1', '-DHAVE_ICONV=1', '-DHAVE_POSIX_SPAWN_NATIVE=1', '-DHAVE_POSIX_SPAWN=1', '-DHAVE_GLOB_POSIX=1', '-DHAVE_GLOB=1', '-DHAVE_FCHMOD=1', '-DHAVE_VT_H=1', '-DHAVE_GLIBC_THREAD_NAME=1', '-DHAVE_LINUX_FSTATFS=1', '-DHAVE_LIBASS=1', '-DHAVE_LIBASS_OSD=1', '-DHAVE_ZLIB=1', '-DHAVE_LIBBLURAY=1', '-DHAVE_DVDNAV=1', '-DHAVE_DVDREAD_COMMON=1', '-DHAVE_LIBARCHIVE=1', '-DHAVE_OSS_AUDIO=1', '-DHAVE_PULSE=1', '-DHAVE_DRM=1', '-DHAVE_DRMPRIME=1', '-DHAVE_CACA=1', '-DHAVE_PLAIN_GL=1', '../test.c', '-c', '-o/data/home/depend/lmh/0523/mpv-0.29.1.1/build/.conf_check_1b86fe5079c155d0b71c2078b3132bea/testbuild/test.c.1.o']
err: ../test.c: In function â€˜mainâ€™:
../test.c:3:28: warning: unused variable â€˜testâ€™ [-Wunused-variable]
 { struct fb_var_screeninfo test; return 0; }
                            ^~~~

[2/2] Linking [33mbuild/.conf_check_1b86fe5079c155d0b71c2078b3132bea/testbuild/testprog[0m

['/usr/bin/cc', 'test.c.1.o', '-o/data/home/depend/lmh/0523/mpv-0.29.1.1/build/.conf_check_1b86fe5079c155d0b71c2078b3132bea/testbuild/testprog', '-Wl,-Bstatic', '-Wl,-Bdynamic']
no
--------------------------------------------------------------------
Checking for OpenGL context support
yes
--------------------------------------------------------------------
Checking for Vulkan context support
['/usr/bin/pkg-config', 'vulkan', '--libs', '--cflags', 'vulkan']
out: -lvulkan

yes
--------------------------------------------------------------------
Checking for EGL helper functions
egl-x11 not found
--------------------------------------------------------------------
Checking for FFmpeg/Libav present
['/usr/bin/pkg-config', 'libavcodec', '--libs', '--cflags', 'libavcodec']
out: -I/usr/include/x86_64-linux-gnu -lavcodec

yes
--------------------------------------------------------------------
Checking for libav* is FFmpeg
==>
#include <libavcodec/version.h>
int main(int argc, char **argv)
{ int x[LIBAVCODEC_VERSION_MICRO >= 100 ? 1 : -1]; return 0; }
<==
[1/2] Compiling [32mbuild/.conf_check_3c3e716a6938532587ce0020a34d0861/test.c[0m

['/usr/bin/cc', '-D_ISOC99_SOURCE', '-D_GNU_SOURCE', '-D_LARGEFILE_SOURCE', '-D_FILE_OFFSET_BITS=64', '-D_LARGEFILE64_SOURCE', '-std=c99', '-Wall', '-O2', '-g', '-Werror=implicit-function-declaration', '-Wno-error=deprecated-declarations', '-Wno-error=unused-function', '-Wempty-body', '-Wdisabled-optimization', '-Wstrict-prototypes', '-Wno-format-zero-length', '-Werror=format-security', '-Wno-redundant-decls', '-Wvla', '-Wall', '-Wundef', '-Wmissing-prototypes', '-Wshadow', '-Wno-switch', '-Wparentheses', '-Wpointer-arith', '-Wno-pointer-sign', '-Wno-unused-result', '-I/usr/include/x86_64-linux-gnu', '-DDEFAULT_DVD_DEVICE="/dev/sr0"', '-DDEFAULT_CDROM_DEVICE="/dev/sr0"', '-DHAVE_GPL=1', '-DHAVE_LIBAF=1', '-DHAVE_CPLAYER=1', '-DHAVE_LIBMPV_SHARED=1', '-DHAVE_BUILD_DATE=1', '-DHAVE_OPTIMIZE=1', '-DHAVE_DEBUG_BUILD=1', '-DHAVE_LIBDL=1', '-DHAVE_CPLUGINS=1', '-DHAVE_ASM=1', '-DHAVE_LIBM=1', '-DHAVE_POSIX=1', '-DHAVE_POSIX_OR_MINGW=1', '-DHAVE_PTHREADS=1', '-DHAVE_GNUC=1', '-DHAVE_STDATOMIC=1', '-DHAVE_ATOMICS=1', '-DHAVE_LIBRT=1', '-DHAVE_ICONV=1', '-DHAVE_POSIX_SPAWN_NATIVE=1', '-DHAVE_POSIX_SPAWN=1', '-DHAVE_GLOB_POSIX=1', '-DHAVE_GLOB=1', '-DHAVE_FCHMOD=1', '-DHAVE_VT_H=1', '-DHAVE_GLIBC_THREAD_NAME=1', '-DHAVE_LINUX_FSTATFS=1', '-DHAVE_LIBASS=1', '-DHAVE_LIBASS_OSD=1', '-DHAVE_ZLIB=1', '-DHAVE_LIBBLURAY=1', '-DHAVE_DVDNAV=1', '-DHAVE_DVDREAD_COMMON=1', '-DHAVE_LIBARCHIVE=1', '-DHAVE_OSS_AUDIO=1', '-DHAVE_PULSE=1', '-DHAVE_DRM=1', '-DHAVE_DRMPRIME=1', '-DHAVE_CACA=1', '-DHAVE_PLAIN_GL=1', '-DHAVE_GL=1', '-DHAVE_VULKAN=1', '-DHAVE_LIBAVCODEC=1', '../test.c', '-c', '-o/data/home/depend/lmh/0523/mpv-0.29.1.1/build/.conf_check_3c3e716a6938532587ce0020a34d0861/testbuild/test.c.1.o']
err: ../test.c: In function â€˜mainâ€™:
../test.c:3:7: warning: unused variable â€˜xâ€™ [-Wunused-variable]
 { int x[LIBAVCODEC_VERSION_MICRO >= 100 ? 1 : -1]; return 0; }
       ^

[2/2] Linking [33mbuild/.conf_check_3c3e716a6938532587ce0020a34d0861/testbuild/testprog[0m

['/usr/bin/cc', 'test.c.1.o', '-o/data/home/depend/lmh/0523/mpv-0.29.1.1/build/.conf_check_3c3e716a6938532587ce0020a34d0861/testbuild/testprog', '-Wl,-Bstatic', '-Wl,-Bdynamic', '-lavcodec']
yes
--------------------------------------------------------------------
Checking for libav* is Libav
==>
#include <libavcodec/version.h>
int main(int argc, char **argv)
{ int x[LIBAVCODEC_VERSION_MICRO >= 100 ? -1 : 1]; return 0; }
<==
[1/2] Compiling [32mbuild/.conf_check_c4421e1eacde807512e0d59f8e2af0f6/test.c[0m

['/usr/bin/cc', '-D_ISOC99_SOURCE', '-D_GNU_SOURCE', '-D_LARGEFILE_SOURCE', '-D_FILE_OFFSET_BITS=64', '-D_LARGEFILE64_SOURCE', '-std=c99', '-Wall', '-O2', '-g', '-Werror=implicit-function-declaration', '-Wno-error=deprecated-declarations', '-Wno-error=unused-function', '-Wempty-body', '-Wdisabled-optimization', '-Wstrict-prototypes', '-Wno-format-zero-length', '-Werror=format-security', '-Wno-redundant-decls', '-Wvla', '-Wall', '-Wundef', '-Wmissing-prototypes', '-Wshadow', '-Wno-switch', '-Wparentheses', '-Wpointer-arith', '-Wno-pointer-sign', '-Wno-unused-result', '-I/usr/include/x86_64-linux-gnu', '-DDEFAULT_DVD_DEVICE="/dev/sr0"', '-DDEFAULT_CDROM_DEVICE="/dev/sr0"', '-DHAVE_GPL=1', '-DHAVE_LIBAF=1', '-DHAVE_CPLAYER=1', '-DHAVE_LIBMPV_SHARED=1', '-DHAVE_BUILD_DATE=1', '-DHAVE_OPTIMIZE=1', '-DHAVE_DEBUG_BUILD=1', '-DHAVE_LIBDL=1', '-DHAVE_CPLUGINS=1', '-DHAVE_ASM=1', '-DHAVE_LIBM=1', '-DHAVE_POSIX=1', '-DHAVE_POSIX_OR_MINGW=1', '-DHAVE_PTHREADS=1', '-DHAVE_GNUC=1', '-DHAVE_STDATOMIC=1', '-DHAVE_ATOMICS=1', '-DHAVE_LIBRT=1', '-DHAVE_ICONV=1', '-DHAVE_POSIX_SPAWN_NATIVE=1', '-DHAVE_POSIX_SPAWN=1', '-DHAVE_GLOB_POSIX=1', '-DHAVE_GLOB=1', '-DHAVE_FCHMOD=1', '-DHAVE_VT_H=1', '-DHAVE_GLIBC_THREAD_NAME=1', '-DHAVE_LINUX_FSTATFS=1', '-DHAVE_LIBASS=1', '-DHAVE_LIBASS_OSD=1', '-DHAVE_ZLIB=1', '-DHAVE_LIBBLURAY=1', '-DHAVE_DVDNAV=1', '-DHAVE_DVDREAD_COMMON=1', '-DHAVE_LIBARCHIVE=1', '-DHAVE_OSS_AUDIO=1', '-DHAVE_PULSE=1', '-DHAVE_DRM=1', '-DHAVE_DRMPRIME=1', '-DHAVE_CACA=1', '-DHAVE_PLAIN_GL=1', '-DHAVE_GL=1', '-DHAVE_VULKAN=1', '-DHAVE_LIBAVCODEC=1', '-DHAVE_FFMPEG=1', '../test.c', '-c', '-o/data/home/depend/lmh/0523/mpv-0.29.1.1/build/.conf_check_c4421e1eacde807512e0d59f8e2af0f6/testbuild/test.c.1.o']
err: ../test.c: In function â€˜mainâ€™:
../test.c:3:7: error: size of array â€˜xâ€™ is negative
 { int x[LIBAVCODEC_VERSION_MICRO >= 100 ? -1 : 1]; return 0; }
       ^
../test.c:3:7: warning: unused variable â€˜xâ€™ [-Wunused-variable]

from /data/home/depend/lmh/0523/mpv-0.29.1.1: Test does not build: Traceback (most recent call last):
  File "/data/home/depend/lmh/0523/mpv-0.29.1.1/waflib/Configure.py", line 324, in run_build
    bld.compile()
  File "/data/home/depend/lmh/0523/mpv-0.29.1.1/waflib/Build.py", line 176, in compile
    raise Errors.BuildError(self.producer.error)
BuildError: Build failed
 -> task in 'testprog' failed with exit status 1 (run with -v to display more information)

from /data/home/depend/lmh/0523/mpv-0.29.1.1: The configuration failed
no
--------------------------------------------------------------------
Checking for Libav/FFmpeg library versions
['/usr/bin/pkg-config', 'libavutil >= 56.12.100', 'libavcodec >= 58.16.100', 'libavformat >= 58.9.100', 'libswscale >= 5.0.101', 'libavfilter >= 7.14.100', 'libswresample >= 3.0.100', '--libs', '--cflags', 'libavutil', 'libavcodec', 'libavformat', 'libswscale', 'libavfilter', 'libswresample']
out: -I/usr/include/x86_64-linux-gnu -lavutil -lavcodec -lavformat -lswscale -lavfilter -lswresample

yes
--------------------------------------------------------------------
Checking for libavdevice
['/usr/bin/pkg-config', 'libavdevice >= 57.0.0', '--libs', '--cflags', 'libavdevice']
out: -I/usr/include/x86_64-linux-gnu -lavdevice

yes
--------------------------------------------------------------------
Checking for libavcodec videotoolbox hwaccel
gl-cocoa not found
--------------------------------------------------------------------
Checking for Videotoolbox with OpenGL
gl-cocoa not found
--------------------------------------------------------------------
Checking for D3D11VA hwaccel
os-win32 not found
--------------------------------------------------------------------
Checking for DXVA2 hwaccel
d3d-hwaccel not found
--------------------------------------------------------------------
Checking for OpenGL/DirectX Interop Backend DXVA2 interop
gl-dxinterop not found
--------------------------------------------------------------------
Checking for CUDA Headers and dynamic loader
['/usr/bin/pkg-config', 'ffnvcodec >= 8.1.24.1', '--libs', '--cflags', 'ffnvcodec', '>=', '8.1.24.1']
err: Package ffnvcodec was not found in the pkg-config search path.
Perhaps you should add the directory containing `ffnvcodec.pc'
to the PKG_CONFIG_PATH environment variable
No package 'ffnvcodec' found
Package ffnvcodec was not found in the pkg-config search path.
Perhaps you should add the directory containing `ffnvcodec.pc'
to the PKG_CONFIG_PATH environment variable
No package 'ffnvcodec' found

from /data/home/depend/lmh/0523/mpv-0.29.1.1: The configuration failed
no ('ffnvcodec >= 8.1.24.1' not found)
--------------------------------------------------------------------
Checking for CUDA hwaccel
ffnvcodec not found
--------------------------------------------------------------------
Checking for TV interface
disabled
--------------------------------------------------------------------
Checking for videoio.h
tv not found
--------------------------------------------------------------------
Checking for videodev2.h
tv not found
--------------------------------------------------------------------
Checking for Video4Linux2 TV interface
tv not found
--------------------------------------------------------------------
Checking for libv4l2 support
tv-v4l2 not found
--------------------------------------------------------------------
Checking for audio input support
tv-v4l2 not found
--------------------------------------------------------------------
Checking for DVB input module
disabled
--------------------------------------------------------------------
Checking for w32 executable
os-win32 not found
--------------------------------------------------------------------
Checking for Apple Remote support
cocoa not found
--------------------------------------------------------------------
Checking for macOS Touch Bar support
cocoa not found
--------------------------------------------------------------------
Checking for macOS opengl-cb backend
cocoa not found
--------------------------------------------------------------------
Writing configuration header:
config.h
